Device cuda
Loading csv... done, took 6.3s
Parsing... done, took 5.1s
Entropy of DMV([Column(Record Type, distribution_size=8), Column(Registration Class, distribution_size=72), Column(State, distribution_size=79), Column(County, distribution_size=64), Column(Body Type, distribution_size=59), Column(Fuel Type, distribution_size=10), Column(Reg Valid Date, distribution_size=2884), Column(Color, distribution_size=222), Column(Scofflaw Indicator, distribution_size=3), Column(Suspension Indicator, distribution_size=3), Column(Revocation Indicator, distribution_size=3)]): 19.3808 bits
<class 'pandas.core.frame.DataFrame'>
RangeIndex: 7389597 entries, 0 to 7389596
Data columns (total 11 columns):
 #   Column                Dtype         
---  ------                -----         
 0   Record Type           object        
 1   Registration Class    object        
 2   State                 object        
 3   County                object        
 4   Body Type             object        
 5   Fuel Type             object        
 6   Reg Valid Date        datetime64[ns]
 7   Color                 object        
 8   Scofflaw Indicator    object        
 9   Suspension Indicator  object        
 10  Revocation Indicator  object        
dtypes: datetime64[ns](1), object(10)
memory usage: 620.2+ MB
None
ordering [ 0  1  2  3  4  5  6  7  8  9 10]
Number of model parameters: 2589332 (~= 9.9MB)
FLASHTransformer(
  (layers): Sequential(
    (0): FLASH(
      (attn_fn): ReLUSquared()
      (rotary_pos_emb): RotaryEmbedding()
      (rel_pos_bias): T5RelativePositionBias(
        (relative_attention_bias): Embedding(32, 1)
      )
      (norm): ScaleNorm()
      (dropout): Dropout(p=0.0, inplace=False)
      (to_hidden): Sequential(
        (0): Linear(in_features=256, out_features=1024, bias=True)
        (1): SiLU()
      )
      (to_qk): Sequential(
        (0): Linear(in_features=256, out_features=128, bias=True)
        (1): SiLU()
      )
      (qk_offset_scale): OffsetScale()
      (to_out): Linear(in_features=512, out_features=256, bias=True)
    )
    (1): FLASH(
      (attn_fn): ReLUSquared()
      (rotary_pos_emb): RotaryEmbedding()
      (rel_pos_bias): T5RelativePositionBias(
        (relative_attention_bias): Embedding(32, 1)
      )
      (norm): ScaleNorm()
      (dropout): Dropout(p=0.0, inplace=False)
      (to_hidden): Sequential(
        (0): Linear(in_features=256, out_features=1024, bias=True)
        (1): SiLU()
      )
      (to_qk): Sequential(
        (0): Linear(in_features=256, out_features=128, bias=True)
        (1): SiLU()
      )
      (qk_offset_scale): OffsetScale()
      (to_out): Linear(in_features=512, out_features=256, bias=True)
    )
    (2): FLASH(
      (attn_fn): ReLUSquared()
      (rotary_pos_emb): RotaryEmbedding()
      (rel_pos_bias): T5RelativePositionBias(
        (relative_attention_bias): Embedding(32, 1)
      )
      (norm): ScaleNorm()
      (dropout): Dropout(p=0.0, inplace=False)
      (to_hidden): Sequential(
        (0): Linear(in_features=256, out_features=1024, bias=True)
        (1): SiLU()
      )
      (to_qk): Sequential(
        (0): Linear(in_features=256, out_features=128, bias=True)
        (1): SiLU()
      )
      (qk_offset_scale): OffsetScale()
      (to_out): Linear(in_features=512, out_features=256, bias=True)
    )
    (3): FLASH(
      (attn_fn): ReLUSquared()
      (rotary_pos_emb): RotaryEmbedding()
      (rel_pos_bias): T5RelativePositionBias(
        (relative_attention_bias): Embedding(32, 1)
      )
      (norm): ScaleNorm()
      (dropout): Dropout(p=0.0, inplace=False)
      (to_hidden): Sequential(
        (0): Linear(in_features=256, out_features=1024, bias=True)
        (1): SiLU()
      )
      (to_qk): Sequential(
        (0): Linear(in_features=256, out_features=128, bias=True)
        (1): SiLU()
      )
      (qk_offset_scale): OffsetScale()
      (to_out): Linear(in_features=512, out_features=256, bias=True)
    )
  )
  (to_logits): LayerNorm((256,), eps=1e-05, elementwise_affine=True)
  (embeddings): ModuleList(
    (0): Embedding(8, 256)
    (1): Embedding(72, 256)
    (2): Embedding(79, 256)
    (3): Embedding(64, 256)
    (4): Embedding(59, 256)
    (5): Embedding(10, 256)
    (6): Embedding(2884, 256)
    (7): Embedding(222, 256)
    (8): Embedding(3, 256)
    (9): Embedding(3, 256)
    (10): Embedding(3, 256)
  )
  (pos_embeddings): Embedding(11, 256)
)
Discretizing table... done, took 4.8s
Epoch 0 Iter 0, train entropy gap 35.9301 bits (loss 55.311, data 19.381) 
Epoch 0 Iter 200, train entropy gap 25.0573 bits (loss 44.438, data 19.381) 
Epoch 0 Iter 400, train entropy gap 9.6801 bits (loss 29.061, data 19.381) 
Epoch 0 Iter 600, train entropy gap 4.7402 bits (loss 24.121, data 19.381) 
Epoch 0 Iter 800, train entropy gap 2.2660 bits (loss 21.647, data 19.381) 
Epoch 0 Iter 1000, train entropy gap 1.6862 bits (loss 21.067, data 19.381) 
Epoch 0 Iter 1200, train entropy gap 1.2083 bits (loss 20.589, data 19.381) 
Epoch 0 Iter 1400, train entropy gap 1.1891 bits (loss 20.570, data 19.381) 
Epoch 0 Iter 1600, train entropy gap 1.1844 bits (loss 20.565, data 19.381) 
Epoch 0 Iter 1800, train entropy gap 1.0383 bits (loss 20.419, data 19.381) 
Epoch 0 Iter 2000, train entropy gap 1.0311 bits (loss 20.412, data 19.381) 
Epoch 0 Iter 2200, train entropy gap 1.1008 bits (loss 20.482, data 19.381) 
Epoch 0 Iter 2400, train entropy gap 1.2200 bits (loss 20.601, data 19.381) 
Epoch 0 Iter 2600, train entropy gap 1.0223 bits (loss 20.403, data 19.381) 
Epoch 0 Iter 2800, train entropy gap 1.0823 bits (loss 20.463, data 19.381) 
Epoch 0 Iter 3000, train entropy gap 1.2373 bits (loss 20.618, data 19.381) 
Epoch 0 Iter 3200, train entropy gap 0.8749 bits (loss 20.256, data 19.381) 
Epoch 0 Iter 3400, train entropy gap 0.9520 bits (loss 20.333, data 19.381) 
Epoch 0 Iter 3600, train entropy gap 1.0640 bits (loss 20.445, data 19.381) 
Epoch 0 Iter 3800, train entropy gap 1.0480 bits (loss 20.429, data 19.381) 
Epoch 0 Iter 4000, train entropy gap 1.0882 bits (loss 20.469, data 19.381) 
Epoch 0 Iter 4200, train entropy gap 0.8738 bits (loss 20.255, data 19.381) 
Epoch 0 Iter 4400, train entropy gap 0.9476 bits (loss 20.328, data 19.381) 
Epoch 0 Iter 4600, train entropy gap 0.8400 bits (loss 20.221, data 19.381) 
Epoch 0 Iter 4800, train entropy gap 0.7194 bits (loss 20.100, data 19.381) 
Epoch 0 Iter 5000, train entropy gap 0.8831 bits (loss 20.264, data 19.381) 
Epoch 0 Iter 5200, train entropy gap 1.1023 bits (loss 20.483, data 19.381) 
Epoch 0 Iter 5400, train entropy gap 0.8863 bits (loss 20.267, data 19.381) 
Epoch 0 Iter 5600, train entropy gap 1.1323 bits (loss 20.513, data 19.381) 
Epoch 0 Iter 5800, train entropy gap 1.0139 bits (loss 20.395, data 19.381) 
Epoch 0 Iter 6000, train entropy gap 0.9721 bits (loss 20.353, data 19.381) 
Epoch 0 Iter 6200, train entropy gap 1.0292 bits (loss 20.410, data 19.381) 
Epoch 0 Iter 6400, train entropy gap 0.9152 bits (loss 20.296, data 19.381) 
Epoch 0 Iter 6600, train entropy gap 1.0528 bits (loss 20.434, data 19.381) 
Epoch 0 Iter 6800, train entropy gap 0.8857 bits (loss 20.267, data 19.381) 
Epoch 0 Iter 7000, train entropy gap 0.8935 bits (loss 20.274, data 19.381) 
Epoch 0 Iter 7200, train entropy gap 0.9356 bits (loss 20.316, data 19.381) 
epoch 0 train loss 15.1830 nats / 21.9045 bits
time since start: 735.8 secs
Epoch 1 Iter 0, train entropy gap 0.8395 bits (loss 20.220, data 19.381) 
Epoch 1 Iter 200, train entropy gap 0.8595 bits (loss 20.240, data 19.381) 
Epoch 1 Iter 400, train entropy gap 0.9476 bits (loss 20.328, data 19.381) 
Epoch 1 Iter 600, train entropy gap 0.7418 bits (loss 20.123, data 19.381) 
Epoch 1 Iter 800, train entropy gap 0.8706 bits (loss 20.251, data 19.381) 
Epoch 1 Iter 1000, train entropy gap 0.8765 bits (loss 20.257, data 19.381) 
Epoch 1 Iter 1200, train entropy gap 0.8553 bits (loss 20.236, data 19.381) 
Epoch 1 Iter 1400, train entropy gap 0.8014 bits (loss 20.182, data 19.381) 
Epoch 1 Iter 1600, train entropy gap 0.8390 bits (loss 20.220, data 19.381) 
Epoch 1 Iter 1800, train entropy gap 0.6945 bits (loss 20.075, data 19.381) 
Epoch 1 Iter 2000, train entropy gap 1.0286 bits (loss 20.409, data 19.381) 
Epoch 1 Iter 2200, train entropy gap 0.6939 bits (loss 20.075, data 19.381) 
Epoch 1 Iter 2400, train entropy gap 0.7984 bits (loss 20.179, data 19.381) 
Epoch 1 Iter 2600, train entropy gap 0.8254 bits (loss 20.206, data 19.381) 
Epoch 1 Iter 2800, train entropy gap 0.9913 bits (loss 20.372, data 19.381) 
Epoch 1 Iter 3000, train entropy gap 0.8272 bits (loss 20.208, data 19.381) 
Epoch 1 Iter 3200, train entropy gap 0.7102 bits (loss 20.091, data 19.381) 
Epoch 1 Iter 3400, train entropy gap 0.9407 bits (loss 20.321, data 19.381) 
Epoch 1 Iter 3600, train entropy gap 0.8748 bits (loss 20.256, data 19.381) 
Epoch 1 Iter 3800, train entropy gap 1.0397 bits (loss 20.421, data 19.381) 
Epoch 1 Iter 4000, train entropy gap 0.9511 bits (loss 20.332, data 19.381) 
Epoch 1 Iter 4200, train entropy gap 0.9437 bits (loss 20.325, data 19.381) 
Epoch 1 Iter 4400, train entropy gap 0.8354 bits (loss 20.216, data 19.381) 
Epoch 1 Iter 4600, train entropy gap 0.6313 bits (loss 20.012, data 19.381) 
Epoch 1 Iter 4800, train entropy gap 1.0186 bits (loss 20.399, data 19.381) 
Epoch 1 Iter 5000, train entropy gap 0.9112 bits (loss 20.292, data 19.381) 
Epoch 1 Iter 5200, train entropy gap 0.8709 bits (loss 20.252, data 19.381) 
Epoch 1 Iter 5400, train entropy gap 0.9384 bits (loss 20.319, data 19.381) 
Epoch 1 Iter 5600, train entropy gap 0.7496 bits (loss 20.130, data 19.381) 
Epoch 1 Iter 5800, train entropy gap 0.8027 bits (loss 20.184, data 19.381) 
Epoch 1 Iter 6000, train entropy gap 0.6917 bits (loss 20.073, data 19.381) 
Epoch 1 Iter 6200, train entropy gap 0.7238 bits (loss 20.105, data 19.381) 
Epoch 1 Iter 6400, train entropy gap 0.9643 bits (loss 20.345, data 19.381) 
Epoch 1 Iter 6600, train entropy gap 0.7088 bits (loss 20.090, data 19.381) 
Epoch 1 Iter 6800, train entropy gap 0.9188 bits (loss 20.300, data 19.381) 
Epoch 1 Iter 7000, train entropy gap 1.0690 bits (loss 20.450, data 19.381) 
Epoch 1 Iter 7200, train entropy gap 0.8155 bits (loss 20.196, data 19.381) 
epoch 1 train loss 14.0359 nats / 20.2495 bits
time since start: 1471.0 secs
Epoch 2 Iter 0, train entropy gap 1.0373 bits (loss 20.418, data 19.381) 
Epoch 2 Iter 200, train entropy gap 0.7303 bits (loss 20.111, data 19.381) 
Epoch 2 Iter 400, train entropy gap 0.8328 bits (loss 20.214, data 19.381) 
Epoch 2 Iter 600, train entropy gap 0.7468 bits (loss 20.128, data 19.381) 
Epoch 2 Iter 800, train entropy gap 0.9055 bits (loss 20.286, data 19.381) 
Epoch 2 Iter 1000, train entropy gap 0.9761 bits (loss 20.357, data 19.381) 
Epoch 2 Iter 1200, train entropy gap 0.7157 bits (loss 20.096, data 19.381) 
Epoch 2 Iter 1400, train entropy gap 0.6321 bits (loss 20.013, data 19.381) 
Epoch 2 Iter 1600, train entropy gap 0.9180 bits (loss 20.299, data 19.381) 
Epoch 2 Iter 1800, train entropy gap 0.8542 bits (loss 20.235, data 19.381) 
Epoch 2 Iter 2000, train entropy gap 0.6066 bits (loss 19.987, data 19.381) 
Epoch 2 Iter 2200, train entropy gap 0.9536 bits (loss 20.334, data 19.381) 
Epoch 2 Iter 2400, train entropy gap 0.5909 bits (loss 19.972, data 19.381) 
Epoch 2 Iter 2600, train entropy gap 0.6835 bits (loss 20.064, data 19.381) 
Epoch 2 Iter 2800, train entropy gap 0.7592 bits (loss 20.140, data 19.381) 
Epoch 2 Iter 3000, train entropy gap 0.9836 bits (loss 20.364, data 19.381) 
Epoch 2 Iter 3200, train entropy gap 0.6961 bits (loss 20.077, data 19.381) 
Epoch 2 Iter 3400, train entropy gap 1.0057 bits (loss 20.387, data 19.381) 
Epoch 2 Iter 3600, train entropy gap 0.8698 bits (loss 20.251, data 19.381) 
Epoch 2 Iter 3800, train entropy gap 0.8820 bits (loss 20.263, data 19.381) 
Epoch 2 Iter 4000, train entropy gap 0.8068 bits (loss 20.188, data 19.381) 
Epoch 2 Iter 4200, train entropy gap 0.8512 bits (loss 20.232, data 19.381) 
Epoch 2 Iter 4400, train entropy gap 0.7867 bits (loss 20.167, data 19.381) 
Epoch 2 Iter 4600, train entropy gap 0.8710 bits (loss 20.252, data 19.381) 
Epoch 2 Iter 4800, train entropy gap 0.7702 bits (loss 20.151, data 19.381) 
Epoch 2 Iter 5000, train entropy gap 0.9003 bits (loss 20.281, data 19.381) 
Epoch 2 Iter 5200, train entropy gap 0.8061 bits (loss 20.187, data 19.381) 
Epoch 2 Iter 5400, train entropy gap 0.7690 bits (loss 20.150, data 19.381) 
Epoch 2 Iter 5600, train entropy gap 0.7550 bits (loss 20.136, data 19.381) 
Epoch 2 Iter 5800, train entropy gap 0.8007 bits (loss 20.181, data 19.381) 
Epoch 2 Iter 6000, train entropy gap 0.9957 bits (loss 20.376, data 19.381) 
Epoch 2 Iter 6200, train entropy gap 0.6632 bits (loss 20.044, data 19.381) 
Epoch 2 Iter 6400, train entropy gap 0.8546 bits (loss 20.235, data 19.381) 
Epoch 2 Iter 6600, train entropy gap 0.9343 bits (loss 20.315, data 19.381) 
Epoch 2 Iter 6800, train entropy gap 0.7917 bits (loss 20.172, data 19.381) 
Epoch 2 Iter 7000, train entropy gap 0.7070 bits (loss 20.088, data 19.381) 
Epoch 2 Iter 7200, train entropy gap 1.0154 bits (loss 20.396, data 19.381) 
epoch 2 train loss 14.0173 nats / 20.2226 bits
time since start: 2206.1 secs
Epoch 3 Iter 0, train entropy gap 0.9658 bits (loss 20.347, data 19.381) 
Epoch 3 Iter 200, train entropy gap 0.8764 bits (loss 20.257, data 19.381) 
Epoch 3 Iter 400, train entropy gap 0.9664 bits (loss 20.347, data 19.381) 
Epoch 3 Iter 600, train entropy gap 0.6819 bits (loss 20.063, data 19.381) 
Epoch 3 Iter 800, train entropy gap 0.8179 bits (loss 20.199, data 19.381) 
Epoch 3 Iter 1000, train entropy gap 0.8026 bits (loss 20.183, data 19.381) 
Epoch 3 Iter 1200, train entropy gap 0.9359 bits (loss 20.317, data 19.381) 
Epoch 3 Iter 1400, train entropy gap 0.8320 bits (loss 20.213, data 19.381) 
Epoch 3 Iter 1600, train entropy gap 0.9259 bits (loss 20.307, data 19.381) 
Epoch 3 Iter 1800, train entropy gap 0.6895 bits (loss 20.070, data 19.381) 
Epoch 3 Iter 2000, train entropy gap 0.6472 bits (loss 20.028, data 19.381) 
Epoch 3 Iter 2200, train entropy gap 0.8874 bits (loss 20.268, data 19.381) 
Epoch 3 Iter 2400, train entropy gap 1.0274 bits (loss 20.408, data 19.381) 
Epoch 3 Iter 2600, train entropy gap 0.6849 bits (loss 20.066, data 19.381) 
Epoch 3 Iter 2800, train entropy gap 1.0010 bits (loss 20.382, data 19.381) 
Epoch 3 Iter 3000, train entropy gap 0.8322 bits (loss 20.213, data 19.381) 
Epoch 3 Iter 3200, train entropy gap 0.8069 bits (loss 20.188, data 19.381) 
Epoch 3 Iter 3400, train entropy gap 0.7216 bits (loss 20.102, data 19.381) 
Epoch 3 Iter 3600, train entropy gap 0.9316 bits (loss 20.312, data 19.381) 
Epoch 3 Iter 3800, train entropy gap 0.8902 bits (loss 20.271, data 19.381) 
Epoch 3 Iter 4000, train entropy gap 0.7752 bits (loss 20.156, data 19.381) 
Epoch 3 Iter 4200, train entropy gap 0.5694 bits (loss 19.950, data 19.381) 
Epoch 3 Iter 4400, train entropy gap 0.9990 bits (loss 20.380, data 19.381) 
Epoch 3 Iter 4600, train entropy gap 0.8203 bits (loss 20.201, data 19.381) 
Epoch 3 Iter 4800, train entropy gap 0.7740 bits (loss 20.155, data 19.381) 
Epoch 3 Iter 5000, train entropy gap 0.9018 bits (loss 20.283, data 19.381) 
Epoch 3 Iter 5200, train entropy gap 0.6865 bits (loss 20.067, data 19.381) 
Epoch 3 Iter 5400, train entropy gap 0.7473 bits (loss 20.128, data 19.381) 
Epoch 3 Iter 5600, train entropy gap 0.8453 bits (loss 20.226, data 19.381) 
Epoch 3 Iter 5800, train entropy gap 0.8042 bits (loss 20.185, data 19.381) 
Epoch 3 Iter 6000, train entropy gap 0.8190 bits (loss 20.200, data 19.381) 
Epoch 3 Iter 6200, train entropy gap 0.8713 bits (loss 20.252, data 19.381) 
Epoch 3 Iter 6400, train entropy gap 0.9859 bits (loss 20.367, data 19.381) 
Epoch 3 Iter 6600, train entropy gap 0.8678 bits (loss 20.249, data 19.381) 
Epoch 3 Iter 6800, train entropy gap 0.7470 bits (loss 20.128, data 19.381) 
Epoch 3 Iter 7000, train entropy gap 1.0565 bits (loss 20.437, data 19.381) 
Epoch 3 Iter 7200, train entropy gap 0.9321 bits (loss 20.313, data 19.381) 
epoch 3 train loss 14.0063 nats / 20.2068 bits
time since start: 2941.2 secs
Epoch 4 Iter 0, train entropy gap 0.7790 bits (loss 20.160, data 19.381) 
Epoch 4 Iter 200, train entropy gap 0.7641 bits (loss 20.145, data 19.381) 
Epoch 4 Iter 400, train entropy gap 0.7988 bits (loss 20.180, data 19.381) 
Epoch 4 Iter 600, train entropy gap 0.9487 bits (loss 20.330, data 19.381) 
Epoch 4 Iter 800, train entropy gap 0.8763 bits (loss 20.257, data 19.381) 
Epoch 4 Iter 1000, train entropy gap 0.9509 bits (loss 20.332, data 19.381) 
Epoch 4 Iter 1200, train entropy gap 0.9904 bits (loss 20.371, data 19.381) 
Epoch 4 Iter 1400, train entropy gap 0.8317 bits (loss 20.213, data 19.381) 
Epoch 4 Iter 1600, train entropy gap 0.7234 bits (loss 20.104, data 19.381) 
Epoch 4 Iter 1800, train entropy gap 0.5525 bits (loss 19.933, data 19.381) 
Epoch 4 Iter 2000, train entropy gap 0.6162 bits (loss 19.997, data 19.381) 
Epoch 4 Iter 2200, train entropy gap 0.9214 bits (loss 20.302, data 19.381) 
Epoch 4 Iter 2400, train entropy gap 0.8962 bits (loss 20.277, data 19.381) 
Epoch 4 Iter 2600, train entropy gap 0.7584 bits (loss 20.139, data 19.381) 
Epoch 4 Iter 2800, train entropy gap 0.9949 bits (loss 20.376, data 19.381) 
Epoch 4 Iter 3000, train entropy gap 0.5986 bits (loss 19.979, data 19.381) 
Epoch 4 Iter 3200, train entropy gap 0.7411 bits (loss 20.122, data 19.381) 
Epoch 4 Iter 3400, train entropy gap 0.9331 bits (loss 20.314, data 19.381) 
Epoch 4 Iter 3600, train entropy gap 0.9332 bits (loss 20.314, data 19.381) 
Epoch 4 Iter 3800, train entropy gap 0.8068 bits (loss 20.188, data 19.381) 
Epoch 4 Iter 4000, train entropy gap 0.7930 bits (loss 20.174, data 19.381) 
Epoch 4 Iter 4200, train entropy gap 0.8488 bits (loss 20.230, data 19.381) 
Epoch 4 Iter 4400, train entropy gap 0.8588 bits (loss 20.240, data 19.381) 
Epoch 4 Iter 4600, train entropy gap 0.8452 bits (loss 20.226, data 19.381) 
Epoch 4 Iter 4800, train entropy gap 0.9038 bits (loss 20.285, data 19.381) 
Epoch 4 Iter 5000, train entropy gap 0.8391 bits (loss 20.220, data 19.381) 
Epoch 4 Iter 5200, train entropy gap 0.9254 bits (loss 20.306, data 19.381) 
Epoch 4 Iter 5400, train entropy gap 1.1124 bits (loss 20.493, data 19.381) 
Epoch 4 Iter 5600, train entropy gap 0.8554 bits (loss 20.236, data 19.381) 
Epoch 4 Iter 5800, train entropy gap 1.0105 bits (loss 20.391, data 19.381) 
Epoch 4 Iter 6000, train entropy gap 0.7519 bits (loss 20.133, data 19.381) 
Epoch 4 Iter 6200, train entropy gap 0.7978 bits (loss 20.179, data 19.381) 
Epoch 4 Iter 6400, train entropy gap 0.8264 bits (loss 20.207, data 19.381) 
Epoch 4 Iter 6600, train entropy gap 0.7943 bits (loss 20.175, data 19.381) 
Epoch 4 Iter 6800, train entropy gap 0.7498 bits (loss 20.131, data 19.381) 
Epoch 4 Iter 7000, train entropy gap 0.6861 bits (loss 20.067, data 19.381) 
Epoch 4 Iter 7200, train entropy gap 0.6962 bits (loss 20.077, data 19.381) 
epoch 4 train loss 13.9977 nats / 20.1944 bits
time since start: 3676.1 secs
Epoch 5 Iter 0, train entropy gap 0.8279 bits (loss 20.209, data 19.381) 
Epoch 5 Iter 200, train entropy gap 0.8236 bits (loss 20.204, data 19.381) 
Epoch 5 Iter 400, train entropy gap 0.7468 bits (loss 20.128, data 19.381) 
Epoch 5 Iter 600, train entropy gap 0.8278 bits (loss 20.209, data 19.381) 
Epoch 5 Iter 800, train entropy gap 0.8769 bits (loss 20.258, data 19.381) 
Epoch 5 Iter 1000, train entropy gap 0.7785 bits (loss 20.159, data 19.381) 
Epoch 5 Iter 1200, train entropy gap 0.6462 bits (loss 20.027, data 19.381) 
Epoch 5 Iter 1400, train entropy gap 0.7820 bits (loss 20.163, data 19.381) 
Epoch 5 Iter 1600, train entropy gap 0.8774 bits (loss 20.258, data 19.381) 
Epoch 5 Iter 1800, train entropy gap 0.8634 bits (loss 20.244, data 19.381) 
Epoch 5 Iter 2000, train entropy gap 0.5606 bits (loss 19.941, data 19.381) 
Epoch 5 Iter 2200, train entropy gap 0.8402 bits (loss 20.221, data 19.381) 
Epoch 5 Iter 2400, train entropy gap 0.8078 bits (loss 20.189, data 19.381) 
Epoch 5 Iter 2600, train entropy gap 0.8933 bits (loss 20.274, data 19.381) 
Epoch 5 Iter 2800, train entropy gap 0.7524 bits (loss 20.133, data 19.381) 
Epoch 5 Iter 3000, train entropy gap 0.7458 bits (loss 20.127, data 19.381) 
Epoch 5 Iter 3200, train entropy gap 0.7775 bits (loss 20.158, data 19.381) 
Epoch 5 Iter 3400, train entropy gap 0.6728 bits (loss 20.054, data 19.381) 
Epoch 5 Iter 3600, train entropy gap 0.9548 bits (loss 20.336, data 19.381) 
Epoch 5 Iter 3800, train entropy gap 0.6054 bits (loss 19.986, data 19.381) 
Epoch 5 Iter 4000, train entropy gap 0.9921 bits (loss 20.373, data 19.381) 
Epoch 5 Iter 4200, train entropy gap 0.9753 bits (loss 20.356, data 19.381) 
Epoch 5 Iter 4400, train entropy gap 1.0204 bits (loss 20.401, data 19.381) 
Epoch 5 Iter 4600, train entropy gap 0.7565 bits (loss 20.137, data 19.381) 
Epoch 5 Iter 4800, train entropy gap 0.6717 bits (loss 20.052, data 19.381) 
Epoch 5 Iter 5000, train entropy gap 0.9286 bits (loss 20.309, data 19.381) 
Epoch 5 Iter 5200, train entropy gap 0.9667 bits (loss 20.347, data 19.381) 
Epoch 5 Iter 5400, train entropy gap 0.6261 bits (loss 20.007, data 19.381) 
Epoch 5 Iter 5600, train entropy gap 0.7395 bits (loss 20.120, data 19.381) 
Epoch 5 Iter 5800, train entropy gap 0.9353 bits (loss 20.316, data 19.381) 
Epoch 5 Iter 6000, train entropy gap 0.7299 bits (loss 20.111, data 19.381) 
Epoch 5 Iter 6200, train entropy gap 0.8670 bits (loss 20.248, data 19.381) 
Epoch 5 Iter 6400, train entropy gap 0.8539 bits (loss 20.235, data 19.381) 
Epoch 5 Iter 6600, train entropy gap 0.9002 bits (loss 20.281, data 19.381) 
Epoch 5 Iter 6800, train entropy gap 0.9738 bits (loss 20.355, data 19.381) 
Epoch 5 Iter 7000, train entropy gap 0.7509 bits (loss 20.132, data 19.381) 
Epoch 5 Iter 7200, train entropy gap 0.9645 bits (loss 20.345, data 19.381) 
epoch 5 train loss 13.9907 nats / 20.1843 bits
time since start: 4411.6 secs
Epoch 6 Iter 0, train entropy gap 0.6517 bits (loss 20.033, data 19.381) 
Epoch 6 Iter 200, train entropy gap 0.8153 bits (loss 20.196, data 19.381) 
Epoch 6 Iter 400, train entropy gap 0.7152 bits (loss 20.096, data 19.381) 
Epoch 6 Iter 600, train entropy gap 0.7699 bits (loss 20.151, data 19.381) 
Epoch 6 Iter 800, train entropy gap 0.5280 bits (loss 19.909, data 19.381) 
Epoch 6 Iter 1000, train entropy gap 0.8914 bits (loss 20.272, data 19.381) 
Epoch 6 Iter 1200, train entropy gap 0.8030 bits (loss 20.184, data 19.381) 
Epoch 6 Iter 1400, train entropy gap 0.8865 bits (loss 20.267, data 19.381) 
Epoch 6 Iter 1600, train entropy gap 0.6636 bits (loss 20.044, data 19.381) 
Epoch 6 Iter 1800, train entropy gap 0.8282 bits (loss 20.209, data 19.381) 
Epoch 6 Iter 2000, train entropy gap 0.6748 bits (loss 20.056, data 19.381) 
Epoch 6 Iter 2200, train entropy gap 1.0099 bits (loss 20.391, data 19.381) 
Epoch 6 Iter 2400, train entropy gap 0.7568 bits (loss 20.138, data 19.381) 
Epoch 6 Iter 2600, train entropy gap 0.6367 bits (loss 20.017, data 19.381) 
Epoch 6 Iter 2800, train entropy gap 0.9106 bits (loss 20.291, data 19.381) 
Epoch 6 Iter 3000, train entropy gap 0.7437 bits (loss 20.125, data 19.381) 
Epoch 6 Iter 3200, train entropy gap 0.8560 bits (loss 20.237, data 19.381) 
Epoch 6 Iter 3400, train entropy gap 0.6760 bits (loss 20.057, data 19.381) 
Epoch 6 Iter 3600, train entropy gap 0.9306 bits (loss 20.311, data 19.381) 
Epoch 6 Iter 3800, train entropy gap 0.8935 bits (loss 20.274, data 19.381) 
Epoch 6 Iter 4000, train entropy gap 0.9064 bits (loss 20.287, data 19.381) 
Epoch 6 Iter 4200, train entropy gap 0.7050 bits (loss 20.086, data 19.381) 
Epoch 6 Iter 4400, train entropy gap 0.7642 bits (loss 20.145, data 19.381) 
Epoch 6 Iter 4600, train entropy gap 0.8449 bits (loss 20.226, data 19.381) 
Epoch 6 Iter 4800, train entropy gap 0.8392 bits (loss 20.220, data 19.381) 
Epoch 6 Iter 5000, train entropy gap 0.7635 bits (loss 20.144, data 19.381) 
Epoch 6 Iter 5200, train entropy gap 0.9344 bits (loss 20.315, data 19.381) 
Epoch 6 Iter 5400, train entropy gap 0.6780 bits (loss 20.059, data 19.381) 
Epoch 6 Iter 5600, train entropy gap 1.0331 bits (loss 20.414, data 19.381) 
Epoch 6 Iter 5800, train entropy gap 0.8615 bits (loss 20.242, data 19.381) 
Epoch 6 Iter 6000, train entropy gap 0.7214 bits (loss 20.102, data 19.381) 
Epoch 6 Iter 6200, train entropy gap 0.7380 bits (loss 20.119, data 19.381) 
Epoch 6 Iter 6400, train entropy gap 0.9636 bits (loss 20.344, data 19.381) 
Epoch 6 Iter 6600, train entropy gap 0.8825 bits (loss 20.263, data 19.381) 
Epoch 6 Iter 6800, train entropy gap 0.8590 bits (loss 20.240, data 19.381) 
Epoch 6 Iter 7000, train entropy gap 0.8146 bits (loss 20.195, data 19.381) 
Epoch 6 Iter 7200, train entropy gap 0.7086 bits (loss 20.089, data 19.381) 
epoch 6 train loss 13.9845 nats / 20.1754 bits
time since start: 5147.5 secs
Epoch 7 Iter 0, train entropy gap 0.8737 bits (loss 20.254, data 19.381) 
Epoch 7 Iter 200, train entropy gap 0.8031 bits (loss 20.184, data 19.381) 
Epoch 7 Iter 400, train entropy gap 0.7604 bits (loss 20.141, data 19.381) 
Epoch 7 Iter 600, train entropy gap 0.7290 bits (loss 20.110, data 19.381) 
Epoch 7 Iter 800, train entropy gap 0.6749 bits (loss 20.056, data 19.381) 
Epoch 7 Iter 1000, train entropy gap 0.6397 bits (loss 20.020, data 19.381) 
Epoch 7 Iter 1200, train entropy gap 0.9063 bits (loss 20.287, data 19.381) 
Epoch 7 Iter 1400, train entropy gap 0.6215 bits (loss 20.002, data 19.381) 
Epoch 7 Iter 1600, train entropy gap 0.6691 bits (loss 20.050, data 19.381) 
Epoch 7 Iter 1800, train entropy gap 0.7187 bits (loss 20.099, data 19.381) 
Epoch 7 Iter 2000, train entropy gap 0.7443 bits (loss 20.125, data 19.381) 
Epoch 7 Iter 2200, train entropy gap 0.8660 bits (loss 20.247, data 19.381) 
Epoch 7 Iter 2400, train entropy gap 0.5709 bits (loss 19.952, data 19.381) 
Epoch 7 Iter 2600, train entropy gap 0.8752 bits (loss 20.256, data 19.381) 
Epoch 7 Iter 2800, train entropy gap 0.8823 bits (loss 20.263, data 19.381) 
Epoch 7 Iter 3000, train entropy gap 0.6922 bits (loss 20.073, data 19.381) 
Epoch 7 Iter 3200, train entropy gap 1.0299 bits (loss 20.411, data 19.381) 
Epoch 7 Iter 3400, train entropy gap 0.8400 bits (loss 20.221, data 19.381) 
Epoch 7 Iter 3600, train entropy gap 0.9343 bits (loss 20.315, data 19.381) 
Epoch 7 Iter 3800, train entropy gap 0.8184 bits (loss 20.199, data 19.381) 
Epoch 7 Iter 4000, train entropy gap 0.7990 bits (loss 20.180, data 19.381) 
Epoch 7 Iter 4200, train entropy gap 0.8730 bits (loss 20.254, data 19.381) 
Epoch 7 Iter 4400, train entropy gap 0.7274 bits (loss 20.108, data 19.381) 
Epoch 7 Iter 4600, train entropy gap 0.7801 bits (loss 20.161, data 19.381) 
Epoch 7 Iter 4800, train entropy gap 0.7981 bits (loss 20.179, data 19.381) 
Epoch 7 Iter 5000, train entropy gap 0.9558 bits (loss 20.337, data 19.381) 
Epoch 7 Iter 5200, train entropy gap 0.7324 bits (loss 20.113, data 19.381) 
Epoch 7 Iter 5400, train entropy gap 0.7466 bits (loss 20.127, data 19.381) 
Epoch 7 Iter 5600, train entropy gap 0.8545 bits (loss 20.235, data 19.381) 
Epoch 7 Iter 5800, train entropy gap 0.8347 bits (loss 20.215, data 19.381) 
Epoch 7 Iter 6000, train entropy gap 0.8798 bits (loss 20.261, data 19.381) 
Epoch 7 Iter 6200, train entropy gap 0.7674 bits (loss 20.148, data 19.381) 
Epoch 7 Iter 6400, train entropy gap 0.8245 bits (loss 20.205, data 19.381) 
Epoch 7 Iter 6600, train entropy gap 0.7758 bits (loss 20.157, data 19.381) 
Epoch 7 Iter 6800, train entropy gap 0.9021 bits (loss 20.283, data 19.381) 
Epoch 7 Iter 7000, train entropy gap 0.8960 bits (loss 20.277, data 19.381) 
Epoch 7 Iter 7200, train entropy gap 0.7315 bits (loss 20.112, data 19.381) 
epoch 7 train loss 13.9791 nats / 20.1676 bits
time since start: 5883.1 secs
Epoch 8 Iter 0, train entropy gap 0.7716 bits (loss 20.152, data 19.381) 
Epoch 8 Iter 200, train entropy gap 0.7494 bits (loss 20.130, data 19.381) 
Epoch 8 Iter 400, train entropy gap 0.8402 bits (loss 20.221, data 19.381) 
Epoch 8 Iter 600, train entropy gap 0.7790 bits (loss 20.160, data 19.381) 
Epoch 8 Iter 800, train entropy gap 1.0679 bits (loss 20.449, data 19.381) 
Epoch 8 Iter 1000, train entropy gap 0.6192 bits (loss 20.000, data 19.381) 
Epoch 8 Iter 1200, train entropy gap 0.7405 bits (loss 20.121, data 19.381) 
Epoch 8 Iter 1400, train entropy gap 0.7260 bits (loss 20.107, data 19.381) 
Epoch 8 Iter 1600, train entropy gap 0.6137 bits (loss 19.995, data 19.381) 
Epoch 8 Iter 1800, train entropy gap 0.9206 bits (loss 20.301, data 19.381) 
Epoch 8 Iter 2000, train entropy gap 0.6791 bits (loss 20.060, data 19.381) 
Epoch 8 Iter 2200, train entropy gap 0.8084 bits (loss 20.189, data 19.381) 
Epoch 8 Iter 2400, train entropy gap 0.8204 bits (loss 20.201, data 19.381) 
Epoch 8 Iter 2600, train entropy gap 0.9268 bits (loss 20.308, data 19.381) 
Epoch 8 Iter 2800, train entropy gap 0.7830 bits (loss 20.164, data 19.381) 
Epoch 8 Iter 3000, train entropy gap 0.6582 bits (loss 20.039, data 19.381) 
Epoch 8 Iter 3200, train entropy gap 0.6900 bits (loss 20.071, data 19.381) 
Epoch 8 Iter 3400, train entropy gap 0.6954 bits (loss 20.076, data 19.381) 
Epoch 8 Iter 3600, train entropy gap 0.7358 bits (loss 20.117, data 19.381) 
Epoch 8 Iter 3800, train entropy gap 0.7558 bits (loss 20.137, data 19.381) 
Epoch 8 Iter 4000, train entropy gap 0.7321 bits (loss 20.113, data 19.381) 
Epoch 8 Iter 4200, train entropy gap 0.6901 bits (loss 20.071, data 19.381) 
Epoch 8 Iter 4400, train entropy gap 0.8452 bits (loss 20.226, data 19.381) 
Epoch 8 Iter 4600, train entropy gap 0.5750 bits (loss 19.956, data 19.381) 
Epoch 8 Iter 4800, train entropy gap 0.8194 bits (loss 20.200, data 19.381) 
Epoch 8 Iter 5000, train entropy gap 0.6773 bits (loss 20.058, data 19.381) 
Epoch 8 Iter 5200, train entropy gap 0.8600 bits (loss 20.241, data 19.381) 
Epoch 8 Iter 5400, train entropy gap 0.8082 bits (loss 20.189, data 19.381) 
Epoch 8 Iter 5600, train entropy gap 0.8883 bits (loss 20.269, data 19.381) 
Epoch 8 Iter 5800, train entropy gap 0.7080 bits (loss 20.089, data 19.381) 
Epoch 8 Iter 6000, train entropy gap 0.7744 bits (loss 20.155, data 19.381) 
Epoch 8 Iter 6200, train entropy gap 0.7685 bits (loss 20.149, data 19.381) 
Epoch 8 Iter 6400, train entropy gap 0.9120 bits (loss 20.293, data 19.381) 
Epoch 8 Iter 6600, train entropy gap 0.7655 bits (loss 20.146, data 19.381) 
Epoch 8 Iter 6800, train entropy gap 0.8725 bits (loss 20.253, data 19.381) 
Epoch 8 Iter 7000, train entropy gap 0.7707 bits (loss 20.152, data 19.381) 
Epoch 8 Iter 7200, train entropy gap 1.0365 bits (loss 20.417, data 19.381) 
epoch 8 train loss 13.9740 nats / 20.1603 bits
time since start: 6618.1 secs
Epoch 9 Iter 0, train entropy gap 0.7303 bits (loss 20.111, data 19.381) 
Epoch 9 Iter 200, train entropy gap 0.7859 bits (loss 20.167, data 19.381) 
Epoch 9 Iter 400, train entropy gap 0.7142 bits (loss 20.095, data 19.381) 
Epoch 9 Iter 600, train entropy gap 0.8017 bits (loss 20.182, data 19.381) 
Epoch 9 Iter 800, train entropy gap 0.7545 bits (loss 20.135, data 19.381) 
Epoch 9 Iter 1000, train entropy gap 0.6639 bits (loss 20.045, data 19.381) 
Epoch 9 Iter 1200, train entropy gap 0.8872 bits (loss 20.268, data 19.381) 
Epoch 9 Iter 1400, train entropy gap 0.7150 bits (loss 20.096, data 19.381) 
Epoch 9 Iter 1600, train entropy gap 0.5930 bits (loss 19.974, data 19.381) 
Epoch 9 Iter 1800, train entropy gap 0.7248 bits (loss 20.106, data 19.381) 
Epoch 9 Iter 2000, train entropy gap 0.7826 bits (loss 20.163, data 19.381) 
Epoch 9 Iter 2200, train entropy gap 0.7408 bits (loss 20.122, data 19.381) 
Epoch 9 Iter 2400, train entropy gap 0.8080 bits (loss 20.189, data 19.381) 
Epoch 9 Iter 2600, train entropy gap 0.8119 bits (loss 20.193, data 19.381) 
Epoch 9 Iter 2800, train entropy gap 0.6839 bits (loss 20.065, data 19.381) 
Epoch 9 Iter 3000, train entropy gap 0.7139 bits (loss 20.095, data 19.381) 
Epoch 9 Iter 3200, train entropy gap 0.5738 bits (loss 19.955, data 19.381) 
Epoch 9 Iter 3400, train entropy gap 0.4408 bits (loss 19.822, data 19.381) 
Epoch 9 Iter 3600, train entropy gap 0.7996 bits (loss 20.180, data 19.381) 
Epoch 9 Iter 3800, train entropy gap 0.8482 bits (loss 20.229, data 19.381) 
Epoch 9 Iter 4000, train entropy gap 0.8522 bits (loss 20.233, data 19.381) 
Epoch 9 Iter 4200, train entropy gap 0.7626 bits (loss 20.143, data 19.381) 
Epoch 9 Iter 4400, train entropy gap 0.8612 bits (loss 20.242, data 19.381) 
Epoch 9 Iter 4600, train entropy gap 0.9177 bits (loss 20.298, data 19.381) 
Epoch 9 Iter 4800, train entropy gap 0.5303 bits (loss 19.911, data 19.381) 
Epoch 9 Iter 5000, train entropy gap 0.7136 bits (loss 20.094, data 19.381) 
Epoch 9 Iter 5200, train entropy gap 0.7777 bits (loss 20.159, data 19.381) 
Epoch 9 Iter 5400, train entropy gap 0.8770 bits (loss 20.258, data 19.381) 
Epoch 9 Iter 5600, train entropy gap 0.7801 bits (loss 20.161, data 19.381) 
Epoch 9 Iter 5800, train entropy gap 0.8606 bits (loss 20.241, data 19.381) 
Epoch 9 Iter 6000, train entropy gap 0.8436 bits (loss 20.224, data 19.381) 
Epoch 9 Iter 6200, train entropy gap 0.7018 bits (loss 20.083, data 19.381) 
Epoch 9 Iter 6400, train entropy gap 0.7693 bits (loss 20.150, data 19.381) 
Epoch 9 Iter 6600, train entropy gap 0.7153 bits (loss 20.096, data 19.381) 
Epoch 9 Iter 6800, train entropy gap 1.0129 bits (loss 20.394, data 19.381) 
Epoch 9 Iter 7000, train entropy gap 1.0536 bits (loss 20.434, data 19.381) 
Epoch 9 Iter 7200, train entropy gap 0.8349 bits (loss 20.216, data 19.381) 
epoch 9 train loss 13.9692 nats / 20.1534 bits
time since start: 7352.8 secs
Epoch 10 Iter 0, train entropy gap 0.9572 bits (loss 20.338, data 19.381) 
Epoch 10 Iter 200, train entropy gap 0.8233 bits (loss 20.204, data 19.381) 
Epoch 10 Iter 400, train entropy gap 0.5191 bits (loss 19.900, data 19.381) 
Epoch 10 Iter 600, train entropy gap 0.5548 bits (loss 19.936, data 19.381) 
Epoch 10 Iter 800, train entropy gap 0.8292 bits (loss 20.210, data 19.381) 
Epoch 10 Iter 1000, train entropy gap 0.6090 bits (loss 19.990, data 19.381) 
Epoch 10 Iter 1200, train entropy gap 0.7275 bits (loss 20.108, data 19.381) 
Epoch 10 Iter 1400, train entropy gap 0.6346 bits (loss 20.015, data 19.381) 
Epoch 10 Iter 1600, train entropy gap 0.6817 bits (loss 20.063, data 19.381) 
Epoch 10 Iter 1800, train entropy gap 0.8901 bits (loss 20.271, data 19.381) 
Epoch 10 Iter 2000, train entropy gap 0.7822 bits (loss 20.163, data 19.381) 
Epoch 10 Iter 2200, train entropy gap 0.5820 bits (loss 19.963, data 19.381) 
Epoch 10 Iter 2400, train entropy gap 0.8867 bits (loss 20.268, data 19.381) 
Epoch 10 Iter 2600, train entropy gap 0.7121 bits (loss 20.093, data 19.381) 
Epoch 10 Iter 2800, train entropy gap 0.7533 bits (loss 20.134, data 19.381) 
Epoch 10 Iter 3000, train entropy gap 0.7742 bits (loss 20.155, data 19.381) 
Epoch 10 Iter 3200, train entropy gap 0.7741 bits (loss 20.155, data 19.381) 
Epoch 10 Iter 3400, train entropy gap 0.6245 bits (loss 20.005, data 19.381) 
Epoch 10 Iter 3600, train entropy gap 0.8700 bits (loss 20.251, data 19.381) 
Epoch 10 Iter 3800, train entropy gap 0.6950 bits (loss 20.076, data 19.381) 
Epoch 10 Iter 4000, train entropy gap 0.5167 bits (loss 19.897, data 19.381) 
Epoch 10 Iter 4200, train entropy gap 0.6605 bits (loss 20.041, data 19.381) 
Epoch 10 Iter 4400, train entropy gap 0.8930 bits (loss 20.274, data 19.381) 
Epoch 10 Iter 4600, train entropy gap 0.6834 bits (loss 20.064, data 19.381) 
Epoch 10 Iter 4800, train entropy gap 0.7758 bits (loss 20.157, data 19.381) 
Epoch 10 Iter 5000, train entropy gap 0.5750 bits (loss 19.956, data 19.381) 
Epoch 10 Iter 5200, train entropy gap 0.6810 bits (loss 20.062, data 19.381) 
Epoch 10 Iter 5400, train entropy gap 0.7462 bits (loss 20.127, data 19.381) 
Epoch 10 Iter 5600, train entropy gap 0.8787 bits (loss 20.259, data 19.381) 
Epoch 10 Iter 5800, train entropy gap 0.7680 bits (loss 20.149, data 19.381) 
Epoch 10 Iter 6000, train entropy gap 0.9038 bits (loss 20.285, data 19.381) 
Epoch 10 Iter 6200, train entropy gap 0.9794 bits (loss 20.360, data 19.381) 
Epoch 10 Iter 6400, train entropy gap 0.9512 bits (loss 20.332, data 19.381) 
Epoch 10 Iter 6600, train entropy gap 0.8497 bits (loss 20.231, data 19.381) 
Epoch 10 Iter 6800, train entropy gap 0.8324 bits (loss 20.213, data 19.381) 
Epoch 10 Iter 7000, train entropy gap 0.7608 bits (loss 20.142, data 19.381) 
Epoch 10 Iter 7200, train entropy gap 0.7363 bits (loss 20.117, data 19.381) 
epoch 10 train loss 13.9643 nats / 20.1462 bits
time since start: 8087.8 secs
Epoch 11 Iter 0, train entropy gap 0.7165 bits (loss 20.097, data 19.381) 
Epoch 11 Iter 200, train entropy gap 0.8834 bits (loss 20.264, data 19.381) 
Epoch 11 Iter 400, train entropy gap 0.7855 bits (loss 20.166, data 19.381) 
Epoch 11 Iter 600, train entropy gap 0.5538 bits (loss 19.935, data 19.381) 
Epoch 11 Iter 800, train entropy gap 0.7855 bits (loss 20.166, data 19.381) 
Epoch 11 Iter 1000, train entropy gap 0.8100 bits (loss 20.191, data 19.381) 
Epoch 11 Iter 1200, train entropy gap 0.8630 bits (loss 20.244, data 19.381) 
Epoch 11 Iter 1400, train entropy gap 0.9202 bits (loss 20.301, data 19.381) 
Epoch 11 Iter 1600, train entropy gap 0.6207 bits (loss 20.002, data 19.381) 
Epoch 11 Iter 1800, train entropy gap 0.6943 bits (loss 20.075, data 19.381) 
Epoch 11 Iter 2000, train entropy gap 0.7206 bits (loss 20.101, data 19.381) 
Epoch 11 Iter 2200, train entropy gap 0.9758 bits (loss 20.357, data 19.381) 
Epoch 11 Iter 2400, train entropy gap 0.9401 bits (loss 20.321, data 19.381) 
Epoch 11 Iter 2600, train entropy gap 0.8111 bits (loss 20.192, data 19.381) 
Epoch 11 Iter 2800, train entropy gap 0.9531 bits (loss 20.334, data 19.381) 
Epoch 11 Iter 3000, train entropy gap 0.8668 bits (loss 20.248, data 19.381) 
Epoch 11 Iter 3200, train entropy gap 0.6677 bits (loss 20.049, data 19.381) 
Epoch 11 Iter 3400, train entropy gap 0.9499 bits (loss 20.331, data 19.381) 
Epoch 11 Iter 3600, train entropy gap 0.6704 bits (loss 20.051, data 19.381) 
Epoch 11 Iter 3800, train entropy gap 0.7829 bits (loss 20.164, data 19.381) 
Epoch 11 Iter 4000, train entropy gap 0.8013 bits (loss 20.182, data 19.381) 
Epoch 11 Iter 4200, train entropy gap 0.7469 bits (loss 20.128, data 19.381) 
Epoch 11 Iter 4400, train entropy gap 0.6237 bits (loss 20.005, data 19.381) 
Epoch 11 Iter 4600, train entropy gap 0.9467 bits (loss 20.327, data 19.381) 
Epoch 11 Iter 4800, train entropy gap 0.8048 bits (loss 20.186, data 19.381) 
Epoch 11 Iter 5000, train entropy gap 0.7093 bits (loss 20.090, data 19.381) 
Epoch 11 Iter 5200, train entropy gap 0.6659 bits (loss 20.047, data 19.381) 
Epoch 11 Iter 5400, train entropy gap 0.4972 bits (loss 19.878, data 19.381) 
Epoch 11 Iter 5600, train entropy gap 0.7597 bits (loss 20.141, data 19.381) 
Epoch 11 Iter 5800, train entropy gap 0.5559 bits (loss 19.937, data 19.381) 
Epoch 11 Iter 6000, train entropy gap 0.9671 bits (loss 20.348, data 19.381) 
Epoch 11 Iter 6200, train entropy gap 0.9327 bits (loss 20.313, data 19.381) 
Epoch 11 Iter 6400, train entropy gap 0.6401 bits (loss 20.021, data 19.381) 
Epoch 11 Iter 6600, train entropy gap 0.8055 bits (loss 20.186, data 19.381) 
Epoch 11 Iter 6800, train entropy gap 1.0962 bits (loss 20.477, data 19.381) 
Epoch 11 Iter 7000, train entropy gap 0.9537 bits (loss 20.334, data 19.381) 
Epoch 11 Iter 7200, train entropy gap 0.8161 bits (loss 20.197, data 19.381) 
epoch 11 train loss 13.9596 nats / 20.1394 bits
time since start: 8822.9 secs
Epoch 12 Iter 0, train entropy gap 0.5679 bits (loss 19.949, data 19.381) 
Epoch 12 Iter 200, train entropy gap 0.8283 bits (loss 20.209, data 19.381) 
Epoch 12 Iter 400, train entropy gap 0.7655 bits (loss 20.146, data 19.381) 
Epoch 12 Iter 600, train entropy gap 0.6358 bits (loss 20.017, data 19.381) 
Epoch 12 Iter 800, train entropy gap 0.8090 bits (loss 20.190, data 19.381) 
Epoch 12 Iter 1000, train entropy gap 0.8126 bits (loss 20.193, data 19.381) 
Epoch 12 Iter 1200, train entropy gap 0.6258 bits (loss 20.007, data 19.381) 
Epoch 12 Iter 1400, train entropy gap 0.7650 bits (loss 20.146, data 19.381) 
Epoch 12 Iter 1600, train entropy gap 0.8224 bits (loss 20.203, data 19.381) 
Epoch 12 Iter 1800, train entropy gap 0.7692 bits (loss 20.150, data 19.381) 
Epoch 12 Iter 2000, train entropy gap 0.7153 bits (loss 20.096, data 19.381) 
Epoch 12 Iter 2200, train entropy gap 0.6820 bits (loss 20.063, data 19.381) 
Epoch 12 Iter 2400, train entropy gap 0.6687 bits (loss 20.050, data 19.381) 
Epoch 12 Iter 2600, train entropy gap 0.7128 bits (loss 20.094, data 19.381) 
Epoch 12 Iter 2800, train entropy gap 0.8070 bits (loss 20.188, data 19.381) 
Epoch 12 Iter 3000, train entropy gap 0.9937 bits (loss 20.375, data 19.381) 
Epoch 12 Iter 3200, train entropy gap 0.7247 bits (loss 20.105, data 19.381) 
Epoch 12 Iter 3400, train entropy gap 0.5836 bits (loss 19.964, data 19.381) 
Epoch 12 Iter 3600, train entropy gap 0.6758 bits (loss 20.057, data 19.381) 
Epoch 12 Iter 3800, train entropy gap 0.8890 bits (loss 20.270, data 19.381) 
Epoch 12 Iter 4000, train entropy gap 0.8939 bits (loss 20.275, data 19.381) 
Epoch 12 Iter 4200, train entropy gap 0.8896 bits (loss 20.270, data 19.381) 
Epoch 12 Iter 4400, train entropy gap 0.7367 bits (loss 20.118, data 19.381) 
Epoch 12 Iter 4600, train entropy gap 0.9211 bits (loss 20.302, data 19.381) 
Epoch 12 Iter 4800, train entropy gap 0.7865 bits (loss 20.167, data 19.381) 
Epoch 12 Iter 5000, train entropy gap 0.6959 bits (loss 20.077, data 19.381) 
Epoch 12 Iter 5200, train entropy gap 0.5845 bits (loss 19.965, data 19.381) 
Epoch 12 Iter 5400, train entropy gap 0.7493 bits (loss 20.130, data 19.381) 
Epoch 12 Iter 5600, train entropy gap 0.6433 bits (loss 20.024, data 19.381) 
Epoch 12 Iter 5800, train entropy gap 0.6975 bits (loss 20.078, data 19.381) 
Epoch 12 Iter 6000, train entropy gap 0.9104 bits (loss 20.291, data 19.381) 
Epoch 12 Iter 6200, train entropy gap 0.6618 bits (loss 20.043, data 19.381) 
Epoch 12 Iter 6400, train entropy gap 0.7266 bits (loss 20.107, data 19.381) 
Epoch 12 Iter 6600, train entropy gap 0.7953 bits (loss 20.176, data 19.381) 
Epoch 12 Iter 6800, train entropy gap 0.8455 bits (loss 20.226, data 19.381) 
Epoch 12 Iter 7000, train entropy gap 0.8184 bits (loss 20.199, data 19.381) 
Epoch 12 Iter 7200, train entropy gap 0.9334 bits (loss 20.314, data 19.381) 
epoch 12 train loss 13.9551 nats / 20.1330 bits
time since start: 9558.8 secs
Epoch 13 Iter 0, train entropy gap 0.5470 bits (loss 19.928, data 19.381) 
Epoch 13 Iter 200, train entropy gap 0.5050 bits (loss 19.886, data 19.381) 
Epoch 13 Iter 400, train entropy gap 0.8232 bits (loss 20.204, data 19.381) 
Epoch 13 Iter 600, train entropy gap 0.9466 bits (loss 20.327, data 19.381) 
Epoch 13 Iter 800, train entropy gap 0.9012 bits (loss 20.282, data 19.381) 
Epoch 13 Iter 1000, train entropy gap 0.4836 bits (loss 19.864, data 19.381) 
Epoch 13 Iter 1200, train entropy gap 0.7955 bits (loss 20.176, data 19.381) 
Epoch 13 Iter 1400, train entropy gap 0.6507 bits (loss 20.031, data 19.381) 
Epoch 13 Iter 1600, train entropy gap 0.7194 bits (loss 20.100, data 19.381) 
Epoch 13 Iter 1800, train entropy gap 0.9564 bits (loss 20.337, data 19.381) 
Epoch 13 Iter 2000, train entropy gap 0.7067 bits (loss 20.088, data 19.381) 
Epoch 13 Iter 2200, train entropy gap 0.7476 bits (loss 20.128, data 19.381) 
Epoch 13 Iter 2400, train entropy gap 0.8561 bits (loss 20.237, data 19.381) 
Epoch 13 Iter 2600, train entropy gap 0.7510 bits (loss 20.132, data 19.381) 
Epoch 13 Iter 2800, train entropy gap 0.8206 bits (loss 20.201, data 19.381) 
Epoch 13 Iter 3000, train entropy gap 0.7598 bits (loss 20.141, data 19.381) 
Epoch 13 Iter 3200, train entropy gap 0.8352 bits (loss 20.216, data 19.381) 
Epoch 13 Iter 3400, train entropy gap 0.7116 bits (loss 20.092, data 19.381) 
Epoch 13 Iter 3600, train entropy gap 0.7433 bits (loss 20.124, data 19.381) 
Epoch 13 Iter 3800, train entropy gap 0.6729 bits (loss 20.054, data 19.381) 
Epoch 13 Iter 4000, train entropy gap 0.7187 bits (loss 20.099, data 19.381) 
Epoch 13 Iter 4200, train entropy gap 0.7509 bits (loss 20.132, data 19.381) 
Epoch 13 Iter 4400, train entropy gap 0.8399 bits (loss 20.221, data 19.381) 
Epoch 13 Iter 4600, train entropy gap 0.7251 bits (loss 20.106, data 19.381) 
Epoch 13 Iter 4800, train entropy gap 0.7625 bits (loss 20.143, data 19.381) 
Epoch 13 Iter 5000, train entropy gap 0.7327 bits (loss 20.114, data 19.381) 
Epoch 13 Iter 5200, train entropy gap 0.7975 bits (loss 20.178, data 19.381) 
Epoch 13 Iter 5400, train entropy gap 0.8545 bits (loss 20.235, data 19.381) 
Epoch 13 Iter 5600, train entropy gap 0.8431 bits (loss 20.224, data 19.381) 
Epoch 13 Iter 5800, train entropy gap 0.7705 bits (loss 20.151, data 19.381) 
Epoch 13 Iter 6000, train entropy gap 0.7502 bits (loss 20.131, data 19.381) 
Epoch 13 Iter 6200, train entropy gap 0.5345 bits (loss 19.915, data 19.381) 
Epoch 13 Iter 6400, train entropy gap 0.8282 bits (loss 20.209, data 19.381) 
Epoch 13 Iter 6600, train entropy gap 0.7739 bits (loss 20.155, data 19.381) 
Epoch 13 Iter 6800, train entropy gap 0.7304 bits (loss 20.111, data 19.381) 
Epoch 13 Iter 7000, train entropy gap 0.8032 bits (loss 20.184, data 19.381) 
Epoch 13 Iter 7200, train entropy gap 0.8676 bits (loss 20.248, data 19.381) 
epoch 13 train loss 13.9507 nats / 20.1267 bits
time since start: 10293.8 secs
Epoch 14 Iter 0, train entropy gap 0.7831 bits (loss 20.164, data 19.381) 
Epoch 14 Iter 200, train entropy gap 0.8163 bits (loss 20.197, data 19.381) 
Epoch 14 Iter 400, train entropy gap 0.6554 bits (loss 20.036, data 19.381) 
Epoch 14 Iter 600, train entropy gap 0.6327 bits (loss 20.013, data 19.381) 
Epoch 14 Iter 800, train entropy gap 0.6619 bits (loss 20.043, data 19.381) 
Epoch 14 Iter 1000, train entropy gap 0.9687 bits (loss 20.350, data 19.381) 
Epoch 14 Iter 1200, train entropy gap 0.8685 bits (loss 20.249, data 19.381) 
Epoch 14 Iter 1400, train entropy gap 0.7973 bits (loss 20.178, data 19.381) 
Epoch 14 Iter 1600, train entropy gap 0.6580 bits (loss 20.039, data 19.381) 
Epoch 14 Iter 1800, train entropy gap 0.8622 bits (loss 20.243, data 19.381) 
Epoch 14 Iter 2000, train entropy gap 0.7301 bits (loss 20.111, data 19.381) 
Epoch 14 Iter 2200, train entropy gap 0.6868 bits (loss 20.068, data 19.381) 
Epoch 14 Iter 2400, train entropy gap 0.7851 bits (loss 20.166, data 19.381) 
Epoch 14 Iter 2600, train entropy gap 0.7888 bits (loss 20.170, data 19.381) 
Epoch 14 Iter 2800, train entropy gap 0.6892 bits (loss 20.070, data 19.381) 
Epoch 14 Iter 3000, train entropy gap 0.6476 bits (loss 20.028, data 19.381) 
Epoch 14 Iter 3200, train entropy gap 0.7643 bits (loss 20.145, data 19.381) 
Epoch 14 Iter 3400, train entropy gap 0.6269 bits (loss 20.008, data 19.381) 
Epoch 14 Iter 3600, train entropy gap 0.5935 bits (loss 19.974, data 19.381) 
Epoch 14 Iter 3800, train entropy gap 0.7280 bits (loss 20.109, data 19.381) 
Epoch 14 Iter 4000, train entropy gap 0.7660 bits (loss 20.147, data 19.381) 
Epoch 14 Iter 4200, train entropy gap 0.8495 bits (loss 20.230, data 19.381) 
Epoch 14 Iter 4400, train entropy gap 0.6825 bits (loss 20.063, data 19.381) 
Epoch 14 Iter 4600, train entropy gap 0.7782 bits (loss 20.159, data 19.381) 
Epoch 14 Iter 4800, train entropy gap 0.7167 bits (loss 20.098, data 19.381) 
Epoch 14 Iter 5000, train entropy gap 0.8424 bits (loss 20.223, data 19.381) 
Epoch 14 Iter 5200, train entropy gap 0.7433 bits (loss 20.124, data 19.381) 
Epoch 14 Iter 5400, train entropy gap 0.7778 bits (loss 20.159, data 19.381) 
Epoch 14 Iter 5600, train entropy gap 0.9845 bits (loss 20.365, data 19.381) 
Epoch 14 Iter 5800, train entropy gap 0.7006 bits (loss 20.081, data 19.381) 
Epoch 14 Iter 6000, train entropy gap 0.8613 bits (loss 20.242, data 19.381) 
Epoch 14 Iter 6200, train entropy gap 0.9202 bits (loss 20.301, data 19.381) 
Epoch 14 Iter 6400, train entropy gap 0.7075 bits (loss 20.088, data 19.381) 
Epoch 14 Iter 6600, train entropy gap 0.7606 bits (loss 20.141, data 19.381) 
Epoch 14 Iter 6800, train entropy gap 0.8292 bits (loss 20.210, data 19.381) 
Epoch 14 Iter 7000, train entropy gap 0.8618 bits (loss 20.243, data 19.381) 
Epoch 14 Iter 7200, train entropy gap 0.7765 bits (loss 20.157, data 19.381) 
epoch 14 train loss 13.9464 nats / 20.1204 bits
time since start: 11028.5 secs
Epoch 15 Iter 0, train entropy gap 0.7862 bits (loss 20.167, data 19.381) 
Epoch 15 Iter 200, train entropy gap 0.7554 bits (loss 20.136, data 19.381) 
Epoch 15 Iter 400, train entropy gap 0.8379 bits (loss 20.219, data 19.381) 
Epoch 15 Iter 600, train entropy gap 0.6481 bits (loss 20.029, data 19.381) 
Epoch 15 Iter 800, train entropy gap 0.7244 bits (loss 20.105, data 19.381) 
Epoch 15 Iter 1000, train entropy gap 0.8797 bits (loss 20.261, data 19.381) 
Epoch 15 Iter 1200, train entropy gap 0.7763 bits (loss 20.157, data 19.381) 
Epoch 15 Iter 1400, train entropy gap 0.7549 bits (loss 20.136, data 19.381) 
Epoch 15 Iter 1600, train entropy gap 0.7781 bits (loss 20.159, data 19.381) 
Epoch 15 Iter 1800, train entropy gap 0.7331 bits (loss 20.114, data 19.381) 
Epoch 15 Iter 2000, train entropy gap 0.8509 bits (loss 20.232, data 19.381) 
Epoch 15 Iter 2200, train entropy gap 0.6996 bits (loss 20.080, data 19.381) 
Epoch 15 Iter 2400, train entropy gap 0.5870 bits (loss 19.968, data 19.381) 
Epoch 15 Iter 2600, train entropy gap 0.9264 bits (loss 20.307, data 19.381) 
Epoch 15 Iter 2800, train entropy gap 0.7810 bits (loss 20.162, data 19.381) 
Epoch 15 Iter 3000, train entropy gap 0.7428 bits (loss 20.124, data 19.381) 
Epoch 15 Iter 3200, train entropy gap 0.5201 bits (loss 19.901, data 19.381) 
Epoch 15 Iter 3400, train entropy gap 0.7538 bits (loss 20.135, data 19.381) 
Epoch 15 Iter 3600, train entropy gap 0.7746 bits (loss 20.155, data 19.381) 
Epoch 15 Iter 3800, train entropy gap 0.7969 bits (loss 20.178, data 19.381) 
Epoch 15 Iter 4000, train entropy gap 0.7981 bits (loss 20.179, data 19.381) 
Epoch 15 Iter 4200, train entropy gap 0.7035 bits (loss 20.084, data 19.381) 
Epoch 15 Iter 4400, train entropy gap 0.8309 bits (loss 20.212, data 19.381) 
Epoch 15 Iter 4600, train entropy gap 0.7186 bits (loss 20.099, data 19.381) 
Epoch 15 Iter 4800, train entropy gap 0.8116 bits (loss 20.192, data 19.381) 
Epoch 15 Iter 5000, train entropy gap 0.6890 bits (loss 20.070, data 19.381) 
Epoch 15 Iter 5200, train entropy gap 0.9499 bits (loss 20.331, data 19.381) 
Epoch 15 Iter 5400, train entropy gap 0.6378 bits (loss 20.019, data 19.381) 
Epoch 15 Iter 5600, train entropy gap 0.6848 bits (loss 20.066, data 19.381) 
Epoch 15 Iter 5800, train entropy gap 0.8247 bits (loss 20.206, data 19.381) 
Epoch 15 Iter 6000, train entropy gap 0.8438 bits (loss 20.225, data 19.381) 
Epoch 15 Iter 6200, train entropy gap 0.7672 bits (loss 20.148, data 19.381) 
Epoch 15 Iter 6400, train entropy gap 1.0065 bits (loss 20.387, data 19.381) 
Epoch 15 Iter 6600, train entropy gap 0.6873 bits (loss 20.068, data 19.381) 
Epoch 15 Iter 6800, train entropy gap 0.8280 bits (loss 20.209, data 19.381) 
Epoch 15 Iter 7000, train entropy gap 0.8010 bits (loss 20.182, data 19.381) 
Epoch 15 Iter 7200, train entropy gap 0.6462 bits (loss 20.027, data 19.381) 
epoch 15 train loss 13.9427 nats / 20.1151 bits
time since start: 11763.2 secs
Epoch 16 Iter 0, train entropy gap 0.6075 bits (loss 19.988, data 19.381) 
Epoch 16 Iter 200, train entropy gap 0.8342 bits (loss 20.215, data 19.381) 
Epoch 16 Iter 400, train entropy gap 0.9279 bits (loss 20.309, data 19.381) 
Epoch 16 Iter 600, train entropy gap 0.7551 bits (loss 20.136, data 19.381) 
Epoch 16 Iter 800, train entropy gap 0.7676 bits (loss 20.148, data 19.381) 
Epoch 16 Iter 1000, train entropy gap 0.5244 bits (loss 19.905, data 19.381) 
Epoch 16 Iter 1200, train entropy gap 0.6396 bits (loss 20.020, data 19.381) 
Epoch 16 Iter 1400, train entropy gap 0.6929 bits (loss 20.074, data 19.381) 
Epoch 16 Iter 1600, train entropy gap 0.7831 bits (loss 20.164, data 19.381) 
Epoch 16 Iter 1800, train entropy gap 0.5654 bits (loss 19.946, data 19.381) 
Epoch 16 Iter 2000, train entropy gap 0.6819 bits (loss 20.063, data 19.381) 
Epoch 16 Iter 2200, train entropy gap 0.7481 bits (loss 20.129, data 19.381) 
Epoch 16 Iter 2400, train entropy gap 0.8908 bits (loss 20.272, data 19.381) 
Epoch 16 Iter 2600, train entropy gap 0.9305 bits (loss 20.311, data 19.381) 
Epoch 16 Iter 2800, train entropy gap 0.7740 bits (loss 20.155, data 19.381) 
Epoch 16 Iter 3000, train entropy gap 0.6103 bits (loss 19.991, data 19.381) 
Epoch 16 Iter 3200, train entropy gap 0.6025 bits (loss 19.983, data 19.381) 
Epoch 16 Iter 3400, train entropy gap 0.7748 bits (loss 20.156, data 19.381) 
Epoch 16 Iter 3600, train entropy gap 0.5901 bits (loss 19.971, data 19.381) 
Epoch 16 Iter 3800, train entropy gap 0.8369 bits (loss 20.218, data 19.381) 
Epoch 16 Iter 4000, train entropy gap 0.6689 bits (loss 20.050, data 19.381) 
Epoch 16 Iter 4200, train entropy gap 0.5671 bits (loss 19.948, data 19.381) 
Epoch 16 Iter 4400, train entropy gap 0.6690 bits (loss 20.050, data 19.381) 
Epoch 16 Iter 4600, train entropy gap 0.7931 bits (loss 20.174, data 19.381) 
Epoch 16 Iter 4800, train entropy gap 0.8392 bits (loss 20.220, data 19.381) 
Epoch 16 Iter 5000, train entropy gap 0.6346 bits (loss 20.015, data 19.381) 
Epoch 16 Iter 5200, train entropy gap 0.7547 bits (loss 20.136, data 19.381) 
Epoch 16 Iter 5400, train entropy gap 0.5709 bits (loss 19.952, data 19.381) 
Epoch 16 Iter 5600, train entropy gap 0.7853 bits (loss 20.166, data 19.381) 
Epoch 16 Iter 5800, train entropy gap 0.6880 bits (loss 20.069, data 19.381) 
Epoch 16 Iter 6000, train entropy gap 0.9445 bits (loss 20.325, data 19.381) 
Epoch 16 Iter 6200, train entropy gap 0.8313 bits (loss 20.212, data 19.381) 
Epoch 16 Iter 6400, train entropy gap 0.7126 bits (loss 20.093, data 19.381) 
Epoch 16 Iter 6600, train entropy gap 0.8749 bits (loss 20.256, data 19.381) 
Epoch 16 Iter 6800, train entropy gap 0.6989 bits (loss 20.080, data 19.381) 
Epoch 16 Iter 7000, train entropy gap 0.8100 bits (loss 20.191, data 19.381) 
Epoch 16 Iter 7200, train entropy gap 1.0242 bits (loss 20.405, data 19.381) 
epoch 16 train loss 13.9388 nats / 20.1095 bits
time since start: 12498.1 secs
Epoch 17 Iter 0, train entropy gap 0.8728 bits (loss 20.254, data 19.381) 
Epoch 17 Iter 200, train entropy gap 0.7662 bits (loss 20.147, data 19.381) 
Epoch 17 Iter 400, train entropy gap 0.7056 bits (loss 20.086, data 19.381) 
Epoch 17 Iter 600, train entropy gap 0.7233 bits (loss 20.104, data 19.381) 
Epoch 17 Iter 800, train entropy gap 0.6045 bits (loss 19.985, data 19.381) 
Epoch 17 Iter 1000, train entropy gap 0.7573 bits (loss 20.138, data 19.381) 
Epoch 17 Iter 1200, train entropy gap 0.6894 bits (loss 20.070, data 19.381) 
Epoch 17 Iter 1400, train entropy gap 0.6905 bits (loss 20.071, data 19.381) 
Epoch 17 Iter 1600, train entropy gap 0.6548 bits (loss 20.036, data 19.381) 
Epoch 17 Iter 1800, train entropy gap 0.7917 bits (loss 20.173, data 19.381) 
Epoch 17 Iter 2000, train entropy gap 0.6195 bits (loss 20.000, data 19.381) 
Epoch 17 Iter 2200, train entropy gap 0.6780 bits (loss 20.059, data 19.381) 
Epoch 17 Iter 2400, train entropy gap 0.5722 bits (loss 19.953, data 19.381) 
Epoch 17 Iter 2600, train entropy gap 0.5887 bits (loss 19.970, data 19.381) 
Epoch 17 Iter 2800, train entropy gap 0.7504 bits (loss 20.131, data 19.381) 
Epoch 17 Iter 3000, train entropy gap 0.5995 bits (loss 19.980, data 19.381) 
Epoch 17 Iter 3200, train entropy gap 0.8492 bits (loss 20.230, data 19.381) 
Epoch 17 Iter 3400, train entropy gap 0.5840 bits (loss 19.965, data 19.381) 
Epoch 17 Iter 3600, train entropy gap 0.6644 bits (loss 20.045, data 19.381) 
Epoch 17 Iter 3800, train entropy gap 0.7309 bits (loss 20.112, data 19.381) 
Epoch 17 Iter 4000, train entropy gap 0.7329 bits (loss 20.114, data 19.381) 
Epoch 17 Iter 4200, train entropy gap 0.5963 bits (loss 19.977, data 19.381) 
Epoch 17 Iter 4400, train entropy gap 0.6939 bits (loss 20.075, data 19.381) 
Epoch 17 Iter 4600, train entropy gap 0.7800 bits (loss 20.161, data 19.381) 
Epoch 17 Iter 4800, train entropy gap 0.7374 bits (loss 20.118, data 19.381) 
Epoch 17 Iter 5000, train entropy gap 0.7206 bits (loss 20.101, data 19.381) 
Epoch 17 Iter 5200, train entropy gap 0.7770 bits (loss 20.158, data 19.381) 
Epoch 17 Iter 5400, train entropy gap 0.8349 bits (loss 20.216, data 19.381) 
Epoch 17 Iter 5600, train entropy gap 0.7333 bits (loss 20.114, data 19.381) 
Epoch 17 Iter 5800, train entropy gap 0.7139 bits (loss 20.095, data 19.381) 
Epoch 17 Iter 6000, train entropy gap 0.6358 bits (loss 20.017, data 19.381) 
Epoch 17 Iter 6200, train entropy gap 0.9102 bits (loss 20.291, data 19.381) 
Epoch 17 Iter 6400, train entropy gap 0.7997 bits (loss 20.181, data 19.381) 
Epoch 17 Iter 6600, train entropy gap 0.7275 bits (loss 20.108, data 19.381) 
Epoch 17 Iter 6800, train entropy gap 0.7473 bits (loss 20.128, data 19.381) 
Epoch 17 Iter 7000, train entropy gap 0.8248 bits (loss 20.206, data 19.381) 
Epoch 17 Iter 7200, train entropy gap 0.7530 bits (loss 20.134, data 19.381) 
epoch 17 train loss 13.9351 nats / 20.1040 bits
time since start: 13232.7 secs
Epoch 18 Iter 0, train entropy gap 0.8536 bits (loss 20.234, data 19.381) 
Epoch 18 Iter 200, train entropy gap 0.9066 bits (loss 20.287, data 19.381) 
Epoch 18 Iter 400, train entropy gap 0.6825 bits (loss 20.063, data 19.381) 
Epoch 18 Iter 600, train entropy gap 0.5710 bits (loss 19.952, data 19.381) 
Epoch 18 Iter 800, train entropy gap 0.4750 bits (loss 19.856, data 19.381) 
Epoch 18 Iter 1000, train entropy gap 0.7328 bits (loss 20.114, data 19.381) 
Epoch 18 Iter 1200, train entropy gap 0.7226 bits (loss 20.103, data 19.381) 
Epoch 18 Iter 1400, train entropy gap 0.5647 bits (loss 19.945, data 19.381) 
Epoch 18 Iter 1600, train entropy gap 0.7528 bits (loss 20.134, data 19.381) 
Epoch 18 Iter 1800, train entropy gap 0.7621 bits (loss 20.143, data 19.381) 
Epoch 18 Iter 2000, train entropy gap 0.6032 bits (loss 19.984, data 19.381) 
Epoch 18 Iter 2200, train entropy gap 0.7730 bits (loss 20.154, data 19.381) 
Epoch 18 Iter 2400, train entropy gap 0.7080 bits (loss 20.089, data 19.381) 
Epoch 18 Iter 2600, train entropy gap 0.5776 bits (loss 19.958, data 19.381) 
Epoch 18 Iter 2800, train entropy gap 0.6834 bits (loss 20.064, data 19.381) 
Epoch 18 Iter 3000, train entropy gap 0.6860 bits (loss 20.067, data 19.381) 
Epoch 18 Iter 3200, train entropy gap 0.7463 bits (loss 20.127, data 19.381) 
Epoch 18 Iter 3400, train entropy gap 0.8834 bits (loss 20.264, data 19.381) 
Epoch 18 Iter 3600, train entropy gap 0.6122 bits (loss 19.993, data 19.381) 
Epoch 18 Iter 3800, train entropy gap 0.8407 bits (loss 20.222, data 19.381) 
Epoch 18 Iter 4000, train entropy gap 0.6686 bits (loss 20.049, data 19.381) 
Epoch 18 Iter 4200, train entropy gap 0.6693 bits (loss 20.050, data 19.381) 
Epoch 18 Iter 4400, train entropy gap 0.6945 bits (loss 20.075, data 19.381) 
Epoch 18 Iter 4600, train entropy gap 0.6435 bits (loss 20.024, data 19.381) 
Epoch 18 Iter 4800, train entropy gap 0.6769 bits (loss 20.058, data 19.381) 
Epoch 18 Iter 5000, train entropy gap 0.8647 bits (loss 20.246, data 19.381) 
Epoch 18 Iter 5200, train entropy gap 0.7961 bits (loss 20.177, data 19.381) 
Epoch 18 Iter 5400, train entropy gap 0.6137 bits (loss 19.995, data 19.381) 
Epoch 18 Iter 5600, train entropy gap 0.8920 bits (loss 20.273, data 19.381) 
Epoch 18 Iter 5800, train entropy gap 0.8450 bits (loss 20.226, data 19.381) 
Epoch 18 Iter 6000, train entropy gap 0.7716 bits (loss 20.152, data 19.381) 
Epoch 18 Iter 6200, train entropy gap 0.8543 bits (loss 20.235, data 19.381) 
Epoch 18 Iter 6400, train entropy gap 0.6923 bits (loss 20.073, data 19.381) 
Epoch 18 Iter 6600, train entropy gap 0.7349 bits (loss 20.116, data 19.381) 
Epoch 18 Iter 6800, train entropy gap 0.6945 bits (loss 20.075, data 19.381) 
Epoch 18 Iter 7000, train entropy gap 0.7198 bits (loss 20.101, data 19.381) 
Epoch 18 Iter 7200, train entropy gap 0.8371 bits (loss 20.218, data 19.381) 
epoch 18 train loss 13.9314 nats / 20.0988 bits
time since start: 13967.6 secs
Epoch 19 Iter 0, train entropy gap 0.8067 bits (loss 20.188, data 19.381) 
Epoch 19 Iter 200, train entropy gap 0.6648 bits (loss 20.046, data 19.381) 
Epoch 19 Iter 400, train entropy gap 0.6496 bits (loss 20.030, data 19.381) 
Epoch 19 Iter 600, train entropy gap 0.5577 bits (loss 19.938, data 19.381) 
Epoch 19 Iter 800, train entropy gap 0.7700 bits (loss 20.151, data 19.381) 
Epoch 19 Iter 1000, train entropy gap 0.6588 bits (loss 20.040, data 19.381) 
Epoch 19 Iter 1200, train entropy gap 0.7102 bits (loss 20.091, data 19.381) 
Epoch 19 Iter 1400, train entropy gap 0.5938 bits (loss 19.975, data 19.381) 
Epoch 19 Iter 1600, train entropy gap 0.8470 bits (loss 20.228, data 19.381) 
Epoch 19 Iter 1800, train entropy gap 0.6120 bits (loss 19.993, data 19.381) 
Epoch 19 Iter 2000, train entropy gap 0.9055 bits (loss 20.286, data 19.381) 
Epoch 19 Iter 2200, train entropy gap 0.5694 bits (loss 19.950, data 19.381) 
Epoch 19 Iter 2400, train entropy gap 0.7526 bits (loss 20.133, data 19.381) 
Epoch 19 Iter 2600, train entropy gap 0.7763 bits (loss 20.157, data 19.381) 
Epoch 19 Iter 2800, train entropy gap 0.7145 bits (loss 20.095, data 19.381) 
Epoch 19 Iter 3000, train entropy gap 0.6787 bits (loss 20.059, data 19.381) 
Epoch 19 Iter 3200, train entropy gap 0.7155 bits (loss 20.096, data 19.381) 
Epoch 19 Iter 3400, train entropy gap 0.8873 bits (loss 20.268, data 19.381) 
Epoch 19 Iter 3600, train entropy gap 0.6289 bits (loss 20.010, data 19.381) 
Epoch 19 Iter 3800, train entropy gap 0.5419 bits (loss 19.923, data 19.381) 
Epoch 19 Iter 4000, train entropy gap 0.8772 bits (loss 20.258, data 19.381) 
Epoch 19 Iter 4200, train entropy gap 0.7318 bits (loss 20.113, data 19.381) 
Epoch 19 Iter 4400, train entropy gap 0.6952 bits (loss 20.076, data 19.381) 
Epoch 19 Iter 4600, train entropy gap 0.6477 bits (loss 20.029, data 19.381) 
Epoch 19 Iter 4800, train entropy gap 0.7352 bits (loss 20.116, data 19.381) 
Epoch 19 Iter 5000, train entropy gap 0.8240 bits (loss 20.205, data 19.381) 
Epoch 19 Iter 5200, train entropy gap 0.6926 bits (loss 20.073, data 19.381) 
Epoch 19 Iter 5400, train entropy gap 0.7551 bits (loss 20.136, data 19.381) 
Epoch 19 Iter 5600, train entropy gap 0.8330 bits (loss 20.214, data 19.381) 
Epoch 19 Iter 5800, train entropy gap 0.7583 bits (loss 20.139, data 19.381) 
Epoch 19 Iter 6000, train entropy gap 0.7239 bits (loss 20.105, data 19.381) 
Epoch 19 Iter 6200, train entropy gap 0.6770 bits (loss 20.058, data 19.381) 
Epoch 19 Iter 6400, train entropy gap 0.6395 bits (loss 20.020, data 19.381) 
Epoch 19 Iter 6600, train entropy gap 0.7641 bits (loss 20.145, data 19.381) 
Epoch 19 Iter 6800, train entropy gap 0.9042 bits (loss 20.285, data 19.381) 
Epoch 19 Iter 7000, train entropy gap 0.7315 bits (loss 20.112, data 19.381) 
Epoch 19 Iter 7200, train entropy gap 0.5050 bits (loss 19.886, data 19.381) 
epoch 19 train loss 13.9277 nats / 20.0934 bits
time since start: 14702.8 secs
Training done; evaluating likelihood on full data:
Epoch None Iter 0, test loss 16.2412 nats / 23.4311 bits
Epoch None Iter 500, test loss 15.4151 nats / 22.2393 bits
Epoch None Iter 1000, test loss 13.1817 nats / 19.0172 bits
Epoch None Iter 1500, test loss 12.6567 nats / 18.2597 bits
Epoch None Iter 2000, test loss 13.2231 nats / 19.0770 bits
Epoch None Iter 2500, test loss 12.3118 nats / 17.7621 bits
Epoch None Iter 3000, test loss 13.6057 nats / 19.6289 bits
Epoch None Iter 3500, test loss 15.7507 nats / 22.7235 bits
Epoch None Iter 4000, test loss 12.7703 nats / 18.4236 bits
Epoch None Iter 4500, test loss 16.5857 nats / 23.9281 bits
Epoch None Iter 5000, test loss 17.3721 nats / 25.0626 bits
Epoch None Iter 5500, test loss 13.7117 nats / 19.7818 bits
Epoch None Iter 6000, test loss 13.7970 nats / 19.9048 bits
Epoch None Iter 6500, test loss 12.6819 nats / 18.2962 bits
Epoch None Iter 7000, test loss 15.2399 nats / 21.9866 bits
Saved to:
models/dmv-9.9MB-model20.101-data19.381-flash-blocks4-embed_dim256-expansion_factor2.0-posEmb-20epochs-seed0.pt
