Device cuda
Loading csv... done, took 6.7s
Parsing... done, took 5.1s
Entropy of DMV([Column(Record Type, distribution_size=8), Column(Registration Class, distribution_size=72), Column(State, distribution_size=79), Column(County, distribution_size=64), Column(Body Type, distribution_size=59), Column(Fuel Type, distribution_size=10), Column(Reg Valid Date, distribution_size=2884), Column(Color, distribution_size=222), Column(Scofflaw Indicator, distribution_size=3), Column(Suspension Indicator, distribution_size=3), Column(Revocation Indicator, distribution_size=3)]): 19.3808 bits
<class 'pandas.core.frame.DataFrame'>
RangeIndex: 7389597 entries, 0 to 7389596
Data columns (total 11 columns):
 #   Column                Dtype         
---  ------                -----         
 0   Record Type           object        
 1   Registration Class    object        
 2   State                 object        
 3   County                object        
 4   Body Type             object        
 5   Fuel Type             object        
 6   Reg Valid Date        datetime64[ns]
 7   Color                 object        
 8   Scofflaw Indicator    object        
 9   Suspension Indicator  object        
 10  Revocation Indicator  object        
dtypes: datetime64[ns](1), object(10)
memory usage: 620.2+ MB
None
ordering [ 0  1  2  3  4  5  6  7  8  9 10]
Number of model parameters: 2725012 (~= 10.4MB)
FLASHTransformer(
  (layers): Sequential(
    (0): FLASH(
      (attn_fn): ReLUSquared()
      (rotary_pos_emb): RotaryEmbedding()
      (rel_pos_bias): T5RelativePositionBias(
        (relative_attention_bias): Embedding(32, 1)
      )
      (norm): ScaleNorm()
      (dropout): Dropout(p=0.0, inplace=False)
      (to_hidden): Sequential(
        (0): Linear(in_features=256, out_features=1024, bias=True)
        (1): SiLU()
      )
      (to_qk): Sequential(
        (0): Linear(in_features=256, out_features=256, bias=True)
        (1): SiLU()
      )
      (qk_offset_scale): OffsetScale()
      (to_out): Linear(in_features=512, out_features=256, bias=True)
    )
    (1): FLASH(
      (attn_fn): ReLUSquared()
      (rotary_pos_emb): RotaryEmbedding()
      (rel_pos_bias): T5RelativePositionBias(
        (relative_attention_bias): Embedding(32, 1)
      )
      (norm): ScaleNorm()
      (dropout): Dropout(p=0.0, inplace=False)
      (to_hidden): Sequential(
        (0): Linear(in_features=256, out_features=1024, bias=True)
        (1): SiLU()
      )
      (to_qk): Sequential(
        (0): Linear(in_features=256, out_features=256, bias=True)
        (1): SiLU()
      )
      (qk_offset_scale): OffsetScale()
      (to_out): Linear(in_features=512, out_features=256, bias=True)
    )
    (2): FLASH(
      (attn_fn): ReLUSquared()
      (rotary_pos_emb): RotaryEmbedding()
      (rel_pos_bias): T5RelativePositionBias(
        (relative_attention_bias): Embedding(32, 1)
      )
      (norm): ScaleNorm()
      (dropout): Dropout(p=0.0, inplace=False)
      (to_hidden): Sequential(
        (0): Linear(in_features=256, out_features=1024, bias=True)
        (1): SiLU()
      )
      (to_qk): Sequential(
        (0): Linear(in_features=256, out_features=256, bias=True)
        (1): SiLU()
      )
      (qk_offset_scale): OffsetScale()
      (to_out): Linear(in_features=512, out_features=256, bias=True)
    )
    (3): FLASH(
      (attn_fn): ReLUSquared()
      (rotary_pos_emb): RotaryEmbedding()
      (rel_pos_bias): T5RelativePositionBias(
        (relative_attention_bias): Embedding(32, 1)
      )
      (norm): ScaleNorm()
      (dropout): Dropout(p=0.0, inplace=False)
      (to_hidden): Sequential(
        (0): Linear(in_features=256, out_features=1024, bias=True)
        (1): SiLU()
      )
      (to_qk): Sequential(
        (0): Linear(in_features=256, out_features=256, bias=True)
        (1): SiLU()
      )
      (qk_offset_scale): OffsetScale()
      (to_out): Linear(in_features=512, out_features=256, bias=True)
    )
  )
  (to_logits): LayerNorm((256,), eps=1e-05, elementwise_affine=True)
  (embeddings): ModuleList(
    (0): Embedding(8, 256)
    (1): Embedding(72, 256)
    (2): Embedding(79, 256)
    (3): Embedding(64, 256)
    (4): Embedding(59, 256)
    (5): Embedding(10, 256)
    (6): Embedding(2884, 256)
    (7): Embedding(222, 256)
    (8): Embedding(3, 256)
    (9): Embedding(3, 256)
    (10): Embedding(3, 256)
  )
  (pos_embeddings): Embedding(11, 256)
)
Discretizing table... done, took 4.7s
Epoch 0 Iter 0, train entropy gap 35.3061 bits (loss 54.687, data 19.381) 
Epoch 0 Iter 200, train entropy gap 26.7370 bits (loss 46.118, data 19.381) 
Epoch 0 Iter 400, train entropy gap 12.3735 bits (loss 31.754, data 19.381) 
Epoch 0 Iter 600, train entropy gap 6.0173 bits (loss 25.398, data 19.381) 
Epoch 0 Iter 800, train entropy gap 3.1067 bits (loss 22.488, data 19.381) 
Epoch 0 Iter 1000, train entropy gap 2.1249 bits (loss 21.506, data 19.381) 
Epoch 0 Iter 1200, train entropy gap 1.5193 bits (loss 20.900, data 19.381) 
Epoch 0 Iter 1400, train entropy gap 1.3832 bits (loss 20.764, data 19.381) 
Epoch 0 Iter 1600, train entropy gap 1.2006 bits (loss 20.581, data 19.381) 
Epoch 0 Iter 1800, train entropy gap 1.2570 bits (loss 20.638, data 19.381) 
Epoch 0 Iter 2000, train entropy gap 1.0736 bits (loss 20.454, data 19.381) 
Epoch 0 Iter 2200, train entropy gap 1.2965 bits (loss 20.677, data 19.381) 
Epoch 0 Iter 2400, train entropy gap 0.9445 bits (loss 20.325, data 19.381) 
Epoch 0 Iter 2600, train entropy gap 1.2400 bits (loss 20.621, data 19.381) 
Epoch 0 Iter 2800, train entropy gap 1.1006 bits (loss 20.481, data 19.381) 
Epoch 0 Iter 3000, train entropy gap 1.0899 bits (loss 20.471, data 19.381) 
Epoch 0 Iter 3200, train entropy gap 1.2137 bits (loss 20.595, data 19.381) 
Epoch 0 Iter 3400, train entropy gap 0.9864 bits (loss 20.367, data 19.381) 
Epoch 0 Iter 3600, train entropy gap 0.8606 bits (loss 20.241, data 19.381) 
Epoch 0 Iter 3800, train entropy gap 1.1414 bits (loss 20.522, data 19.381) 
Epoch 0 Iter 4000, train entropy gap 0.8768 bits (loss 20.258, data 19.381) 
Epoch 0 Iter 4200, train entropy gap 0.7918 bits (loss 20.173, data 19.381) 
Epoch 0 Iter 4400, train entropy gap 0.9808 bits (loss 20.362, data 19.381) 
Epoch 0 Iter 4600, train entropy gap 1.0022 bits (loss 20.383, data 19.381) 
Epoch 0 Iter 4800, train entropy gap 0.8619 bits (loss 20.243, data 19.381) 
Epoch 0 Iter 5000, train entropy gap 1.0107 bits (loss 20.392, data 19.381) 
Epoch 0 Iter 5200, train entropy gap 0.7984 bits (loss 20.179, data 19.381) 
Epoch 0 Iter 5400, train entropy gap 0.8678 bits (loss 20.249, data 19.381) 
Epoch 0 Iter 5600, train entropy gap 1.1094 bits (loss 20.490, data 19.381) 
Epoch 0 Iter 5800, train entropy gap 0.8988 bits (loss 20.280, data 19.381) 
Epoch 0 Iter 6000, train entropy gap 0.8934 bits (loss 20.274, data 19.381) 
Epoch 0 Iter 6200, train entropy gap 0.6915 bits (loss 20.072, data 19.381) 
Epoch 0 Iter 6400, train entropy gap 1.0133 bits (loss 20.394, data 19.381) 
Epoch 0 Iter 6600, train entropy gap 0.9480 bits (loss 20.329, data 19.381) 
Epoch 0 Iter 6800, train entropy gap 0.9163 bits (loss 20.297, data 19.381) 
Epoch 0 Iter 7000, train entropy gap 0.9701 bits (loss 20.351, data 19.381) 
Epoch 0 Iter 7200, train entropy gap 0.8594 bits (loss 20.240, data 19.381) 
epoch 0 train loss 15.3496 nats / 22.1448 bits
time since start: 652.0 secs
Epoch 1 Iter 0, train entropy gap 0.9902 bits (loss 20.371, data 19.381) 
Epoch 1 Iter 200, train entropy gap 0.8637 bits (loss 20.244, data 19.381) 
Epoch 1 Iter 400, train entropy gap 0.7820 bits (loss 20.163, data 19.381) 
Epoch 1 Iter 600, train entropy gap 1.0338 bits (loss 20.415, data 19.381) 
Epoch 1 Iter 800, train entropy gap 1.0026 bits (loss 20.383, data 19.381) 
Epoch 1 Iter 1000, train entropy gap 0.7804 bits (loss 20.161, data 19.381) 
Epoch 1 Iter 1200, train entropy gap 0.8278 bits (loss 20.209, data 19.381) 
Epoch 1 Iter 1400, train entropy gap 0.8986 bits (loss 20.279, data 19.381) 
Epoch 1 Iter 1600, train entropy gap 0.8242 bits (loss 20.205, data 19.381) 
Epoch 1 Iter 1800, train entropy gap 0.9359 bits (loss 20.317, data 19.381) 
Epoch 1 Iter 2000, train entropy gap 1.0469 bits (loss 20.428, data 19.381) 
Epoch 1 Iter 2200, train entropy gap 1.0828 bits (loss 20.464, data 19.381) 
Epoch 1 Iter 2400, train entropy gap 1.0265 bits (loss 20.407, data 19.381) 
Epoch 1 Iter 2600, train entropy gap 1.0024 bits (loss 20.383, data 19.381) 
Epoch 1 Iter 2800, train entropy gap 0.8385 bits (loss 20.219, data 19.381) 
Epoch 1 Iter 3000, train entropy gap 0.8273 bits (loss 20.208, data 19.381) 
Epoch 1 Iter 3200, train entropy gap 0.7422 bits (loss 20.123, data 19.381) 
Epoch 1 Iter 3400, train entropy gap 0.8335 bits (loss 20.214, data 19.381) 
Epoch 1 Iter 3600, train entropy gap 0.8608 bits (loss 20.242, data 19.381) 
Epoch 1 Iter 3800, train entropy gap 0.8162 bits (loss 20.197, data 19.381) 
Epoch 1 Iter 4000, train entropy gap 0.9508 bits (loss 20.332, data 19.381) 
Epoch 1 Iter 4200, train entropy gap 1.0709 bits (loss 20.452, data 19.381) 
Epoch 1 Iter 4400, train entropy gap 0.7130 bits (loss 20.094, data 19.381) 
Epoch 1 Iter 4600, train entropy gap 0.7926 bits (loss 20.173, data 19.381) 
Epoch 1 Iter 4800, train entropy gap 0.7025 bits (loss 20.083, data 19.381) 
Epoch 1 Iter 5000, train entropy gap 0.9239 bits (loss 20.305, data 19.381) 
Epoch 1 Iter 5200, train entropy gap 0.8058 bits (loss 20.187, data 19.381) 
Epoch 1 Iter 5400, train entropy gap 0.9727 bits (loss 20.354, data 19.381) 
Epoch 1 Iter 5600, train entropy gap 0.9341 bits (loss 20.315, data 19.381) 
Epoch 1 Iter 5800, train entropy gap 0.8391 bits (loss 20.220, data 19.381) 
Epoch 1 Iter 6000, train entropy gap 0.9976 bits (loss 20.378, data 19.381) 
Epoch 1 Iter 6200, train entropy gap 0.8457 bits (loss 20.226, data 19.381) 
Epoch 1 Iter 6400, train entropy gap 1.1398 bits (loss 20.521, data 19.381) 
Epoch 1 Iter 6600, train entropy gap 1.1243 bits (loss 20.505, data 19.381) 
Epoch 1 Iter 6800, train entropy gap 0.8078 bits (loss 20.189, data 19.381) 
Epoch 1 Iter 7000, train entropy gap 0.7611 bits (loss 20.142, data 19.381) 
Epoch 1 Iter 7200, train entropy gap 1.0027 bits (loss 20.384, data 19.381) 
epoch 1 train loss 14.0495 nats / 20.2691 bits
time since start: 1304.4 secs
Epoch 2 Iter 0, train entropy gap 0.8707 bits (loss 20.252, data 19.381) 
Epoch 2 Iter 200, train entropy gap 0.9017 bits (loss 20.283, data 19.381) 
Epoch 2 Iter 400, train entropy gap 0.9495 bits (loss 20.330, data 19.381) 
Epoch 2 Iter 600, train entropy gap 0.7449 bits (loss 20.126, data 19.381) 
Epoch 2 Iter 800, train entropy gap 1.1204 bits (loss 20.501, data 19.381) 
Epoch 2 Iter 1000, train entropy gap 0.9036 bits (loss 20.284, data 19.381) 
Epoch 2 Iter 1200, train entropy gap 0.7266 bits (loss 20.107, data 19.381) 
Epoch 2 Iter 1400, train entropy gap 0.7623 bits (loss 20.143, data 19.381) 
Epoch 2 Iter 1600, train entropy gap 0.8988 bits (loss 20.280, data 19.381) 
Epoch 2 Iter 1800, train entropy gap 0.8841 bits (loss 20.265, data 19.381) 
Epoch 2 Iter 2000, train entropy gap 0.7941 bits (loss 20.175, data 19.381) 
Epoch 2 Iter 2200, train entropy gap 0.8902 bits (loss 20.271, data 19.381) 
Epoch 2 Iter 2400, train entropy gap 0.9394 bits (loss 20.320, data 19.381) 
Epoch 2 Iter 2600, train entropy gap 0.7900 bits (loss 20.171, data 19.381) 
Epoch 2 Iter 2800, train entropy gap 0.7574 bits (loss 20.138, data 19.381) 
Epoch 2 Iter 3000, train entropy gap 0.7964 bits (loss 20.177, data 19.381) 
Epoch 2 Iter 3200, train entropy gap 0.9467 bits (loss 20.327, data 19.381) 
Epoch 2 Iter 3400, train entropy gap 0.8281 bits (loss 20.209, data 19.381) 
Epoch 2 Iter 3600, train entropy gap 0.6732 bits (loss 20.054, data 19.381) 
Epoch 2 Iter 3800, train entropy gap 0.9167 bits (loss 20.298, data 19.381) 
Epoch 2 Iter 4000, train entropy gap 0.7026 bits (loss 20.083, data 19.381) 
Epoch 2 Iter 4200, train entropy gap 0.8954 bits (loss 20.276, data 19.381) 
Epoch 2 Iter 4400, train entropy gap 0.8325 bits (loss 20.213, data 19.381) 
Epoch 2 Iter 4600, train entropy gap 0.9200 bits (loss 20.301, data 19.381) 
Epoch 2 Iter 4800, train entropy gap 0.6548 bits (loss 20.036, data 19.381) 
Epoch 2 Iter 5000, train entropy gap 0.7213 bits (loss 20.102, data 19.381) 
Epoch 2 Iter 5200, train entropy gap 0.8219 bits (loss 20.203, data 19.381) 
Epoch 2 Iter 5400, train entropy gap 0.7699 bits (loss 20.151, data 19.381) 
Epoch 2 Iter 5600, train entropy gap 0.6946 bits (loss 20.075, data 19.381) 
Epoch 2 Iter 5800, train entropy gap 1.0180 bits (loss 20.399, data 19.381) 
Epoch 2 Iter 6000, train entropy gap 0.9934 bits (loss 20.374, data 19.381) 
Epoch 2 Iter 6200, train entropy gap 0.9391 bits (loss 20.320, data 19.381) 
Epoch 2 Iter 6400, train entropy gap 0.9062 bits (loss 20.287, data 19.381) 
Epoch 2 Iter 6600, train entropy gap 0.7382 bits (loss 20.119, data 19.381) 
Epoch 2 Iter 6800, train entropy gap 0.8898 bits (loss 20.271, data 19.381) 
Epoch 2 Iter 7000, train entropy gap 0.7064 bits (loss 20.087, data 19.381) 
Epoch 2 Iter 7200, train entropy gap 0.9690 bits (loss 20.350, data 19.381) 
epoch 2 train loss 14.0326 nats / 20.2448 bits
time since start: 1957.2 secs
Epoch 3 Iter 0, train entropy gap 0.7825 bits (loss 20.163, data 19.381) 
Epoch 3 Iter 200, train entropy gap 0.9106 bits (loss 20.291, data 19.381) 
Epoch 3 Iter 400, train entropy gap 0.8354 bits (loss 20.216, data 19.381) 
Epoch 3 Iter 600, train entropy gap 0.8005 bits (loss 20.181, data 19.381) 
Epoch 3 Iter 800, train entropy gap 0.8653 bits (loss 20.246, data 19.381) 
Epoch 3 Iter 1000, train entropy gap 0.7538 bits (loss 20.135, data 19.381) 
Epoch 3 Iter 1200, train entropy gap 0.9412 bits (loss 20.322, data 19.381) 
Epoch 3 Iter 1400, train entropy gap 1.0150 bits (loss 20.396, data 19.381) 
Epoch 3 Iter 1600, train entropy gap 0.9456 bits (loss 20.326, data 19.381) 
Epoch 3 Iter 1800, train entropy gap 0.7800 bits (loss 20.161, data 19.381) 
Epoch 3 Iter 2000, train entropy gap 0.8934 bits (loss 20.274, data 19.381) 
Epoch 3 Iter 2200, train entropy gap 0.7642 bits (loss 20.145, data 19.381) 
Epoch 3 Iter 2400, train entropy gap 0.8119 bits (loss 20.193, data 19.381) 
Epoch 3 Iter 2600, train entropy gap 0.9353 bits (loss 20.316, data 19.381) 
Epoch 3 Iter 2800, train entropy gap 0.7329 bits (loss 20.114, data 19.381) 
Epoch 3 Iter 3000, train entropy gap 0.9658 bits (loss 20.347, data 19.381) 
Epoch 3 Iter 3200, train entropy gap 0.7669 bits (loss 20.148, data 19.381) 
Epoch 3 Iter 3400, train entropy gap 0.7747 bits (loss 20.155, data 19.381) 
Epoch 3 Iter 3600, train entropy gap 0.7846 bits (loss 20.165, data 19.381) 
Epoch 3 Iter 3800, train entropy gap 1.1036 bits (loss 20.484, data 19.381) 
Epoch 3 Iter 4000, train entropy gap 0.8287 bits (loss 20.210, data 19.381) 
Epoch 3 Iter 4200, train entropy gap 0.6551 bits (loss 20.036, data 19.381) 
Epoch 3 Iter 4400, train entropy gap 0.6798 bits (loss 20.061, data 19.381) 
Epoch 3 Iter 4600, train entropy gap 0.6219 bits (loss 20.003, data 19.381) 
Epoch 3 Iter 4800, train entropy gap 0.8869 bits (loss 20.268, data 19.381) 
Epoch 3 Iter 5000, train entropy gap 0.7675 bits (loss 20.148, data 19.381) 
Epoch 3 Iter 5200, train entropy gap 0.8033 bits (loss 20.184, data 19.381) 
Epoch 3 Iter 5400, train entropy gap 0.8220 bits (loss 20.203, data 19.381) 
Epoch 3 Iter 5600, train entropy gap 0.8868 bits (loss 20.268, data 19.381) 
Epoch 3 Iter 5800, train entropy gap 0.9360 bits (loss 20.317, data 19.381) 
Epoch 3 Iter 6000, train entropy gap 1.0554 bits (loss 20.436, data 19.381) 
Epoch 3 Iter 6200, train entropy gap 0.7270 bits (loss 20.108, data 19.381) 
Epoch 3 Iter 6400, train entropy gap 0.6964 bits (loss 20.077, data 19.381) 
Epoch 3 Iter 6600, train entropy gap 0.8339 bits (loss 20.215, data 19.381) 
Epoch 3 Iter 6800, train entropy gap 0.8994 bits (loss 20.280, data 19.381) 
Epoch 3 Iter 7000, train entropy gap 0.9597 bits (loss 20.341, data 19.381) 
Epoch 3 Iter 7200, train entropy gap 0.8575 bits (loss 20.238, data 19.381) 
epoch 3 train loss 14.0144 nats / 20.2185 bits
time since start: 2609.7 secs
Epoch 4 Iter 0, train entropy gap 0.8048 bits (loss 20.186, data 19.381) 
Epoch 4 Iter 200, train entropy gap 0.9688 bits (loss 20.350, data 19.381) 
Epoch 4 Iter 400, train entropy gap 0.8789 bits (loss 20.260, data 19.381) 
Epoch 4 Iter 600, train entropy gap 0.7747 bits (loss 20.155, data 19.381) 
Epoch 4 Iter 800, train entropy gap 0.8165 bits (loss 20.197, data 19.381) 
Epoch 4 Iter 1000, train entropy gap 0.7793 bits (loss 20.160, data 19.381) 
Epoch 4 Iter 1200, train entropy gap 0.7287 bits (loss 20.109, data 19.381) 
Epoch 4 Iter 1400, train entropy gap 0.8341 bits (loss 20.215, data 19.381) 
Epoch 4 Iter 1600, train entropy gap 0.8590 bits (loss 20.240, data 19.381) 
Epoch 4 Iter 1800, train entropy gap 0.8340 bits (loss 20.215, data 19.381) 
Epoch 4 Iter 2000, train entropy gap 0.8511 bits (loss 20.232, data 19.381) 
Epoch 4 Iter 2200, train entropy gap 0.6411 bits (loss 20.022, data 19.381) 
Epoch 4 Iter 2400, train entropy gap 0.8296 bits (loss 20.210, data 19.381) 
Epoch 4 Iter 2600, train entropy gap 0.8245 bits (loss 20.205, data 19.381) 
Epoch 4 Iter 2800, train entropy gap 0.9496 bits (loss 20.330, data 19.381) 
Epoch 4 Iter 3000, train entropy gap 1.0115 bits (loss 20.392, data 19.381) 
Epoch 4 Iter 3200, train entropy gap 0.5969 bits (loss 19.978, data 19.381) 
Epoch 4 Iter 3400, train entropy gap 0.8095 bits (loss 20.190, data 19.381) 
Epoch 4 Iter 3600, train entropy gap 0.7657 bits (loss 20.147, data 19.381) 
Epoch 4 Iter 3800, train entropy gap 0.8175 bits (loss 20.198, data 19.381) 
Epoch 4 Iter 4000, train entropy gap 0.6940 bits (loss 20.075, data 19.381) 
Epoch 4 Iter 4200, train entropy gap 0.8238 bits (loss 20.205, data 19.381) 
Epoch 4 Iter 4400, train entropy gap 0.7297 bits (loss 20.111, data 19.381) 
Epoch 4 Iter 4600, train entropy gap 0.9335 bits (loss 20.314, data 19.381) 
Epoch 4 Iter 4800, train entropy gap 0.9149 bits (loss 20.296, data 19.381) 
Epoch 4 Iter 5000, train entropy gap 0.9961 bits (loss 20.377, data 19.381) 
Epoch 4 Iter 5200, train entropy gap 0.9008 bits (loss 20.282, data 19.381) 
Epoch 4 Iter 5400, train entropy gap 0.9850 bits (loss 20.366, data 19.381) 
Epoch 4 Iter 5600, train entropy gap 0.7431 bits (loss 20.124, data 19.381) 
Epoch 4 Iter 5800, train entropy gap 0.8594 bits (loss 20.240, data 19.381) 
Epoch 4 Iter 6000, train entropy gap 0.8128 bits (loss 20.194, data 19.381) 
Epoch 4 Iter 6200, train entropy gap 0.9059 bits (loss 20.287, data 19.381) 
Epoch 4 Iter 6400, train entropy gap 0.8348 bits (loss 20.216, data 19.381) 
Epoch 4 Iter 6600, train entropy gap 0.9157 bits (loss 20.297, data 19.381) 
Epoch 4 Iter 6800, train entropy gap 0.5886 bits (loss 19.969, data 19.381) 
Epoch 4 Iter 7000, train entropy gap 0.6388 bits (loss 20.020, data 19.381) 
Epoch 4 Iter 7200, train entropy gap 0.8129 bits (loss 20.194, data 19.381) 
epoch 4 train loss 13.9988 nats / 20.1960 bits
time since start: 3262.1 secs
Epoch 5 Iter 0, train entropy gap 0.7129 bits (loss 20.094, data 19.381) 
Epoch 5 Iter 200, train entropy gap 0.9031 bits (loss 20.284, data 19.381) 
Epoch 5 Iter 400, train entropy gap 0.8961 bits (loss 20.277, data 19.381) 
Epoch 5 Iter 600, train entropy gap 0.7711 bits (loss 20.152, data 19.381) 
Epoch 5 Iter 800, train entropy gap 0.7819 bits (loss 20.163, data 19.381) 
Epoch 5 Iter 1000, train entropy gap 0.8260 bits (loss 20.207, data 19.381) 
Epoch 5 Iter 1200, train entropy gap 0.6231 bits (loss 20.004, data 19.381) 
Epoch 5 Iter 1400, train entropy gap 0.6512 bits (loss 20.032, data 19.381) 
Epoch 5 Iter 1600, train entropy gap 0.7441 bits (loss 20.125, data 19.381) 
Epoch 5 Iter 1800, train entropy gap 0.7520 bits (loss 20.133, data 19.381) 
Epoch 5 Iter 2000, train entropy gap 0.7879 bits (loss 20.169, data 19.381) 
Epoch 5 Iter 2200, train entropy gap 0.9384 bits (loss 20.319, data 19.381) 
Epoch 5 Iter 2400, train entropy gap 0.9055 bits (loss 20.286, data 19.381) 
Epoch 5 Iter 2600, train entropy gap 0.7886 bits (loss 20.169, data 19.381) 
Epoch 5 Iter 2800, train entropy gap 0.8763 bits (loss 20.257, data 19.381) 
Epoch 5 Iter 3000, train entropy gap 0.6593 bits (loss 20.040, data 19.381) 
Epoch 5 Iter 3200, train entropy gap 1.0323 bits (loss 20.413, data 19.381) 
Epoch 5 Iter 3400, train entropy gap 0.8486 bits (loss 20.229, data 19.381) 
Epoch 5 Iter 3600, train entropy gap 0.9090 bits (loss 20.290, data 19.381) 
Epoch 5 Iter 3800, train entropy gap 0.6628 bits (loss 20.044, data 19.381) 
Epoch 5 Iter 4000, train entropy gap 0.5389 bits (loss 19.920, data 19.381) 
Epoch 5 Iter 4200, train entropy gap 1.0736 bits (loss 20.454, data 19.381) 
Epoch 5 Iter 4400, train entropy gap 0.6374 bits (loss 20.018, data 19.381) 
Epoch 5 Iter 4600, train entropy gap 0.6768 bits (loss 20.058, data 19.381) 
Epoch 5 Iter 4800, train entropy gap 0.7641 bits (loss 20.145, data 19.381) 
Epoch 5 Iter 5000, train entropy gap 0.7845 bits (loss 20.165, data 19.381) 
Epoch 5 Iter 5200, train entropy gap 1.0253 bits (loss 20.406, data 19.381) 
Epoch 5 Iter 5400, train entropy gap 0.8122 bits (loss 20.193, data 19.381) 
Epoch 5 Iter 5600, train entropy gap 0.7928 bits (loss 20.174, data 19.381) 
Epoch 5 Iter 5800, train entropy gap 0.9073 bits (loss 20.288, data 19.381) 
Epoch 5 Iter 6000, train entropy gap 0.8140 bits (loss 20.195, data 19.381) 
Epoch 5 Iter 6200, train entropy gap 0.9487 bits (loss 20.330, data 19.381) 
Epoch 5 Iter 6400, train entropy gap 0.8383 bits (loss 20.219, data 19.381) 
Epoch 5 Iter 6600, train entropy gap 0.6410 bits (loss 20.022, data 19.381) 
Epoch 5 Iter 6800, train entropy gap 0.7659 bits (loss 20.147, data 19.381) 
Epoch 5 Iter 7000, train entropy gap 0.8510 bits (loss 20.232, data 19.381) 
Epoch 5 Iter 7200, train entropy gap 0.7081 bits (loss 20.089, data 19.381) 
epoch 5 train loss 13.9876 nats / 20.1798 bits
time since start: 3914.7 secs
Epoch 6 Iter 0, train entropy gap 0.6153 bits (loss 19.996, data 19.381) 
Epoch 6 Iter 200, train entropy gap 0.8770 bits (loss 20.258, data 19.381) 
Epoch 6 Iter 400, train entropy gap 0.6182 bits (loss 19.999, data 19.381) 
Epoch 6 Iter 600, train entropy gap 0.7049 bits (loss 20.086, data 19.381) 
Epoch 6 Iter 800, train entropy gap 0.6415 bits (loss 20.022, data 19.381) 
Epoch 6 Iter 1000, train entropy gap 0.6520 bits (loss 20.033, data 19.381) 
Epoch 6 Iter 1200, train entropy gap 0.7549 bits (loss 20.136, data 19.381) 
Epoch 6 Iter 1400, train entropy gap 0.6600 bits (loss 20.041, data 19.381) 
Epoch 6 Iter 1600, train entropy gap 0.7822 bits (loss 20.163, data 19.381) 
Epoch 6 Iter 1800, train entropy gap 0.7874 bits (loss 20.168, data 19.381) 
Epoch 6 Iter 2000, train entropy gap 0.7027 bits (loss 20.084, data 19.381) 
Epoch 6 Iter 2200, train entropy gap 0.8701 bits (loss 20.251, data 19.381) 
Epoch 6 Iter 2400, train entropy gap 0.6277 bits (loss 20.009, data 19.381) 
Epoch 6 Iter 2600, train entropy gap 0.8520 bits (loss 20.233, data 19.381) 
Epoch 6 Iter 2800, train entropy gap 0.7118 bits (loss 20.093, data 19.381) 
Epoch 6 Iter 3000, train entropy gap 0.5583 bits (loss 19.939, data 19.381) 
Epoch 6 Iter 3200, train entropy gap 0.8754 bits (loss 20.256, data 19.381) 
Epoch 6 Iter 3400, train entropy gap 0.7723 bits (loss 20.153, data 19.381) 
Epoch 6 Iter 3600, train entropy gap 0.6399 bits (loss 20.021, data 19.381) 
Epoch 6 Iter 3800, train entropy gap 0.8510 bits (loss 20.232, data 19.381) 
Epoch 6 Iter 4000, train entropy gap 0.8795 bits (loss 20.260, data 19.381) 
Epoch 6 Iter 4200, train entropy gap 0.6816 bits (loss 20.062, data 19.381) 
Epoch 6 Iter 4400, train entropy gap 0.8355 bits (loss 20.216, data 19.381) 
Epoch 6 Iter 4600, train entropy gap 0.5496 bits (loss 19.930, data 19.381) 
Epoch 6 Iter 4800, train entropy gap 0.8403 bits (loss 20.221, data 19.381) 
Epoch 6 Iter 5000, train entropy gap 0.7397 bits (loss 20.121, data 19.381) 
Epoch 6 Iter 5200, train entropy gap 0.8513 bits (loss 20.232, data 19.381) 
Epoch 6 Iter 5400, train entropy gap 0.6599 bits (loss 20.041, data 19.381) 
Epoch 6 Iter 5600, train entropy gap 0.7819 bits (loss 20.163, data 19.381) 
Epoch 6 Iter 5800, train entropy gap 0.6049 bits (loss 19.986, data 19.381) 
Epoch 6 Iter 6000, train entropy gap 0.7007 bits (loss 20.081, data 19.381) 
Epoch 6 Iter 6200, train entropy gap 0.9683 bits (loss 20.349, data 19.381) 
Epoch 6 Iter 6400, train entropy gap 0.6834 bits (loss 20.064, data 19.381) 
Epoch 6 Iter 6600, train entropy gap 0.7976 bits (loss 20.178, data 19.381) 
Epoch 6 Iter 6800, train entropy gap 0.7527 bits (loss 20.134, data 19.381) 
Epoch 6 Iter 7000, train entropy gap 0.8845 bits (loss 20.265, data 19.381) 
Epoch 6 Iter 7200, train entropy gap 0.8285 bits (loss 20.209, data 19.381) 
epoch 6 train loss 13.9784 nats / 20.1666 bits
time since start: 4567.1 secs
Epoch 7 Iter 0, train entropy gap 0.6809 bits (loss 20.062, data 19.381) 
Epoch 7 Iter 200, train entropy gap 0.8534 bits (loss 20.234, data 19.381) 
Epoch 7 Iter 400, train entropy gap 0.5078 bits (loss 19.889, data 19.381) 
Epoch 7 Iter 600, train entropy gap 0.7606 bits (loss 20.141, data 19.381) 
Epoch 7 Iter 800, train entropy gap 0.8877 bits (loss 20.269, data 19.381) 
Epoch 7 Iter 1000, train entropy gap 0.8402 bits (loss 20.221, data 19.381) 
Epoch 7 Iter 1200, train entropy gap 0.9329 bits (loss 20.314, data 19.381) 
Epoch 7 Iter 1400, train entropy gap 0.5995 bits (loss 19.980, data 19.381) 
Epoch 7 Iter 1600, train entropy gap 0.9064 bits (loss 20.287, data 19.381) 
Epoch 7 Iter 1800, train entropy gap 0.7830 bits (loss 20.164, data 19.381) 
Epoch 7 Iter 2000, train entropy gap 0.7257 bits (loss 20.107, data 19.381) 
Epoch 7 Iter 2200, train entropy gap 0.5098 bits (loss 19.891, data 19.381) 
Epoch 7 Iter 2400, train entropy gap 0.7725 bits (loss 20.153, data 19.381) 
Epoch 7 Iter 2600, train entropy gap 0.8159 bits (loss 20.197, data 19.381) 
Epoch 7 Iter 2800, train entropy gap 0.8811 bits (loss 20.262, data 19.381) 
Epoch 7 Iter 3000, train entropy gap 0.6687 bits (loss 20.050, data 19.381) 
Epoch 7 Iter 3200, train entropy gap 0.7461 bits (loss 20.127, data 19.381) 
Epoch 7 Iter 3400, train entropy gap 0.6617 bits (loss 20.042, data 19.381) 
Epoch 7 Iter 3600, train entropy gap 0.6325 bits (loss 20.013, data 19.381) 
Epoch 7 Iter 3800, train entropy gap 1.0136 bits (loss 20.394, data 19.381) 
Epoch 7 Iter 4000, train entropy gap 0.7897 bits (loss 20.170, data 19.381) 
Epoch 7 Iter 4200, train entropy gap 0.9421 bits (loss 20.323, data 19.381) 
Epoch 7 Iter 4400, train entropy gap 0.8409 bits (loss 20.222, data 19.381) 
Epoch 7 Iter 4600, train entropy gap 0.7583 bits (loss 20.139, data 19.381) 
Epoch 7 Iter 4800, train entropy gap 0.7336 bits (loss 20.114, data 19.381) 
Epoch 7 Iter 5000, train entropy gap 0.6729 bits (loss 20.054, data 19.381) 
Epoch 7 Iter 5200, train entropy gap 0.7577 bits (loss 20.138, data 19.381) 
Epoch 7 Iter 5400, train entropy gap 0.7217 bits (loss 20.102, data 19.381) 
Epoch 7 Iter 5600, train entropy gap 0.7624 bits (loss 20.143, data 19.381) 
Epoch 7 Iter 5800, train entropy gap 0.5996 bits (loss 19.980, data 19.381) 
Epoch 7 Iter 6000, train entropy gap 0.7914 bits (loss 20.172, data 19.381) 
Epoch 7 Iter 6200, train entropy gap 0.8493 bits (loss 20.230, data 19.381) 
Epoch 7 Iter 6400, train entropy gap 1.0382 bits (loss 20.419, data 19.381) 
Epoch 7 Iter 6600, train entropy gap 0.8038 bits (loss 20.185, data 19.381) 
Epoch 7 Iter 6800, train entropy gap 0.8989 bits (loss 20.280, data 19.381) 
Epoch 7 Iter 7000, train entropy gap 0.7335 bits (loss 20.114, data 19.381) 
Epoch 7 Iter 7200, train entropy gap 0.7147 bits (loss 20.095, data 19.381) 
epoch 7 train loss 13.9703 nats / 20.1548 bits
time since start: 5219.4 secs
Epoch 8 Iter 0, train entropy gap 0.7101 bits (loss 20.091, data 19.381) 
Epoch 8 Iter 200, train entropy gap 0.5696 bits (loss 19.950, data 19.381) 
Epoch 8 Iter 400, train entropy gap 0.8738 bits (loss 20.255, data 19.381) 
Epoch 8 Iter 600, train entropy gap 0.4654 bits (loss 19.846, data 19.381) 
Epoch 8 Iter 800, train entropy gap 0.7601 bits (loss 20.141, data 19.381) 
Epoch 8 Iter 1000, train entropy gap 0.7637 bits (loss 20.145, data 19.381) 
Epoch 8 Iter 1200, train entropy gap 0.7151 bits (loss 20.096, data 19.381) 
Epoch 8 Iter 1400, train entropy gap 0.6588 bits (loss 20.040, data 19.381) 
Epoch 8 Iter 1600, train entropy gap 0.6962 bits (loss 20.077, data 19.381) 
Epoch 8 Iter 1800, train entropy gap 0.6051 bits (loss 19.986, data 19.381) 
Epoch 8 Iter 2000, train entropy gap 0.7340 bits (loss 20.115, data 19.381) 
Epoch 8 Iter 2200, train entropy gap 0.9799 bits (loss 20.361, data 19.381) 
Epoch 8 Iter 2400, train entropy gap 0.6737 bits (loss 20.055, data 19.381) 
Epoch 8 Iter 2600, train entropy gap 0.7005 bits (loss 20.081, data 19.381) 
Epoch 8 Iter 2800, train entropy gap 0.7752 bits (loss 20.156, data 19.381) 
Epoch 8 Iter 3000, train entropy gap 0.6611 bits (loss 20.042, data 19.381) 
Epoch 8 Iter 3200, train entropy gap 0.6905 bits (loss 20.071, data 19.381) 
Epoch 8 Iter 3400, train entropy gap 0.7726 bits (loss 20.153, data 19.381) 
Epoch 8 Iter 3600, train entropy gap 0.8815 bits (loss 20.262, data 19.381) 
Epoch 8 Iter 3800, train entropy gap 0.7239 bits (loss 20.105, data 19.381) 
Epoch 8 Iter 4000, train entropy gap 0.8728 bits (loss 20.254, data 19.381) 
Epoch 8 Iter 4200, train entropy gap 0.7791 bits (loss 20.160, data 19.381) 
Epoch 8 Iter 4400, train entropy gap 0.8601 bits (loss 20.241, data 19.381) 
Epoch 8 Iter 4600, train entropy gap 0.7374 bits (loss 20.118, data 19.381) 
Epoch 8 Iter 4800, train entropy gap 0.7283 bits (loss 20.109, data 19.381) 
Epoch 8 Iter 5000, train entropy gap 0.8081 bits (loss 20.189, data 19.381) 
Epoch 8 Iter 5200, train entropy gap 0.7991 bits (loss 20.180, data 19.381) 
Epoch 8 Iter 5400, train entropy gap 0.6437 bits (loss 20.025, data 19.381) 
Epoch 8 Iter 5600, train entropy gap 0.5663 bits (loss 19.947, data 19.381) 
Epoch 8 Iter 5800, train entropy gap 0.7364 bits (loss 20.117, data 19.381) 
Epoch 8 Iter 6000, train entropy gap 0.8030 bits (loss 20.184, data 19.381) 
Epoch 8 Iter 6200, train entropy gap 0.6657 bits (loss 20.046, data 19.381) 
Epoch 8 Iter 6400, train entropy gap 0.7822 bits (loss 20.163, data 19.381) 
Epoch 8 Iter 6600, train entropy gap 0.9355 bits (loss 20.316, data 19.381) 
Epoch 8 Iter 6800, train entropy gap 0.9565 bits (loss 20.337, data 19.381) 
Epoch 8 Iter 7000, train entropy gap 0.7013 bits (loss 20.082, data 19.381) 
Epoch 8 Iter 7200, train entropy gap 0.8840 bits (loss 20.265, data 19.381) 
epoch 8 train loss 13.9627 nats / 20.1439 bits
time since start: 5871.7 secs
Epoch 9 Iter 0, train entropy gap 0.7899 bits (loss 20.171, data 19.381) 
Epoch 9 Iter 200, train entropy gap 0.7560 bits (loss 20.137, data 19.381) 
Epoch 9 Iter 400, train entropy gap 0.7569 bits (loss 20.138, data 19.381) 
Epoch 9 Iter 600, train entropy gap 0.5652 bits (loss 19.946, data 19.381) 
Epoch 9 Iter 800, train entropy gap 0.8232 bits (loss 20.204, data 19.381) 
Epoch 9 Iter 1000, train entropy gap 0.6092 bits (loss 19.990, data 19.381) 
Epoch 9 Iter 1200, train entropy gap 0.8873 bits (loss 20.268, data 19.381) 
Epoch 9 Iter 1400, train entropy gap 0.6822 bits (loss 20.063, data 19.381) 
Epoch 9 Iter 1600, train entropy gap 0.8124 bits (loss 20.193, data 19.381) 
Epoch 9 Iter 1800, train entropy gap 0.7666 bits (loss 20.147, data 19.381) 
Epoch 9 Iter 2000, train entropy gap 0.7343 bits (loss 20.115, data 19.381) 
Epoch 9 Iter 2200, train entropy gap 0.7423 bits (loss 20.123, data 19.381) 
Epoch 9 Iter 2400, train entropy gap 0.8603 bits (loss 20.241, data 19.381) 
Epoch 9 Iter 2600, train entropy gap 0.7406 bits (loss 20.121, data 19.381) 
Epoch 9 Iter 2800, train entropy gap 0.6444 bits (loss 20.025, data 19.381) 
Epoch 9 Iter 3000, train entropy gap 0.6979 bits (loss 20.079, data 19.381) 
Epoch 9 Iter 3200, train entropy gap 0.7373 bits (loss 20.118, data 19.381) 
Epoch 9 Iter 3400, train entropy gap 0.7336 bits (loss 20.114, data 19.381) 
Epoch 9 Iter 3600, train entropy gap 0.8301 bits (loss 20.211, data 19.381) 
Epoch 9 Iter 3800, train entropy gap 0.8646 bits (loss 20.245, data 19.381) 
Epoch 9 Iter 4000, train entropy gap 0.7194 bits (loss 20.100, data 19.381) 
Epoch 9 Iter 4200, train entropy gap 0.8936 bits (loss 20.274, data 19.381) 
Epoch 9 Iter 4400, train entropy gap 0.7233 bits (loss 20.104, data 19.381) 
Epoch 9 Iter 4600, train entropy gap 0.6952 bits (loss 20.076, data 19.381) 
Epoch 9 Iter 4800, train entropy gap 0.7113 bits (loss 20.092, data 19.381) 
Epoch 9 Iter 5000, train entropy gap 0.6611 bits (loss 20.042, data 19.381) 
Epoch 9 Iter 5200, train entropy gap 0.8292 bits (loss 20.210, data 19.381) 
Epoch 9 Iter 5400, train entropy gap 0.8575 bits (loss 20.238, data 19.381) 
Epoch 9 Iter 5600, train entropy gap 0.7808 bits (loss 20.162, data 19.381) 
Epoch 9 Iter 5800, train entropy gap 0.8737 bits (loss 20.254, data 19.381) 
Epoch 9 Iter 6000, train entropy gap 0.7173 bits (loss 20.098, data 19.381) 
Epoch 9 Iter 6200, train entropy gap 0.8713 bits (loss 20.252, data 19.381) 
Epoch 9 Iter 6400, train entropy gap 0.8559 bits (loss 20.237, data 19.381) 
Epoch 9 Iter 6600, train entropy gap 0.8253 bits (loss 20.206, data 19.381) 
Epoch 9 Iter 6800, train entropy gap 0.8378 bits (loss 20.219, data 19.381) 
Epoch 9 Iter 7000, train entropy gap 0.7957 bits (loss 20.177, data 19.381) 
Epoch 9 Iter 7200, train entropy gap 0.7530 bits (loss 20.134, data 19.381) 
epoch 9 train loss 13.9556 nats / 20.1336 bits
time since start: 6524.1 secs
Epoch 10 Iter 0, train entropy gap 0.6744 bits (loss 20.055, data 19.381) 
Epoch 10 Iter 200, train entropy gap 0.6617 bits (loss 20.043, data 19.381) 
Epoch 10 Iter 400, train entropy gap 0.5257 bits (loss 19.906, data 19.381) 
Epoch 10 Iter 600, train entropy gap 0.7983 bits (loss 20.179, data 19.381) 
Epoch 10 Iter 800, train entropy gap 0.6809 bits (loss 20.062, data 19.381) 
Epoch 10 Iter 1000, train entropy gap 0.8393 bits (loss 20.220, data 19.381) 
Epoch 10 Iter 1200, train entropy gap 0.7258 bits (loss 20.107, data 19.381) 
Epoch 10 Iter 1400, train entropy gap 0.6568 bits (loss 20.038, data 19.381) 
Epoch 10 Iter 1600, train entropy gap 0.6872 bits (loss 20.068, data 19.381) 
Epoch 10 Iter 1800, train entropy gap 0.7685 bits (loss 20.149, data 19.381) 
Epoch 10 Iter 2000, train entropy gap 0.8539 bits (loss 20.235, data 19.381) 
Epoch 10 Iter 2200, train entropy gap 0.7945 bits (loss 20.175, data 19.381) 
Epoch 10 Iter 2400, train entropy gap 0.8361 bits (loss 20.217, data 19.381) 
Epoch 10 Iter 2600, train entropy gap 0.8572 bits (loss 20.238, data 19.381) 
Epoch 10 Iter 2800, train entropy gap 0.8076 bits (loss 20.188, data 19.381) 
Epoch 10 Iter 3000, train entropy gap 0.6763 bits (loss 20.057, data 19.381) 
Epoch 10 Iter 3200, train entropy gap 0.8829 bits (loss 20.264, data 19.381) 
Epoch 10 Iter 3400, train entropy gap 0.6643 bits (loss 20.045, data 19.381) 
Epoch 10 Iter 3600, train entropy gap 0.7657 bits (loss 20.147, data 19.381) 
Epoch 10 Iter 3800, train entropy gap 0.7661 bits (loss 20.147, data 19.381) 
Epoch 10 Iter 4000, train entropy gap 0.7419 bits (loss 20.123, data 19.381) 
Epoch 10 Iter 4200, train entropy gap 0.8372 bits (loss 20.218, data 19.381) 
Epoch 10 Iter 4400, train entropy gap 0.7691 bits (loss 20.150, data 19.381) 
Epoch 10 Iter 4600, train entropy gap 0.6987 bits (loss 20.080, data 19.381) 
Epoch 10 Iter 4800, train entropy gap 0.9414 bits (loss 20.322, data 19.381) 
Epoch 10 Iter 5000, train entropy gap 1.0282 bits (loss 20.409, data 19.381) 
Epoch 10 Iter 5200, train entropy gap 0.6589 bits (loss 20.040, data 19.381) 
Epoch 10 Iter 5400, train entropy gap 0.6509 bits (loss 20.032, data 19.381) 
Epoch 10 Iter 5600, train entropy gap 0.7979 bits (loss 20.179, data 19.381) 
Epoch 10 Iter 5800, train entropy gap 0.7927 bits (loss 20.173, data 19.381) 
Epoch 10 Iter 6000, train entropy gap 0.7250 bits (loss 20.106, data 19.381) 
Epoch 10 Iter 6200, train entropy gap 0.7785 bits (loss 20.159, data 19.381) 
Epoch 10 Iter 6400, train entropy gap 0.7670 bits (loss 20.148, data 19.381) 
Epoch 10 Iter 6600, train entropy gap 0.7081 bits (loss 20.089, data 19.381) 
Epoch 10 Iter 6800, train entropy gap 0.7471 bits (loss 20.128, data 19.381) 
Epoch 10 Iter 7000, train entropy gap 0.8718 bits (loss 20.253, data 19.381) 
Epoch 10 Iter 7200, train entropy gap 0.5107 bits (loss 19.892, data 19.381) 
epoch 10 train loss 13.9486 nats / 20.1235 bits
time since start: 7176.7 secs
Epoch 11 Iter 0, train entropy gap 0.5457 bits (loss 19.926, data 19.381) 
Epoch 11 Iter 200, train entropy gap 0.6928 bits (loss 20.074, data 19.381) 
Epoch 11 Iter 400, train entropy gap 0.6548 bits (loss 20.036, data 19.381) 
Epoch 11 Iter 600, train entropy gap 0.8199 bits (loss 20.201, data 19.381) 
Epoch 11 Iter 800, train entropy gap 0.7665 bits (loss 20.147, data 19.381) 
Epoch 11 Iter 1000, train entropy gap 0.7554 bits (loss 20.136, data 19.381) 
Epoch 11 Iter 1200, train entropy gap 0.7315 bits (loss 20.112, data 19.381) 
Epoch 11 Iter 1400, train entropy gap 0.7892 bits (loss 20.170, data 19.381) 
Epoch 11 Iter 1600, train entropy gap 0.6516 bits (loss 20.032, data 19.381) 
Epoch 11 Iter 1800, train entropy gap 0.6849 bits (loss 20.066, data 19.381) 
Epoch 11 Iter 2000, train entropy gap 0.8390 bits (loss 20.220, data 19.381) 
Epoch 11 Iter 2200, train entropy gap 0.7086 bits (loss 20.089, data 19.381) 
Epoch 11 Iter 2400, train entropy gap 0.7705 bits (loss 20.151, data 19.381) 
Epoch 11 Iter 2600, train entropy gap 0.6909 bits (loss 20.072, data 19.381) 
Epoch 11 Iter 2800, train entropy gap 0.5450 bits (loss 19.926, data 19.381) 
Epoch 11 Iter 3000, train entropy gap 0.7748 bits (loss 20.156, data 19.381) 
Epoch 11 Iter 3200, train entropy gap 0.6991 bits (loss 20.080, data 19.381) 
Epoch 11 Iter 3400, train entropy gap 0.6990 bits (loss 20.080, data 19.381) 
Epoch 11 Iter 3600, train entropy gap 0.7697 bits (loss 20.151, data 19.381) 
Epoch 11 Iter 3800, train entropy gap 0.6670 bits (loss 20.048, data 19.381) 
Epoch 11 Iter 4000, train entropy gap 0.6770 bits (loss 20.058, data 19.381) 
Epoch 11 Iter 4200, train entropy gap 0.7496 bits (loss 20.130, data 19.381) 
Epoch 11 Iter 4400, train entropy gap 0.6507 bits (loss 20.032, data 19.381) 
Epoch 11 Iter 4600, train entropy gap 0.5921 bits (loss 19.973, data 19.381) 
Epoch 11 Iter 4800, train entropy gap 0.7870 bits (loss 20.168, data 19.381) 
Epoch 11 Iter 5000, train entropy gap 0.8363 bits (loss 20.217, data 19.381) 
Epoch 11 Iter 5200, train entropy gap 0.7763 bits (loss 20.157, data 19.381) 
Epoch 11 Iter 5400, train entropy gap 0.7123 bits (loss 20.093, data 19.381) 
Epoch 11 Iter 5600, train entropy gap 0.9140 bits (loss 20.295, data 19.381) 
Epoch 11 Iter 5800, train entropy gap 0.8089 bits (loss 20.190, data 19.381) 
Epoch 11 Iter 6000, train entropy gap 0.5432 bits (loss 19.924, data 19.381) 
Epoch 11 Iter 6200, train entropy gap 0.8602 bits (loss 20.241, data 19.381) 
Epoch 11 Iter 6400, train entropy gap 0.5443 bits (loss 19.925, data 19.381) 
Epoch 11 Iter 6600, train entropy gap 0.7341 bits (loss 20.115, data 19.381) 
Epoch 11 Iter 6800, train entropy gap 0.8621 bits (loss 20.243, data 19.381) 
Epoch 11 Iter 7000, train entropy gap 0.7422 bits (loss 20.123, data 19.381) 
Epoch 11 Iter 7200, train entropy gap 0.8927 bits (loss 20.274, data 19.381) 
epoch 11 train loss 13.9418 nats / 20.1138 bits
time since start: 7828.4 secs
Epoch 12 Iter 0, train entropy gap 0.7180 bits (loss 20.099, data 19.381) 
Epoch 12 Iter 200, train entropy gap 0.7140 bits (loss 20.095, data 19.381) 
Epoch 12 Iter 400, train entropy gap 0.7499 bits (loss 20.131, data 19.381) 
Epoch 12 Iter 600, train entropy gap 0.6792 bits (loss 20.060, data 19.381) 
Epoch 12 Iter 800, train entropy gap 0.6557 bits (loss 20.037, data 19.381) 
Epoch 12 Iter 1000, train entropy gap 0.6716 bits (loss 20.052, data 19.381) 
Epoch 12 Iter 1200, train entropy gap 0.8715 bits (loss 20.252, data 19.381) 
Epoch 12 Iter 1400, train entropy gap 0.8573 bits (loss 20.238, data 19.381) 
Epoch 12 Iter 1600, train entropy gap 0.4965 bits (loss 19.877, data 19.381) 
Epoch 12 Iter 1800, train entropy gap 0.7312 bits (loss 20.112, data 19.381) 
Epoch 12 Iter 2000, train entropy gap 0.8342 bits (loss 20.215, data 19.381) 
Epoch 12 Iter 2200, train entropy gap 0.6447 bits (loss 20.025, data 19.381) 
Epoch 12 Iter 2400, train entropy gap 0.8453 bits (loss 20.226, data 19.381) 
Epoch 12 Iter 2600, train entropy gap 0.6718 bits (loss 20.053, data 19.381) 
Epoch 12 Iter 2800, train entropy gap 0.7135 bits (loss 20.094, data 19.381) 
Epoch 12 Iter 3000, train entropy gap 0.8419 bits (loss 20.223, data 19.381) 
Epoch 12 Iter 3200, train entropy gap 0.7100 bits (loss 20.091, data 19.381) 
Epoch 12 Iter 3400, train entropy gap 0.7561 bits (loss 20.137, data 19.381) 
Epoch 12 Iter 3600, train entropy gap 0.9536 bits (loss 20.334, data 19.381) 
Epoch 12 Iter 3800, train entropy gap 0.7656 bits (loss 20.146, data 19.381) 
Epoch 12 Iter 4000, train entropy gap 0.8367 bits (loss 20.218, data 19.381) 
Epoch 12 Iter 4200, train entropy gap 0.7462 bits (loss 20.127, data 19.381) 
Epoch 12 Iter 4400, train entropy gap 0.7550 bits (loss 20.136, data 19.381) 
Epoch 12 Iter 4600, train entropy gap 0.6964 bits (loss 20.077, data 19.381) 
Epoch 12 Iter 4800, train entropy gap 0.7190 bits (loss 20.100, data 19.381) 
Epoch 12 Iter 5000, train entropy gap 0.6891 bits (loss 20.070, data 19.381) 
Epoch 12 Iter 5200, train entropy gap 0.7221 bits (loss 20.103, data 19.381) 
Epoch 12 Iter 5400, train entropy gap 0.8485 bits (loss 20.229, data 19.381) 
Epoch 12 Iter 5600, train entropy gap 1.0699 bits (loss 20.451, data 19.381) 
Epoch 12 Iter 5800, train entropy gap 0.8320 bits (loss 20.213, data 19.381) 
Epoch 12 Iter 6000, train entropy gap 0.7048 bits (loss 20.086, data 19.381) 
Epoch 12 Iter 6200, train entropy gap 0.7785 bits (loss 20.159, data 19.381) 
Epoch 12 Iter 6400, train entropy gap 0.7579 bits (loss 20.139, data 19.381) 
Epoch 12 Iter 6600, train entropy gap 0.6725 bits (loss 20.053, data 19.381) 
Epoch 12 Iter 6800, train entropy gap 0.5694 bits (loss 19.950, data 19.381) 
Epoch 12 Iter 7000, train entropy gap 0.7345 bits (loss 20.115, data 19.381) 
Epoch 12 Iter 7200, train entropy gap 0.9742 bits (loss 20.355, data 19.381) 
epoch 12 train loss 13.9356 nats / 20.1048 bits
time since start: 8479.5 secs
Epoch 13 Iter 0, train entropy gap 0.7282 bits (loss 20.109, data 19.381) 
Epoch 13 Iter 200, train entropy gap 0.7137 bits (loss 20.095, data 19.381) 
Epoch 13 Iter 400, train entropy gap 0.7865 bits (loss 20.167, data 19.381) 
Epoch 13 Iter 600, train entropy gap 0.5211 bits (loss 19.902, data 19.381) 
Epoch 13 Iter 800, train entropy gap 0.8335 bits (loss 20.214, data 19.381) 
Epoch 13 Iter 1000, train entropy gap 0.7962 bits (loss 20.177, data 19.381) 
Epoch 13 Iter 1200, train entropy gap 0.6442 bits (loss 20.025, data 19.381) 
Epoch 13 Iter 1400, train entropy gap 0.7733 bits (loss 20.154, data 19.381) 
Epoch 13 Iter 1600, train entropy gap 0.6222 bits (loss 20.003, data 19.381) 
Epoch 13 Iter 1800, train entropy gap 0.6565 bits (loss 20.037, data 19.381) 
Epoch 13 Iter 2000, train entropy gap 0.5749 bits (loss 19.956, data 19.381) 
Epoch 13 Iter 2200, train entropy gap 0.7245 bits (loss 20.105, data 19.381) 
Epoch 13 Iter 2400, train entropy gap 0.6299 bits (loss 20.011, data 19.381) 
Epoch 13 Iter 2600, train entropy gap 0.8104 bits (loss 20.191, data 19.381) 
Epoch 13 Iter 2800, train entropy gap 0.6763 bits (loss 20.057, data 19.381) 
Epoch 13 Iter 3000, train entropy gap 0.7548 bits (loss 20.136, data 19.381) 
Epoch 13 Iter 3200, train entropy gap 0.7002 bits (loss 20.081, data 19.381) 
Epoch 13 Iter 3400, train entropy gap 0.7357 bits (loss 20.116, data 19.381) 
Epoch 13 Iter 3600, train entropy gap 0.4013 bits (loss 19.782, data 19.381) 
Epoch 13 Iter 3800, train entropy gap 0.6822 bits (loss 20.063, data 19.381) 
Epoch 13 Iter 4000, train entropy gap 0.8374 bits (loss 20.218, data 19.381) 
Epoch 13 Iter 4200, train entropy gap 0.6270 bits (loss 20.008, data 19.381) 
Epoch 13 Iter 4400, train entropy gap 0.6093 bits (loss 19.990, data 19.381) 
Epoch 13 Iter 4600, train entropy gap 0.6554 bits (loss 20.036, data 19.381) 
Epoch 13 Iter 4800, train entropy gap 0.7456 bits (loss 20.126, data 19.381) 
Epoch 13 Iter 5000, train entropy gap 0.6952 bits (loss 20.076, data 19.381) 
Epoch 13 Iter 5200, train entropy gap 0.8047 bits (loss 20.186, data 19.381) 
Epoch 13 Iter 5400, train entropy gap 0.8317 bits (loss 20.213, data 19.381) 
Epoch 13 Iter 5600, train entropy gap 0.7635 bits (loss 20.144, data 19.381) 
Epoch 13 Iter 5800, train entropy gap 0.5822 bits (loss 19.963, data 19.381) 
Epoch 13 Iter 6000, train entropy gap 0.6942 bits (loss 20.075, data 19.381) 
Epoch 13 Iter 6200, train entropy gap 0.6291 bits (loss 20.010, data 19.381) 
Epoch 13 Iter 6400, train entropy gap 0.6906 bits (loss 20.071, data 19.381) 
Epoch 13 Iter 6600, train entropy gap 0.8303 bits (loss 20.211, data 19.381) 
Epoch 13 Iter 6800, train entropy gap 0.6558 bits (loss 20.037, data 19.381) 
Epoch 13 Iter 7000, train entropy gap 0.6947 bits (loss 20.076, data 19.381) 
Epoch 13 Iter 7200, train entropy gap 0.5827 bits (loss 19.964, data 19.381) 
epoch 13 train loss 13.9295 nats / 20.0960 bits
time since start: 9131.2 secs
Epoch 14 Iter 0, train entropy gap 0.7548 bits (loss 20.136, data 19.381) 
Epoch 14 Iter 200, train entropy gap 0.8238 bits (loss 20.205, data 19.381) 
Epoch 14 Iter 400, train entropy gap 0.6297 bits (loss 20.011, data 19.381) 
Epoch 14 Iter 600, train entropy gap 0.5560 bits (loss 19.937, data 19.381) 
Epoch 14 Iter 800, train entropy gap 0.6828 bits (loss 20.064, data 19.381) 
Epoch 14 Iter 1000, train entropy gap 0.9047 bits (loss 20.286, data 19.381) 
Epoch 14 Iter 1200, train entropy gap 0.6191 bits (loss 20.000, data 19.381) 
Epoch 14 Iter 1400, train entropy gap 0.5039 bits (loss 19.885, data 19.381) 
Epoch 14 Iter 1600, train entropy gap 0.6885 bits (loss 20.069, data 19.381) 
Epoch 14 Iter 1800, train entropy gap 0.8757 bits (loss 20.256, data 19.381) 
Epoch 14 Iter 2000, train entropy gap 0.6338 bits (loss 20.015, data 19.381) 
Epoch 14 Iter 2200, train entropy gap 0.7335 bits (loss 20.114, data 19.381) 
Epoch 14 Iter 2400, train entropy gap 0.8038 bits (loss 20.185, data 19.381) 
Epoch 14 Iter 2600, train entropy gap 0.8082 bits (loss 20.189, data 19.381) 
Epoch 14 Iter 2800, train entropy gap 0.5630 bits (loss 19.944, data 19.381) 
Epoch 14 Iter 3000, train entropy gap 0.7997 bits (loss 20.181, data 19.381) 
Epoch 14 Iter 3200, train entropy gap 0.6669 bits (loss 20.048, data 19.381) 
Epoch 14 Iter 3400, train entropy gap 0.7332 bits (loss 20.114, data 19.381) 
Epoch 14 Iter 3600, train entropy gap 0.8505 bits (loss 20.231, data 19.381) 
Epoch 14 Iter 3800, train entropy gap 0.8656 bits (loss 20.246, data 19.381) 
Epoch 14 Iter 4000, train entropy gap 0.7415 bits (loss 20.122, data 19.381) 
Epoch 14 Iter 4200, train entropy gap 0.7501 bits (loss 20.131, data 19.381) 
Epoch 14 Iter 4400, train entropy gap 0.6850 bits (loss 20.066, data 19.381) 
Epoch 14 Iter 4600, train entropy gap 0.8303 bits (loss 20.211, data 19.381) 
Epoch 14 Iter 4800, train entropy gap 0.6890 bits (loss 20.070, data 19.381) 
Epoch 14 Iter 5000, train entropy gap 0.6975 bits (loss 20.078, data 19.381) 
Epoch 14 Iter 5200, train entropy gap 0.8042 bits (loss 20.185, data 19.381) 
Epoch 14 Iter 5400, train entropy gap 0.7380 bits (loss 20.119, data 19.381) 
Epoch 14 Iter 5600, train entropy gap 0.7858 bits (loss 20.167, data 19.381) 
Epoch 14 Iter 5800, train entropy gap 0.6891 bits (loss 20.070, data 19.381) 
Epoch 14 Iter 6000, train entropy gap 0.6568 bits (loss 20.038, data 19.381) 
Epoch 14 Iter 6200, train entropy gap 0.4487 bits (loss 19.830, data 19.381) 
Epoch 14 Iter 6400, train entropy gap 0.7573 bits (loss 20.138, data 19.381) 
Epoch 14 Iter 6600, train entropy gap 0.8397 bits (loss 20.220, data 19.381) 
Epoch 14 Iter 6800, train entropy gap 0.7585 bits (loss 20.139, data 19.381) 
Epoch 14 Iter 7000, train entropy gap 0.5521 bits (loss 19.933, data 19.381) 
Epoch 14 Iter 7200, train entropy gap 0.6352 bits (loss 20.016, data 19.381) 
epoch 14 train loss 13.9240 nats / 20.0881 bits
time since start: 9783.5 secs
Epoch 15 Iter 0, train entropy gap 0.6220 bits (loss 20.003, data 19.381) 
Epoch 15 Iter 200, train entropy gap 0.4928 bits (loss 19.874, data 19.381) 
Epoch 15 Iter 400, train entropy gap 0.5510 bits (loss 19.932, data 19.381) 
Epoch 15 Iter 600, train entropy gap 0.6282 bits (loss 20.009, data 19.381) 
Epoch 15 Iter 800, train entropy gap 0.5650 bits (loss 19.946, data 19.381) 
Epoch 15 Iter 1000, train entropy gap 0.6206 bits (loss 20.001, data 19.381) 
Epoch 15 Iter 1200, train entropy gap 0.5805 bits (loss 19.961, data 19.381) 
Epoch 15 Iter 1400, train entropy gap 0.7088 bits (loss 20.090, data 19.381) 
Epoch 15 Iter 1600, train entropy gap 0.5990 bits (loss 19.980, data 19.381) 
Epoch 15 Iter 1800, train entropy gap 0.7000 bits (loss 20.081, data 19.381) 
Epoch 15 Iter 2000, train entropy gap 0.7036 bits (loss 20.084, data 19.381) 
Epoch 15 Iter 2200, train entropy gap 0.6836 bits (loss 20.064, data 19.381) 
Epoch 15 Iter 2400, train entropy gap 0.6280 bits (loss 20.009, data 19.381) 
Epoch 15 Iter 2600, train entropy gap 0.6174 bits (loss 19.998, data 19.381) 
Epoch 15 Iter 2800, train entropy gap 0.8540 bits (loss 20.235, data 19.381) 
Epoch 15 Iter 3000, train entropy gap 0.6844 bits (loss 20.065, data 19.381) 
Epoch 15 Iter 3200, train entropy gap 0.6102 bits (loss 19.991, data 19.381) 
Epoch 15 Iter 3400, train entropy gap 0.3909 bits (loss 19.772, data 19.381) 
Epoch 15 Iter 3600, train entropy gap 0.6977 bits (loss 20.079, data 19.381) 
Epoch 15 Iter 3800, train entropy gap 0.6437 bits (loss 20.025, data 19.381) 
Epoch 15 Iter 4000, train entropy gap 0.5413 bits (loss 19.922, data 19.381) 
Epoch 15 Iter 4200, train entropy gap 0.6406 bits (loss 20.021, data 19.381) 
Epoch 15 Iter 4400, train entropy gap 0.6637 bits (loss 20.045, data 19.381) 
Epoch 15 Iter 4600, train entropy gap 0.6194 bits (loss 20.000, data 19.381) 
Epoch 15 Iter 4800, train entropy gap 0.6904 bits (loss 20.071, data 19.381) 
Epoch 15 Iter 5000, train entropy gap 0.6032 bits (loss 19.984, data 19.381) 
Epoch 15 Iter 5200, train entropy gap 0.6481 bits (loss 20.029, data 19.381) 
Epoch 15 Iter 5400, train entropy gap 0.7501 bits (loss 20.131, data 19.381) 
Epoch 15 Iter 5600, train entropy gap 0.6280 bits (loss 20.009, data 19.381) 
Epoch 15 Iter 5800, train entropy gap 0.6333 bits (loss 20.014, data 19.381) 
Epoch 15 Iter 6000, train entropy gap 0.6484 bits (loss 20.029, data 19.381) 
Epoch 15 Iter 6200, train entropy gap 0.5645 bits (loss 19.945, data 19.381) 
Epoch 15 Iter 6400, train entropy gap 0.7718 bits (loss 20.153, data 19.381) 
Epoch 15 Iter 6600, train entropy gap 0.7913 bits (loss 20.172, data 19.381) 
Epoch 15 Iter 6800, train entropy gap 0.7530 bits (loss 20.134, data 19.381) 
Epoch 15 Iter 7000, train entropy gap 0.9785 bits (loss 20.359, data 19.381) 
Epoch 15 Iter 7200, train entropy gap 0.8723 bits (loss 20.253, data 19.381) 
epoch 15 train loss 13.9184 nats / 20.0801 bits
time since start: 10436.0 secs
Epoch 16 Iter 0, train entropy gap 0.7084 bits (loss 20.089, data 19.381) 
Epoch 16 Iter 200, train entropy gap 0.4998 bits (loss 19.881, data 19.381) 
Epoch 16 Iter 400, train entropy gap 0.6162 bits (loss 19.997, data 19.381) 
Epoch 16 Iter 600, train entropy gap 0.6773 bits (loss 20.058, data 19.381) 
Epoch 16 Iter 800, train entropy gap 0.6426 bits (loss 20.023, data 19.381) 
Epoch 16 Iter 1000, train entropy gap 0.8800 bits (loss 20.261, data 19.381) 
Epoch 16 Iter 1200, train entropy gap 0.7756 bits (loss 20.156, data 19.381) 
Epoch 16 Iter 1400, train entropy gap 0.7982 bits (loss 20.179, data 19.381) 
Epoch 16 Iter 1600, train entropy gap 0.5786 bits (loss 19.959, data 19.381) 
Epoch 16 Iter 1800, train entropy gap 0.7790 bits (loss 20.160, data 19.381) 
Epoch 16 Iter 2000, train entropy gap 0.7043 bits (loss 20.085, data 19.381) 
Epoch 16 Iter 2200, train entropy gap 0.7590 bits (loss 20.140, data 19.381) 
Epoch 16 Iter 2400, train entropy gap 0.5960 bits (loss 19.977, data 19.381) 
Epoch 16 Iter 2600, train entropy gap 0.4549 bits (loss 19.836, data 19.381) 
Epoch 16 Iter 2800, train entropy gap 0.7464 bits (loss 20.127, data 19.381) 
Epoch 16 Iter 3000, train entropy gap 0.7270 bits (loss 20.108, data 19.381) 
Epoch 16 Iter 3200, train entropy gap 0.6649 bits (loss 20.046, data 19.381) 
Epoch 16 Iter 3400, train entropy gap 0.6633 bits (loss 20.044, data 19.381) 
Epoch 16 Iter 3600, train entropy gap 0.8101 bits (loss 20.191, data 19.381) 
Epoch 16 Iter 3800, train entropy gap 0.8360 bits (loss 20.217, data 19.381) 
Epoch 16 Iter 4000, train entropy gap 0.7654 bits (loss 20.146, data 19.381) 
Epoch 16 Iter 4200, train entropy gap 0.7390 bits (loss 20.120, data 19.381) 
Epoch 16 Iter 4400, train entropy gap 0.7361 bits (loss 20.117, data 19.381) 
Epoch 16 Iter 4600, train entropy gap 0.7509 bits (loss 20.132, data 19.381) 
Epoch 16 Iter 4800, train entropy gap 0.8419 bits (loss 20.223, data 19.381) 
Epoch 16 Iter 5000, train entropy gap 0.4270 bits (loss 19.808, data 19.381) 
Epoch 16 Iter 5200, train entropy gap 0.6204 bits (loss 20.001, data 19.381) 
Epoch 16 Iter 5400, train entropy gap 0.6898 bits (loss 20.071, data 19.381) 
Epoch 16 Iter 5600, train entropy gap 0.6858 bits (loss 20.067, data 19.381) 
Epoch 16 Iter 5800, train entropy gap 0.5565 bits (loss 19.937, data 19.381) 
Epoch 16 Iter 6000, train entropy gap 0.7174 bits (loss 20.098, data 19.381) 
Epoch 16 Iter 6200, train entropy gap 0.6627 bits (loss 20.044, data 19.381) 
Epoch 16 Iter 6400, train entropy gap 0.7754 bits (loss 20.156, data 19.381) 
Epoch 16 Iter 6600, train entropy gap 0.6380 bits (loss 20.019, data 19.381) 
Epoch 16 Iter 6800, train entropy gap 0.6728 bits (loss 20.054, data 19.381) 
Epoch 16 Iter 7000, train entropy gap 0.6967 bits (loss 20.077, data 19.381) 
Epoch 16 Iter 7200, train entropy gap 0.6441 bits (loss 20.025, data 19.381) 
epoch 16 train loss 13.9130 nats / 20.0723 bits
time since start: 11088.2 secs
Epoch 17 Iter 0, train entropy gap 0.6524 bits (loss 20.033, data 19.381) 
Epoch 17 Iter 200, train entropy gap 0.6273 bits (loss 20.008, data 19.381) 
Epoch 17 Iter 400, train entropy gap 0.6537 bits (loss 20.035, data 19.381) 
Epoch 17 Iter 600, train entropy gap 0.6863 bits (loss 20.067, data 19.381) 
Epoch 17 Iter 800, train entropy gap 0.5820 bits (loss 19.963, data 19.381) 
Epoch 17 Iter 1000, train entropy gap 0.6294 bits (loss 20.010, data 19.381) 
Epoch 17 Iter 1200, train entropy gap 0.6455 bits (loss 20.026, data 19.381) 
Epoch 17 Iter 1400, train entropy gap 0.6802 bits (loss 20.061, data 19.381) 
Epoch 17 Iter 1600, train entropy gap 0.6075 bits (loss 19.988, data 19.381) 
Epoch 17 Iter 1800, train entropy gap 0.6096 bits (loss 19.990, data 19.381) 
Epoch 17 Iter 2000, train entropy gap 0.6682 bits (loss 20.049, data 19.381) 
Epoch 17 Iter 2200, train entropy gap 0.6000 bits (loss 19.981, data 19.381) 
Epoch 17 Iter 2400, train entropy gap 0.6867 bits (loss 20.068, data 19.381) 
Epoch 17 Iter 2600, train entropy gap 0.5674 bits (loss 19.948, data 19.381) 
Epoch 17 Iter 2800, train entropy gap 0.7468 bits (loss 20.128, data 19.381) 
Epoch 17 Iter 3000, train entropy gap 0.7536 bits (loss 20.134, data 19.381) 
Epoch 17 Iter 3200, train entropy gap 0.6917 bits (loss 20.073, data 19.381) 
Epoch 17 Iter 3400, train entropy gap 0.9670 bits (loss 20.348, data 19.381) 
Epoch 17 Iter 3600, train entropy gap 0.7037 bits (loss 20.085, data 19.381) 
Epoch 17 Iter 3800, train entropy gap 0.8438 bits (loss 20.225, data 19.381) 
Epoch 17 Iter 4000, train entropy gap 0.6579 bits (loss 20.039, data 19.381) 
Epoch 17 Iter 4200, train entropy gap 0.7040 bits (loss 20.085, data 19.381) 
Epoch 17 Iter 4400, train entropy gap 0.6340 bits (loss 20.015, data 19.381) 
Epoch 17 Iter 4600, train entropy gap 0.6786 bits (loss 20.059, data 19.381) 
Epoch 17 Iter 4800, train entropy gap 0.7732 bits (loss 20.154, data 19.381) 
Epoch 17 Iter 5000, train entropy gap 0.6123 bits (loss 19.993, data 19.381) 
Epoch 17 Iter 5200, train entropy gap 0.6068 bits (loss 19.988, data 19.381) 
Epoch 17 Iter 5400, train entropy gap 0.8705 bits (loss 20.251, data 19.381) 
Epoch 17 Iter 5600, train entropy gap 0.7897 bits (loss 20.170, data 19.381) 
Epoch 17 Iter 5800, train entropy gap 0.7503 bits (loss 20.131, data 19.381) 
Epoch 17 Iter 6000, train entropy gap 0.6687 bits (loss 20.050, data 19.381) 
Epoch 17 Iter 6200, train entropy gap 0.6842 bits (loss 20.065, data 19.381) 
Epoch 17 Iter 6400, train entropy gap 0.6427 bits (loss 20.024, data 19.381) 
Epoch 17 Iter 6600, train entropy gap 0.6020 bits (loss 19.983, data 19.381) 
Epoch 17 Iter 6800, train entropy gap 0.8212 bits (loss 20.202, data 19.381) 
Epoch 17 Iter 7000, train entropy gap 0.7834 bits (loss 20.164, data 19.381) 
Epoch 17 Iter 7200, train entropy gap 0.7197 bits (loss 20.101, data 19.381) 
epoch 17 train loss 13.9080 nats / 20.0650 bits
time since start: 11740.3 secs
Epoch 18 Iter 0, train entropy gap 0.8659 bits (loss 20.247, data 19.381) 
Epoch 18 Iter 200, train entropy gap 0.5448 bits (loss 19.926, data 19.381) 
Epoch 18 Iter 400, train entropy gap 0.5776 bits (loss 19.958, data 19.381) 
Epoch 18 Iter 600, train entropy gap 0.6445 bits (loss 20.025, data 19.381) 
Epoch 18 Iter 800, train entropy gap 0.6593 bits (loss 20.040, data 19.381) 
Epoch 18 Iter 1000, train entropy gap 0.6796 bits (loss 20.060, data 19.381) 
Epoch 18 Iter 1200, train entropy gap 0.6798 bits (loss 20.061, data 19.381) 
Epoch 18 Iter 1400, train entropy gap 0.8571 bits (loss 20.238, data 19.381) 
Epoch 18 Iter 1600, train entropy gap 0.7210 bits (loss 20.102, data 19.381) 
Epoch 18 Iter 1800, train entropy gap 0.4752 bits (loss 19.856, data 19.381) 
Epoch 18 Iter 2000, train entropy gap 0.6427 bits (loss 20.023, data 19.381) 
Epoch 18 Iter 2200, train entropy gap 0.7153 bits (loss 20.096, data 19.381) 
Epoch 18 Iter 2400, train entropy gap 0.6127 bits (loss 19.994, data 19.381) 
Epoch 18 Iter 2600, train entropy gap 0.6817 bits (loss 20.062, data 19.381) 
Epoch 18 Iter 2800, train entropy gap 0.8267 bits (loss 20.208, data 19.381) 
Epoch 18 Iter 3000, train entropy gap 0.6264 bits (loss 20.007, data 19.381) 
Epoch 18 Iter 3200, train entropy gap 0.6903 bits (loss 20.071, data 19.381) 
Epoch 18 Iter 3400, train entropy gap 0.6391 bits (loss 20.020, data 19.381) 
Epoch 18 Iter 3600, train entropy gap 0.7085 bits (loss 20.089, data 19.381) 
Epoch 18 Iter 3800, train entropy gap 0.6673 bits (loss 20.048, data 19.381) 
Epoch 18 Iter 4000, train entropy gap 0.8507 bits (loss 20.231, data 19.381) 
Epoch 18 Iter 4200, train entropy gap 0.7168 bits (loss 20.098, data 19.381) 
Epoch 18 Iter 4400, train entropy gap 0.7233 bits (loss 20.104, data 19.381) 
Epoch 18 Iter 4600, train entropy gap 0.5045 bits (loss 19.885, data 19.381) 
Epoch 18 Iter 4800, train entropy gap 0.6989 bits (loss 20.080, data 19.381) 
Epoch 18 Iter 5000, train entropy gap 0.5877 bits (loss 19.969, data 19.381) 
Epoch 18 Iter 5200, train entropy gap 0.6586 bits (loss 20.039, data 19.381) 
Epoch 18 Iter 5400, train entropy gap 0.8622 bits (loss 20.243, data 19.381) 
Epoch 18 Iter 5600, train entropy gap 0.5070 bits (loss 19.888, data 19.381) 
Epoch 18 Iter 5800, train entropy gap 0.8493 bits (loss 20.230, data 19.381) 
Epoch 18 Iter 6000, train entropy gap 0.6840 bits (loss 20.065, data 19.381) 
Epoch 18 Iter 6200, train entropy gap 0.7125 bits (loss 20.093, data 19.381) 
Epoch 18 Iter 6400, train entropy gap 0.6999 bits (loss 20.081, data 19.381) 
Epoch 18 Iter 6600, train entropy gap 0.7470 bits (loss 20.128, data 19.381) 
Epoch 18 Iter 6800, train entropy gap 0.7148 bits (loss 20.096, data 19.381) 
Epoch 18 Iter 7000, train entropy gap 0.6430 bits (loss 20.024, data 19.381) 
Epoch 18 Iter 7200, train entropy gap 0.7044 bits (loss 20.085, data 19.381) 
epoch 18 train loss 13.9031 nats / 20.0579 bits
time since start: 12392.5 secs
Epoch 19 Iter 0, train entropy gap 0.5817 bits (loss 19.963, data 19.381) 
Epoch 19 Iter 200, train entropy gap 0.4540 bits (loss 19.835, data 19.381) 
Epoch 19 Iter 400, train entropy gap 0.8025 bits (loss 20.183, data 19.381) 
Epoch 19 Iter 600, train entropy gap 0.9181 bits (loss 20.299, data 19.381) 
Epoch 19 Iter 800, train entropy gap 0.6291 bits (loss 20.010, data 19.381) 
Epoch 19 Iter 1000, train entropy gap 0.6065 bits (loss 19.987, data 19.381) 
Epoch 19 Iter 1200, train entropy gap 0.7649 bits (loss 20.146, data 19.381) 
Epoch 19 Iter 1400, train entropy gap 0.8309 bits (loss 20.212, data 19.381) 
Epoch 19 Iter 1600, train entropy gap 0.5766 bits (loss 19.957, data 19.381) 
Epoch 19 Iter 1800, train entropy gap 0.5457 bits (loss 19.927, data 19.381) 
Epoch 19 Iter 2000, train entropy gap 0.6524 bits (loss 20.033, data 19.381) 
Epoch 19 Iter 2200, train entropy gap 0.7175 bits (loss 20.098, data 19.381) 
Epoch 19 Iter 2400, train entropy gap 0.6090 bits (loss 19.990, data 19.381) 
Epoch 19 Iter 2600, train entropy gap 0.7242 bits (loss 20.105, data 19.381) 
Epoch 19 Iter 2800, train entropy gap 0.4755 bits (loss 19.856, data 19.381) 
Epoch 19 Iter 3000, train entropy gap 0.7692 bits (loss 20.150, data 19.381) 
Epoch 19 Iter 3200, train entropy gap 0.6578 bits (loss 20.039, data 19.381) 
Epoch 19 Iter 3400, train entropy gap 0.6996 bits (loss 20.080, data 19.381) 
Epoch 19 Iter 3600, train entropy gap 0.7263 bits (loss 20.107, data 19.381) 
Epoch 19 Iter 3800, train entropy gap 0.4619 bits (loss 19.843, data 19.381) 
Epoch 19 Iter 4000, train entropy gap 0.7131 bits (loss 20.094, data 19.381) 
Epoch 19 Iter 4200, train entropy gap 0.6259 bits (loss 20.007, data 19.381) 
Epoch 19 Iter 4400, train entropy gap 0.6718 bits (loss 20.053, data 19.381) 
Epoch 19 Iter 4600, train entropy gap 0.6414 bits (loss 20.022, data 19.381) 
Epoch 19 Iter 4800, train entropy gap 0.6405 bits (loss 20.021, data 19.381) 
Epoch 19 Iter 5000, train entropy gap 0.7824 bits (loss 20.163, data 19.381) 
Epoch 19 Iter 5200, train entropy gap 0.8083 bits (loss 20.189, data 19.381) 
Epoch 19 Iter 5400, train entropy gap 0.7346 bits (loss 20.115, data 19.381) 
Epoch 19 Iter 5600, train entropy gap 0.6718 bits (loss 20.053, data 19.381) 
Epoch 19 Iter 5800, train entropy gap 0.5363 bits (loss 19.917, data 19.381) 
Epoch 19 Iter 6000, train entropy gap 0.7343 bits (loss 20.115, data 19.381) 
Epoch 19 Iter 6200, train entropy gap 0.6622 bits (loss 20.043, data 19.381) 
Epoch 19 Iter 6400, train entropy gap 0.8200 bits (loss 20.201, data 19.381) 
Epoch 19 Iter 6600, train entropy gap 0.6118 bits (loss 19.993, data 19.381) 
Epoch 19 Iter 6800, train entropy gap 0.6861 bits (loss 20.067, data 19.381) 
Epoch 19 Iter 7000, train entropy gap 0.6818 bits (loss 20.063, data 19.381) 
Epoch 19 Iter 7200, train entropy gap 0.6726 bits (loss 20.053, data 19.381) 
epoch 19 train loss 13.8986 nats / 20.0514 bits
time since start: 13044.8 secs
Training done; evaluating likelihood on full data:
Epoch None Iter 0, test loss 16.1613 nats / 23.3158 bits
Epoch None Iter 500, test loss 15.2858 nats / 22.0528 bits
Epoch None Iter 1000, test loss 13.1098 nats / 18.9134 bits
Epoch None Iter 1500, test loss 12.6531 nats / 18.2545 bits
Epoch None Iter 2000, test loss 13.1528 nats / 18.9754 bits
Epoch None Iter 2500, test loss 12.3050 nats / 17.7523 bits
Epoch None Iter 3000, test loss 13.5624 nats / 19.5663 bits
Epoch None Iter 3500, test loss 15.6782 nats / 22.6188 bits
Epoch None Iter 4000, test loss 12.7594 nats / 18.4079 bits
Epoch None Iter 4500, test loss 16.2468 nats / 23.4392 bits
Epoch None Iter 5000, test loss 17.2366 nats / 24.8672 bits
Epoch None Iter 5500, test loss 13.6589 nats / 19.7056 bits
Epoch None Iter 6000, test loss 13.7365 nats / 19.8175 bits
Epoch None Iter 6500, test loss 12.6559 nats / 18.2586 bits
Epoch None Iter 7000, test loss 15.0533 nats / 21.7173 bits
Saved to:
models/dmv-10.4MB-model20.015-data19.381-flash-blocks4-embed_dim256-expansion_factor2.0-group_size8-posEmb-20epochs-seed0.pt
