Device cuda
Loading csv... done, took 6.3s
Parsing... done, took 5.0s
Entropy of DMV([Column(Record Type, distribution_size=8), Column(Registration Class, distribution_size=72), Column(State, distribution_size=79), Column(County, distribution_size=64), Column(Body Type, distribution_size=59), Column(Fuel Type, distribution_size=10), Column(Reg Valid Date, distribution_size=2884), Column(Color, distribution_size=222), Column(Scofflaw Indicator, distribution_size=3), Column(Suspension Indicator, distribution_size=3), Column(Revocation Indicator, distribution_size=3)]): 19.3808 bits
<class 'pandas.core.frame.DataFrame'>
RangeIndex: 7389597 entries, 0 to 7389596
Data columns (total 11 columns):
 #   Column                Dtype         
---  ------                -----         
 0   Record Type           object        
 1   Registration Class    object        
 2   State                 object        
 3   County                object        
 4   Body Type             object        
 5   Fuel Type             object        
 6   Reg Valid Date        datetime64[ns]
 7   Color                 object        
 8   Scofflaw Indicator    object        
 9   Suspension Indicator  object        
 10  Revocation Indicator  object        
dtypes: datetime64[ns](1), object(10)
memory usage: 620.2+ MB
None
ordering [ 0  1  2  3  4  5  6  7  8  9 10]
Number of model parameters: 670802 (~= 2.6MB)
FLASHTransformer(
  (layers): Sequential(
    (0): FLASH(
      (attn_fn): ReLUSquared()
      (rotary_pos_emb): RotaryEmbedding()
      (rel_pos_bias): T5RelativePositionBias(
        (relative_attention_bias): Embedding(32, 1)
      )
      (norm): ScaleNorm()
      (dropout): Dropout(p=0.0, inplace=False)
      (to_hidden): Sequential(
        (0): Linear(in_features=128, out_features=512, bias=True)
        (1): SiLU()
      )
      (to_qk): Sequential(
        (0): Linear(in_features=128, out_features=128, bias=True)
        (1): SiLU()
      )
      (qk_offset_scale): OffsetScale()
      (to_out): Linear(in_features=256, out_features=128, bias=True)
    )
    (1): FLASH(
      (attn_fn): ReLUSquared()
      (rotary_pos_emb): RotaryEmbedding()
      (rel_pos_bias): T5RelativePositionBias(
        (relative_attention_bias): Embedding(32, 1)
      )
      (norm): ScaleNorm()
      (dropout): Dropout(p=0.0, inplace=False)
      (to_hidden): Sequential(
        (0): Linear(in_features=128, out_features=512, bias=True)
        (1): SiLU()
      )
      (to_qk): Sequential(
        (0): Linear(in_features=128, out_features=128, bias=True)
        (1): SiLU()
      )
      (qk_offset_scale): OffsetScale()
      (to_out): Linear(in_features=256, out_features=128, bias=True)
    )
  )
  (to_logits): LayerNorm((128,), eps=1e-05, elementwise_affine=True)
  (embeddings): ModuleList(
    (0): Embedding(8, 128)
    (1): Embedding(72, 128)
    (2): Embedding(79, 128)
    (3): Embedding(64, 128)
    (4): Embedding(59, 128)
    (5): Embedding(10, 128)
    (6): Embedding(2884, 128)
    (7): Embedding(222, 128)
    (8): Embedding(3, 128)
    (9): Embedding(3, 128)
    (10): Embedding(3, 128)
  )
  (pos_embeddings): Embedding(11, 128)
)
Discretizing table... done, took 4.9s
Epoch 0 Iter 0, train entropy gap 36.6638 bits (loss 56.045, data 19.381) 
Epoch 0 Iter 200, train entropy gap 1.1532 bits (loss 20.534, data 19.381) 
Epoch 0 Iter 400, train entropy gap 0.9574 bits (loss 20.338, data 19.381) 
Epoch 0 Iter 600, train entropy gap 1.0808 bits (loss 20.462, data 19.381) 
Epoch 0 Iter 800, train entropy gap 1.2093 bits (loss 20.590, data 19.381) 
Epoch 0 Iter 1000, train entropy gap 1.0551 bits (loss 20.436, data 19.381) 
Epoch 0 Iter 1200, train entropy gap 1.1122 bits (loss 20.493, data 19.381) 
Epoch 0 Iter 1400, train entropy gap 0.9564 bits (loss 20.337, data 19.381) 
Epoch 0 Iter 1600, train entropy gap 0.9229 bits (loss 20.304, data 19.381) 
Epoch 0 Iter 1800, train entropy gap 1.1026 bits (loss 20.483, data 19.381) 
Epoch 0 Iter 2000, train entropy gap 1.1572 bits (loss 20.538, data 19.381) 
Epoch 0 Iter 2200, train entropy gap 0.8895 bits (loss 20.270, data 19.381) 
Epoch 0 Iter 2400, train entropy gap 1.0203 bits (loss 20.401, data 19.381) 
Epoch 0 Iter 2600, train entropy gap 1.1536 bits (loss 20.534, data 19.381) 
Epoch 0 Iter 2800, train entropy gap 0.9014 bits (loss 20.282, data 19.381) 
Epoch 0 Iter 3000, train entropy gap 0.8688 bits (loss 20.250, data 19.381) 
Epoch 0 Iter 3200, train entropy gap 0.9435 bits (loss 20.324, data 19.381) 
Epoch 0 Iter 3400, train entropy gap 1.0748 bits (loss 20.456, data 19.381) 
Epoch 0 Iter 3600, train entropy gap 0.9508 bits (loss 20.332, data 19.381) 
Epoch 0 Iter 3800, train entropy gap 0.8515 bits (loss 20.232, data 19.381) 
Epoch 0 Iter 4000, train entropy gap 0.8785 bits (loss 20.259, data 19.381) 
Epoch 0 Iter 4200, train entropy gap 0.7570 bits (loss 20.138, data 19.381) 
Epoch 0 Iter 4400, train entropy gap 0.9445 bits (loss 20.325, data 19.381) 
Epoch 0 Iter 4600, train entropy gap 1.0965 bits (loss 20.477, data 19.381) 
Epoch 0 Iter 4800, train entropy gap 1.2363 bits (loss 20.617, data 19.381) 
Epoch 0 Iter 5000, train entropy gap 0.8247 bits (loss 20.206, data 19.381) 
Epoch 0 Iter 5200, train entropy gap 0.7781 bits (loss 20.159, data 19.381) 
Epoch 0 Iter 5400, train entropy gap 1.0372 bits (loss 20.418, data 19.381) 
Epoch 0 Iter 5600, train entropy gap 0.8239 bits (loss 20.205, data 19.381) 
Epoch 0 Iter 5800, train entropy gap 0.9950 bits (loss 20.376, data 19.381) 
Epoch 0 Iter 6000, train entropy gap 1.0482 bits (loss 20.429, data 19.381) 
Epoch 0 Iter 6200, train entropy gap 0.8247 bits (loss 20.206, data 19.381) 
Epoch 0 Iter 6400, train entropy gap 0.9404 bits (loss 20.321, data 19.381) 
Epoch 0 Iter 6600, train entropy gap 0.8423 bits (loss 20.223, data 19.381) 
Epoch 0 Iter 6800, train entropy gap 1.1255 bits (loss 20.506, data 19.381) 
Epoch 0 Iter 7000, train entropy gap 0.6390 bits (loss 20.020, data 19.381) 
Epoch 0 Iter 7200, train entropy gap 0.8414 bits (loss 20.222, data 19.381) 
epoch 0 train loss 14.1165 nats / 20.3658 bits
time since start: 297.3 secs
Epoch 1 Iter 0, train entropy gap 1.1140 bits (loss 20.495, data 19.381) 
Epoch 1 Iter 200, train entropy gap 0.8263 bits (loss 20.207, data 19.381) 
Epoch 1 Iter 400, train entropy gap 0.8582 bits (loss 20.239, data 19.381) 
Epoch 1 Iter 600, train entropy gap 1.0336 bits (loss 20.414, data 19.381) 
Epoch 1 Iter 800, train entropy gap 0.8893 bits (loss 20.270, data 19.381) 
Epoch 1 Iter 1000, train entropy gap 0.9017 bits (loss 20.283, data 19.381) 
Epoch 1 Iter 1200, train entropy gap 0.9487 bits (loss 20.330, data 19.381) 
Epoch 1 Iter 1400, train entropy gap 0.8783 bits (loss 20.259, data 19.381) 
Epoch 1 Iter 1600, train entropy gap 0.8054 bits (loss 20.186, data 19.381) 
Epoch 1 Iter 1800, train entropy gap 1.0429 bits (loss 20.424, data 19.381) 
Epoch 1 Iter 2000, train entropy gap 0.9611 bits (loss 20.342, data 19.381) 
Epoch 1 Iter 2200, train entropy gap 0.9588 bits (loss 20.340, data 19.381) 
Epoch 1 Iter 2400, train entropy gap 0.7099 bits (loss 20.091, data 19.381) 
Epoch 1 Iter 2600, train entropy gap 0.5977 bits (loss 19.979, data 19.381) 
Epoch 1 Iter 2800, train entropy gap 0.9163 bits (loss 20.297, data 19.381) 
Epoch 1 Iter 3000, train entropy gap 0.8546 bits (loss 20.235, data 19.381) 
Epoch 1 Iter 3200, train entropy gap 0.8228 bits (loss 20.204, data 19.381) 
Epoch 1 Iter 3400, train entropy gap 1.0999 bits (loss 20.481, data 19.381) 
Epoch 1 Iter 3600, train entropy gap 0.9334 bits (loss 20.314, data 19.381) 
Epoch 1 Iter 3800, train entropy gap 0.9028 bits (loss 20.284, data 19.381) 
Epoch 1 Iter 4000, train entropy gap 0.8811 bits (loss 20.262, data 19.381) 
Epoch 1 Iter 4200, train entropy gap 0.7406 bits (loss 20.121, data 19.381) 
Epoch 1 Iter 4400, train entropy gap 1.1140 bits (loss 20.495, data 19.381) 
Epoch 1 Iter 4600, train entropy gap 0.9967 bits (loss 20.377, data 19.381) 
Epoch 1 Iter 4800, train entropy gap 0.9127 bits (loss 20.294, data 19.381) 
Epoch 1 Iter 5000, train entropy gap 0.7418 bits (loss 20.123, data 19.381) 
Epoch 1 Iter 5200, train entropy gap 0.8102 bits (loss 20.191, data 19.381) 
Epoch 1 Iter 5400, train entropy gap 1.0161 bits (loss 20.397, data 19.381) 
Epoch 1 Iter 5600, train entropy gap 0.8586 bits (loss 20.239, data 19.381) 
Epoch 1 Iter 5800, train entropy gap 1.0170 bits (loss 20.398, data 19.381) 
Epoch 1 Iter 6000, train entropy gap 0.8560 bits (loss 20.237, data 19.381) 
Epoch 1 Iter 6200, train entropy gap 0.9602 bits (loss 20.341, data 19.381) 
Epoch 1 Iter 6400, train entropy gap 0.7947 bits (loss 20.176, data 19.381) 
Epoch 1 Iter 6600, train entropy gap 0.9314 bits (loss 20.312, data 19.381) 
Epoch 1 Iter 6800, train entropy gap 0.5932 bits (loss 19.974, data 19.381) 
Epoch 1 Iter 7000, train entropy gap 0.9134 bits (loss 20.294, data 19.381) 
Epoch 1 Iter 7200, train entropy gap 0.9640 bits (loss 20.345, data 19.381) 
epoch 1 train loss 14.0654 nats / 20.2921 bits
time since start: 594.0 secs
Epoch 2 Iter 0, train entropy gap 0.7824 bits (loss 20.163, data 19.381) 
Epoch 2 Iter 200, train entropy gap 0.7999 bits (loss 20.181, data 19.381) 
Epoch 2 Iter 400, train entropy gap 0.9884 bits (loss 20.369, data 19.381) 
Epoch 2 Iter 600, train entropy gap 1.0290 bits (loss 20.410, data 19.381) 
Epoch 2 Iter 800, train entropy gap 0.9769 bits (loss 20.358, data 19.381) 
Epoch 2 Iter 1000, train entropy gap 1.0381 bits (loss 20.419, data 19.381) 
Epoch 2 Iter 1200, train entropy gap 1.0677 bits (loss 20.449, data 19.381) 
Epoch 2 Iter 1400, train entropy gap 1.0285 bits (loss 20.409, data 19.381) 
Epoch 2 Iter 1600, train entropy gap 0.9269 bits (loss 20.308, data 19.381) 
Epoch 2 Iter 1800, train entropy gap 0.6823 bits (loss 20.063, data 19.381) 
Epoch 2 Iter 2000, train entropy gap 0.8635 bits (loss 20.244, data 19.381) 
Epoch 2 Iter 2200, train entropy gap 0.6049 bits (loss 19.986, data 19.381) 
Epoch 2 Iter 2400, train entropy gap 0.7513 bits (loss 20.132, data 19.381) 
Epoch 2 Iter 2600, train entropy gap 0.8855 bits (loss 20.266, data 19.381) 
Epoch 2 Iter 2800, train entropy gap 0.9046 bits (loss 20.285, data 19.381) 
Epoch 2 Iter 3000, train entropy gap 0.9267 bits (loss 20.308, data 19.381) 
Epoch 2 Iter 3200, train entropy gap 0.9805 bits (loss 20.361, data 19.381) 
Epoch 2 Iter 3400, train entropy gap 0.9827 bits (loss 20.364, data 19.381) 
Epoch 2 Iter 3600, train entropy gap 1.1029 bits (loss 20.484, data 19.381) 
Epoch 2 Iter 3800, train entropy gap 0.7906 bits (loss 20.171, data 19.381) 
Epoch 2 Iter 4000, train entropy gap 0.7183 bits (loss 20.099, data 19.381) 
Epoch 2 Iter 4200, train entropy gap 0.9130 bits (loss 20.294, data 19.381) 
Epoch 2 Iter 4400, train entropy gap 0.8362 bits (loss 20.217, data 19.381) 
Epoch 2 Iter 4600, train entropy gap 0.9693 bits (loss 20.350, data 19.381) 
Epoch 2 Iter 4800, train entropy gap 1.0636 bits (loss 20.444, data 19.381) 
Epoch 2 Iter 5000, train entropy gap 0.9004 bits (loss 20.281, data 19.381) 
Epoch 2 Iter 5200, train entropy gap 0.8386 bits (loss 20.219, data 19.381) 
Epoch 2 Iter 5400, train entropy gap 0.9447 bits (loss 20.325, data 19.381) 
Epoch 2 Iter 5600, train entropy gap 0.9373 bits (loss 20.318, data 19.381) 
Epoch 2 Iter 5800, train entropy gap 0.9846 bits (loss 20.365, data 19.381) 
Epoch 2 Iter 6000, train entropy gap 0.9217 bits (loss 20.302, data 19.381) 
Epoch 2 Iter 6200, train entropy gap 0.9446 bits (loss 20.325, data 19.381) 
Epoch 2 Iter 6400, train entropy gap 0.7557 bits (loss 20.137, data 19.381) 
Epoch 2 Iter 6600, train entropy gap 0.9747 bits (loss 20.356, data 19.381) 
Epoch 2 Iter 6800, train entropy gap 1.0061 bits (loss 20.387, data 19.381) 
Epoch 2 Iter 7000, train entropy gap 0.9047 bits (loss 20.286, data 19.381) 
Epoch 2 Iter 7200, train entropy gap 1.1492 bits (loss 20.530, data 19.381) 
epoch 2 train loss 14.0585 nats / 20.2821 bits
time since start: 890.5 secs
Epoch 3 Iter 0, train entropy gap 0.9624 bits (loss 20.343, data 19.381) 
Epoch 3 Iter 200, train entropy gap 0.7706 bits (loss 20.151, data 19.381) 
Epoch 3 Iter 400, train entropy gap 0.8219 bits (loss 20.203, data 19.381) 
Epoch 3 Iter 600, train entropy gap 0.8259 bits (loss 20.207, data 19.381) 
Epoch 3 Iter 800, train entropy gap 0.9204 bits (loss 20.301, data 19.381) 
Epoch 3 Iter 1000, train entropy gap 0.8310 bits (loss 20.212, data 19.381) 
Epoch 3 Iter 1200, train entropy gap 0.9155 bits (loss 20.296, data 19.381) 
Epoch 3 Iter 1400, train entropy gap 0.9583 bits (loss 20.339, data 19.381) 
Epoch 3 Iter 1600, train entropy gap 0.9410 bits (loss 20.322, data 19.381) 
Epoch 3 Iter 1800, train entropy gap 0.9409 bits (loss 20.322, data 19.381) 
Epoch 3 Iter 2000, train entropy gap 0.9584 bits (loss 20.339, data 19.381) 
Epoch 3 Iter 2200, train entropy gap 0.8803 bits (loss 20.261, data 19.381) 
Epoch 3 Iter 2400, train entropy gap 0.8420 bits (loss 20.223, data 19.381) 
Epoch 3 Iter 2600, train entropy gap 0.9999 bits (loss 20.381, data 19.381) 
Epoch 3 Iter 2800, train entropy gap 0.7660 bits (loss 20.147, data 19.381) 
Epoch 3 Iter 3000, train entropy gap 0.9394 bits (loss 20.320, data 19.381) 
Epoch 3 Iter 3200, train entropy gap 1.0886 bits (loss 20.469, data 19.381) 
Epoch 3 Iter 3400, train entropy gap 0.8225 bits (loss 20.203, data 19.381) 
Epoch 3 Iter 3600, train entropy gap 0.8884 bits (loss 20.269, data 19.381) 
Epoch 3 Iter 3800, train entropy gap 0.8456 bits (loss 20.226, data 19.381) 
Epoch 3 Iter 4000, train entropy gap 0.8841 bits (loss 20.265, data 19.381) 
Epoch 3 Iter 4200, train entropy gap 0.8976 bits (loss 20.278, data 19.381) 
Epoch 3 Iter 4400, train entropy gap 0.7155 bits (loss 20.096, data 19.381) 
Epoch 3 Iter 4600, train entropy gap 0.9934 bits (loss 20.374, data 19.381) 
Epoch 3 Iter 4800, train entropy gap 0.7684 bits (loss 20.149, data 19.381) 
Epoch 3 Iter 5000, train entropy gap 0.8287 bits (loss 20.210, data 19.381) 
Epoch 3 Iter 5200, train entropy gap 0.8257 bits (loss 20.206, data 19.381) 
Epoch 3 Iter 5400, train entropy gap 1.1728 bits (loss 20.554, data 19.381) 
Epoch 3 Iter 5600, train entropy gap 1.1467 bits (loss 20.528, data 19.381) 
Epoch 3 Iter 5800, train entropy gap 1.0119 bits (loss 20.393, data 19.381) 
Epoch 3 Iter 6000, train entropy gap 0.8316 bits (loss 20.212, data 19.381) 
Epoch 3 Iter 6200, train entropy gap 1.0222 bits (loss 20.403, data 19.381) 
Epoch 3 Iter 6400, train entropy gap 0.8158 bits (loss 20.197, data 19.381) 
Epoch 3 Iter 6600, train entropy gap 0.7390 bits (loss 20.120, data 19.381) 
Epoch 3 Iter 6800, train entropy gap 1.0368 bits (loss 20.418, data 19.381) 
Epoch 3 Iter 7000, train entropy gap 0.9187 bits (loss 20.299, data 19.381) 
Epoch 3 Iter 7200, train entropy gap 0.8866 bits (loss 20.267, data 19.381) 
epoch 3 train loss 14.0551 nats / 20.2772 bits
time since start: 1187.2 secs
Epoch 4 Iter 0, train entropy gap 1.0877 bits (loss 20.468, data 19.381) 
Epoch 4 Iter 200, train entropy gap 0.8928 bits (loss 20.274, data 19.381) 
Epoch 4 Iter 400, train entropy gap 0.7830 bits (loss 20.164, data 19.381) 
Epoch 4 Iter 600, train entropy gap 0.8047 bits (loss 20.185, data 19.381) 
Epoch 4 Iter 800, train entropy gap 0.7111 bits (loss 20.092, data 19.381) 
Epoch 4 Iter 1000, train entropy gap 0.6861 bits (loss 20.067, data 19.381) 
Epoch 4 Iter 1200, train entropy gap 0.9444 bits (loss 20.325, data 19.381) 
Epoch 4 Iter 1400, train entropy gap 0.8780 bits (loss 20.259, data 19.381) 
Epoch 4 Iter 1600, train entropy gap 0.9101 bits (loss 20.291, data 19.381) 
Epoch 4 Iter 1800, train entropy gap 0.7992 bits (loss 20.180, data 19.381) 
Epoch 4 Iter 2000, train entropy gap 0.6968 bits (loss 20.078, data 19.381) 
Epoch 4 Iter 2200, train entropy gap 1.0377 bits (loss 20.419, data 19.381) 
Epoch 4 Iter 2400, train entropy gap 0.7489 bits (loss 20.130, data 19.381) 
Epoch 4 Iter 2600, train entropy gap 1.0413 bits (loss 20.422, data 19.381) 
Epoch 4 Iter 2800, train entropy gap 0.9367 bits (loss 20.318, data 19.381) 
Epoch 4 Iter 3000, train entropy gap 0.8356 bits (loss 20.216, data 19.381) 
Epoch 4 Iter 3200, train entropy gap 0.9104 bits (loss 20.291, data 19.381) 
Epoch 4 Iter 3400, train entropy gap 0.7406 bits (loss 20.121, data 19.381) 
Epoch 4 Iter 3600, train entropy gap 0.8695 bits (loss 20.250, data 19.381) 
Epoch 4 Iter 3800, train entropy gap 0.8626 bits (loss 20.243, data 19.381) 
Epoch 4 Iter 4000, train entropy gap 0.7240 bits (loss 20.105, data 19.381) 
Epoch 4 Iter 4200, train entropy gap 0.9965 bits (loss 20.377, data 19.381) 
Epoch 4 Iter 4400, train entropy gap 0.9991 bits (loss 20.380, data 19.381) 
Epoch 4 Iter 4600, train entropy gap 0.7279 bits (loss 20.109, data 19.381) 
Epoch 4 Iter 4800, train entropy gap 0.7867 bits (loss 20.168, data 19.381) 
Epoch 4 Iter 5000, train entropy gap 0.7338 bits (loss 20.115, data 19.381) 
Epoch 4 Iter 5200, train entropy gap 0.9547 bits (loss 20.336, data 19.381) 
Epoch 4 Iter 5400, train entropy gap 0.7558 bits (loss 20.137, data 19.381) 
Epoch 4 Iter 5600, train entropy gap 0.9824 bits (loss 20.363, data 19.381) 
Epoch 4 Iter 5800, train entropy gap 1.1158 bits (loss 20.497, data 19.381) 
Epoch 4 Iter 6000, train entropy gap 0.8621 bits (loss 20.243, data 19.381) 
Epoch 4 Iter 6200, train entropy gap 1.0598 bits (loss 20.441, data 19.381) 
Epoch 4 Iter 6400, train entropy gap 0.9237 bits (loss 20.304, data 19.381) 
Epoch 4 Iter 6600, train entropy gap 1.0260 bits (loss 20.407, data 19.381) 
Epoch 4 Iter 6800, train entropy gap 1.1077 bits (loss 20.488, data 19.381) 
Epoch 4 Iter 7000, train entropy gap 0.9255 bits (loss 20.306, data 19.381) 
Epoch 4 Iter 7200, train entropy gap 0.8489 bits (loss 20.230, data 19.381) 
epoch 4 train loss 14.0540 nats / 20.2756 bits
time since start: 1484.2 secs
Epoch 5 Iter 0, train entropy gap 0.7519 bits (loss 20.133, data 19.381) 
Epoch 5 Iter 200, train entropy gap 0.9167 bits (loss 20.297, data 19.381) 
Epoch 5 Iter 400, train entropy gap 0.7268 bits (loss 20.108, data 19.381) 
Epoch 5 Iter 600, train entropy gap 0.8329 bits (loss 20.214, data 19.381) 
Epoch 5 Iter 800, train entropy gap 0.8917 bits (loss 20.272, data 19.381) 
Epoch 5 Iter 1000, train entropy gap 0.7871 bits (loss 20.168, data 19.381) 
Epoch 5 Iter 1200, train entropy gap 0.7612 bits (loss 20.142, data 19.381) 
Epoch 5 Iter 1400, train entropy gap 1.0202 bits (loss 20.401, data 19.381) 
Epoch 5 Iter 1600, train entropy gap 0.9514 bits (loss 20.332, data 19.381) 
Epoch 5 Iter 1800, train entropy gap 0.8751 bits (loss 20.256, data 19.381) 
Epoch 5 Iter 2000, train entropy gap 1.1114 bits (loss 20.492, data 19.381) 
Epoch 5 Iter 2200, train entropy gap 0.8806 bits (loss 20.261, data 19.381) 
Epoch 5 Iter 2400, train entropy gap 1.1426 bits (loss 20.523, data 19.381) 
Epoch 5 Iter 2600, train entropy gap 1.0810 bits (loss 20.462, data 19.381) 
Epoch 5 Iter 2800, train entropy gap 0.9001 bits (loss 20.281, data 19.381) 
Epoch 5 Iter 3000, train entropy gap 0.9112 bits (loss 20.292, data 19.381) 
Epoch 5 Iter 3200, train entropy gap 0.9916 bits (loss 20.372, data 19.381) 
Epoch 5 Iter 3400, train entropy gap 1.0250 bits (loss 20.406, data 19.381) 
Epoch 5 Iter 3600, train entropy gap 1.1728 bits (loss 20.554, data 19.381) 
Epoch 5 Iter 3800, train entropy gap 0.8710 bits (loss 20.252, data 19.381) 
Epoch 5 Iter 4000, train entropy gap 0.9473 bits (loss 20.328, data 19.381) 
Epoch 5 Iter 4200, train entropy gap 0.9766 bits (loss 20.357, data 19.381) 
Epoch 5 Iter 4400, train entropy gap 1.1761 bits (loss 20.557, data 19.381) 
Epoch 5 Iter 4600, train entropy gap 0.9688 bits (loss 20.350, data 19.381) 
Epoch 5 Iter 4800, train entropy gap 0.9386 bits (loss 20.319, data 19.381) 
Epoch 5 Iter 5000, train entropy gap 0.8022 bits (loss 20.183, data 19.381) 
Epoch 5 Iter 5200, train entropy gap 1.0197 bits (loss 20.401, data 19.381) 
Epoch 5 Iter 5400, train entropy gap 0.9740 bits (loss 20.355, data 19.381) 
Epoch 5 Iter 5600, train entropy gap 0.9290 bits (loss 20.310, data 19.381) 
Epoch 5 Iter 5800, train entropy gap 0.9273 bits (loss 20.308, data 19.381) 
Epoch 5 Iter 6000, train entropy gap 1.0712 bits (loss 20.452, data 19.381) 
Epoch 5 Iter 6200, train entropy gap 0.7721 bits (loss 20.153, data 19.381) 
Epoch 5 Iter 6400, train entropy gap 0.9243 bits (loss 20.305, data 19.381) 
Epoch 5 Iter 6600, train entropy gap 0.8734 bits (loss 20.254, data 19.381) 
Epoch 5 Iter 6800, train entropy gap 0.9592 bits (loss 20.340, data 19.381) 
Epoch 5 Iter 7000, train entropy gap 0.9445 bits (loss 20.325, data 19.381) 
Epoch 5 Iter 7200, train entropy gap 0.9392 bits (loss 20.320, data 19.381) 
epoch 5 train loss 14.0523 nats / 20.2732 bits
time since start: 1781.3 secs
Epoch 6 Iter 0, train entropy gap 1.0637 bits (loss 20.444, data 19.381) 
Epoch 6 Iter 200, train entropy gap 1.1536 bits (loss 20.534, data 19.381) 
Epoch 6 Iter 400, train entropy gap 0.7171 bits (loss 20.098, data 19.381) 
Epoch 6 Iter 600, train entropy gap 0.9085 bits (loss 20.289, data 19.381) 
Epoch 6 Iter 800, train entropy gap 0.9420 bits (loss 20.323, data 19.381) 
Epoch 6 Iter 1000, train entropy gap 0.9196 bits (loss 20.300, data 19.381) 
Epoch 6 Iter 1200, train entropy gap 0.7909 bits (loss 20.172, data 19.381) 
Epoch 6 Iter 1400, train entropy gap 0.7671 bits (loss 20.148, data 19.381) 
Epoch 6 Iter 1600, train entropy gap 1.0102 bits (loss 20.391, data 19.381) 
Epoch 6 Iter 1800, train entropy gap 0.7983 bits (loss 20.179, data 19.381) 
Epoch 6 Iter 2000, train entropy gap 0.8242 bits (loss 20.205, data 19.381) 
Epoch 6 Iter 2200, train entropy gap 0.9322 bits (loss 20.313, data 19.381) 
Epoch 6 Iter 2400, train entropy gap 0.9683 bits (loss 20.349, data 19.381) 
Epoch 6 Iter 2600, train entropy gap 0.8487 bits (loss 20.230, data 19.381) 
Epoch 6 Iter 2800, train entropy gap 0.8114 bits (loss 20.192, data 19.381) 
Epoch 6 Iter 3000, train entropy gap 1.0357 bits (loss 20.417, data 19.381) 
Epoch 6 Iter 3200, train entropy gap 1.0661 bits (loss 20.447, data 19.381) 
Epoch 6 Iter 3400, train entropy gap 0.8383 bits (loss 20.219, data 19.381) 
Epoch 6 Iter 3600, train entropy gap 0.7347 bits (loss 20.116, data 19.381) 
Epoch 6 Iter 3800, train entropy gap 0.8987 bits (loss 20.279, data 19.381) 
Epoch 6 Iter 4000, train entropy gap 0.9926 bits (loss 20.373, data 19.381) 
Epoch 6 Iter 4200, train entropy gap 0.8901 bits (loss 20.271, data 19.381) 
Epoch 6 Iter 4400, train entropy gap 0.7832 bits (loss 20.164, data 19.381) 
Epoch 6 Iter 4600, train entropy gap 0.8717 bits (loss 20.253, data 19.381) 
Epoch 6 Iter 4800, train entropy gap 0.9078 bits (loss 20.289, data 19.381) 
Epoch 6 Iter 5000, train entropy gap 0.8269 bits (loss 20.208, data 19.381) 
Epoch 6 Iter 5200, train entropy gap 0.7310 bits (loss 20.112, data 19.381) 
Epoch 6 Iter 5400, train entropy gap 0.9582 bits (loss 20.339, data 19.381) 
Epoch 6 Iter 5600, train entropy gap 0.7776 bits (loss 20.158, data 19.381) 
Epoch 6 Iter 5800, train entropy gap 0.8154 bits (loss 20.196, data 19.381) 
Epoch 6 Iter 6000, train entropy gap 0.8727 bits (loss 20.253, data 19.381) 
Epoch 6 Iter 6200, train entropy gap 0.9967 bits (loss 20.378, data 19.381) 
Epoch 6 Iter 6400, train entropy gap 0.7473 bits (loss 20.128, data 19.381) 
Epoch 6 Iter 6600, train entropy gap 1.0213 bits (loss 20.402, data 19.381) 
Epoch 6 Iter 6800, train entropy gap 0.7016 bits (loss 20.082, data 19.381) 
Epoch 6 Iter 7000, train entropy gap 0.9781 bits (loss 20.359, data 19.381) 
Epoch 6 Iter 7200, train entropy gap 1.0072 bits (loss 20.388, data 19.381) 
epoch 6 train loss 14.0514 nats / 20.2719 bits
time since start: 2078.2 secs
Epoch 7 Iter 0, train entropy gap 0.7221 bits (loss 20.103, data 19.381) 
Epoch 7 Iter 200, train entropy gap 1.0311 bits (loss 20.412, data 19.381) 
Epoch 7 Iter 400, train entropy gap 0.8354 bits (loss 20.216, data 19.381) 
Epoch 7 Iter 600, train entropy gap 0.8410 bits (loss 20.222, data 19.381) 
Epoch 7 Iter 800, train entropy gap 0.9170 bits (loss 20.298, data 19.381) 
Epoch 7 Iter 1000, train entropy gap 0.7201 bits (loss 20.101, data 19.381) 
Epoch 7 Iter 1200, train entropy gap 0.9573 bits (loss 20.338, data 19.381) 
Epoch 7 Iter 1400, train entropy gap 0.7198 bits (loss 20.101, data 19.381) 
Epoch 7 Iter 1600, train entropy gap 0.7760 bits (loss 20.157, data 19.381) 
Epoch 7 Iter 1800, train entropy gap 1.0431 bits (loss 20.424, data 19.381) 
Epoch 7 Iter 2000, train entropy gap 0.7973 bits (loss 20.178, data 19.381) 
Epoch 7 Iter 2200, train entropy gap 1.2261 bits (loss 20.607, data 19.381) 
Epoch 7 Iter 2400, train entropy gap 0.9666 bits (loss 20.347, data 19.381) 
Epoch 7 Iter 2600, train entropy gap 0.8680 bits (loss 20.249, data 19.381) 
Epoch 7 Iter 2800, train entropy gap 0.9740 bits (loss 20.355, data 19.381) 
Epoch 7 Iter 3000, train entropy gap 0.8267 bits (loss 20.208, data 19.381) 
Epoch 7 Iter 3200, train entropy gap 0.7845 bits (loss 20.165, data 19.381) 
Epoch 7 Iter 3400, train entropy gap 0.8343 bits (loss 20.215, data 19.381) 
Epoch 7 Iter 3600, train entropy gap 0.7626 bits (loss 20.143, data 19.381) 
Epoch 7 Iter 3800, train entropy gap 0.9553 bits (loss 20.336, data 19.381) 
Epoch 7 Iter 4000, train entropy gap 1.0700 bits (loss 20.451, data 19.381) 
Epoch 7 Iter 4200, train entropy gap 0.9099 bits (loss 20.291, data 19.381) 
Epoch 7 Iter 4400, train entropy gap 0.7386 bits (loss 20.119, data 19.381) 
Epoch 7 Iter 4600, train entropy gap 0.7760 bits (loss 20.157, data 19.381) 
Epoch 7 Iter 4800, train entropy gap 0.9834 bits (loss 20.364, data 19.381) 
Epoch 7 Iter 5000, train entropy gap 0.8829 bits (loss 20.264, data 19.381) 
Epoch 7 Iter 5200, train entropy gap 0.9835 bits (loss 20.364, data 19.381) 
Epoch 7 Iter 5400, train entropy gap 1.0626 bits (loss 20.443, data 19.381) 
Epoch 7 Iter 5600, train entropy gap 0.5779 bits (loss 19.959, data 19.381) 
Epoch 7 Iter 5800, train entropy gap 0.9636 bits (loss 20.344, data 19.381) 
Epoch 7 Iter 6000, train entropy gap 0.8916 bits (loss 20.272, data 19.381) 
Epoch 7 Iter 6200, train entropy gap 0.9186 bits (loss 20.299, data 19.381) 
Epoch 7 Iter 6400, train entropy gap 0.9358 bits (loss 20.317, data 19.381) 
Epoch 7 Iter 6600, train entropy gap 1.0125 bits (loss 20.393, data 19.381) 
Epoch 7 Iter 6800, train entropy gap 1.0885 bits (loss 20.469, data 19.381) 
Epoch 7 Iter 7000, train entropy gap 0.9386 bits (loss 20.319, data 19.381) 
Epoch 7 Iter 7200, train entropy gap 1.0379 bits (loss 20.419, data 19.381) 
epoch 7 train loss 14.0508 nats / 20.2710 bits
time since start: 2374.9 secs
Epoch 8 Iter 0, train entropy gap 0.9362 bits (loss 20.317, data 19.381) 
Epoch 8 Iter 200, train entropy gap 0.8562 bits (loss 20.237, data 19.381) 
Epoch 8 Iter 400, train entropy gap 0.9112 bits (loss 20.292, data 19.381) 
Epoch 8 Iter 600, train entropy gap 0.9116 bits (loss 20.292, data 19.381) 
Epoch 8 Iter 800, train entropy gap 1.0170 bits (loss 20.398, data 19.381) 
Epoch 8 Iter 1000, train entropy gap 0.9045 bits (loss 20.285, data 19.381) 
Epoch 8 Iter 1200, train entropy gap 0.9529 bits (loss 20.334, data 19.381) 
Epoch 8 Iter 1400, train entropy gap 0.8791 bits (loss 20.260, data 19.381) 
Epoch 8 Iter 1600, train entropy gap 0.9237 bits (loss 20.305, data 19.381) 
Epoch 8 Iter 1800, train entropy gap 0.9654 bits (loss 20.346, data 19.381) 
Epoch 8 Iter 2000, train entropy gap 0.8101 bits (loss 20.191, data 19.381) 
Epoch 8 Iter 2200, train entropy gap 0.9602 bits (loss 20.341, data 19.381) 
Epoch 8 Iter 2400, train entropy gap 0.8373 bits (loss 20.218, data 19.381) 
Epoch 8 Iter 2600, train entropy gap 0.8726 bits (loss 20.253, data 19.381) 
Epoch 8 Iter 2800, train entropy gap 0.8379 bits (loss 20.219, data 19.381) 
Epoch 8 Iter 3000, train entropy gap 0.9445 bits (loss 20.325, data 19.381) 
Epoch 8 Iter 3200, train entropy gap 1.1685 bits (loss 20.549, data 19.381) 
Epoch 8 Iter 3400, train entropy gap 1.2110 bits (loss 20.592, data 19.381) 
Epoch 8 Iter 3600, train entropy gap 0.7830 bits (loss 20.164, data 19.381) 
Epoch 8 Iter 3800, train entropy gap 1.0614 bits (loss 20.442, data 19.381) 
Epoch 8 Iter 4000, train entropy gap 0.8644 bits (loss 20.245, data 19.381) 
Epoch 8 Iter 4200, train entropy gap 0.9294 bits (loss 20.310, data 19.381) 
Epoch 8 Iter 4400, train entropy gap 1.0100 bits (loss 20.391, data 19.381) 
Epoch 8 Iter 4600, train entropy gap 0.8023 bits (loss 20.183, data 19.381) 
Epoch 8 Iter 4800, train entropy gap 0.9376 bits (loss 20.318, data 19.381) 
Epoch 8 Iter 5000, train entropy gap 1.0711 bits (loss 20.452, data 19.381) 
Epoch 8 Iter 5200, train entropy gap 0.7025 bits (loss 20.083, data 19.381) 
Epoch 8 Iter 5400, train entropy gap 0.9132 bits (loss 20.294, data 19.381) 
Epoch 8 Iter 5600, train entropy gap 0.8111 bits (loss 20.192, data 19.381) 
Epoch 8 Iter 5800, train entropy gap 0.8487 bits (loss 20.230, data 19.381) 
Epoch 8 Iter 6000, train entropy gap 0.9369 bits (loss 20.318, data 19.381) 
Epoch 8 Iter 6200, train entropy gap 1.1013 bits (loss 20.482, data 19.381) 
Epoch 8 Iter 6400, train entropy gap 0.8999 bits (loss 20.281, data 19.381) 
Epoch 8 Iter 6600, train entropy gap 0.6894 bits (loss 20.070, data 19.381) 
Epoch 8 Iter 6800, train entropy gap 0.6850 bits (loss 20.066, data 19.381) 
Epoch 8 Iter 7000, train entropy gap 0.8257 bits (loss 20.206, data 19.381) 
Epoch 8 Iter 7200, train entropy gap 0.8152 bits (loss 20.196, data 19.381) 
epoch 8 train loss 14.0509 nats / 20.2711 bits
time since start: 2671.9 secs
Epoch 9 Iter 0, train entropy gap 1.0454 bits (loss 20.426, data 19.381) 
Epoch 9 Iter 200, train entropy gap 0.7938 bits (loss 20.175, data 19.381) 
Epoch 9 Iter 400, train entropy gap 0.9334 bits (loss 20.314, data 19.381) 
Epoch 9 Iter 600, train entropy gap 0.9034 bits (loss 20.284, data 19.381) 
Epoch 9 Iter 800, train entropy gap 0.8695 bits (loss 20.250, data 19.381) 
Epoch 9 Iter 1000, train entropy gap 0.8364 bits (loss 20.217, data 19.381) 
Epoch 9 Iter 1200, train entropy gap 0.8281 bits (loss 20.209, data 19.381) 
Epoch 9 Iter 1400, train entropy gap 0.7372 bits (loss 20.118, data 19.381) 
Epoch 9 Iter 1600, train entropy gap 0.9863 bits (loss 20.367, data 19.381) 
Epoch 9 Iter 1800, train entropy gap 0.8030 bits (loss 20.184, data 19.381) 
Epoch 9 Iter 2000, train entropy gap 0.9642 bits (loss 20.345, data 19.381) 
Epoch 9 Iter 2200, train entropy gap 1.0852 bits (loss 20.466, data 19.381) 
Epoch 9 Iter 2400, train entropy gap 0.8173 bits (loss 20.198, data 19.381) 
Epoch 9 Iter 2600, train entropy gap 1.0527 bits (loss 20.434, data 19.381) 
Epoch 9 Iter 2800, train entropy gap 0.9310 bits (loss 20.312, data 19.381) 
Epoch 9 Iter 3000, train entropy gap 1.0416 bits (loss 20.422, data 19.381) 
Epoch 9 Iter 3200, train entropy gap 1.0007 bits (loss 20.382, data 19.381) 
Epoch 9 Iter 3400, train entropy gap 0.6285 bits (loss 20.009, data 19.381) 
Epoch 9 Iter 3600, train entropy gap 1.0519 bits (loss 20.433, data 19.381) 
Epoch 9 Iter 3800, train entropy gap 1.0321 bits (loss 20.413, data 19.381) 
Epoch 9 Iter 4000, train entropy gap 0.9259 bits (loss 20.307, data 19.381) 
Epoch 9 Iter 4200, train entropy gap 1.0558 bits (loss 20.437, data 19.381) 
Epoch 9 Iter 4400, train entropy gap 1.0609 bits (loss 20.442, data 19.381) 
Epoch 9 Iter 4600, train entropy gap 0.7312 bits (loss 20.112, data 19.381) 
Epoch 9 Iter 4800, train entropy gap 0.7651 bits (loss 20.146, data 19.381) 
Epoch 9 Iter 5000, train entropy gap 0.9507 bits (loss 20.331, data 19.381) 
Epoch 9 Iter 5200, train entropy gap 0.6064 bits (loss 19.987, data 19.381) 
Epoch 9 Iter 5400, train entropy gap 0.7703 bits (loss 20.151, data 19.381) 
Epoch 9 Iter 5600, train entropy gap 1.0025 bits (loss 20.383, data 19.381) 
Epoch 9 Iter 5800, train entropy gap 1.0354 bits (loss 20.416, data 19.381) 
Epoch 9 Iter 6000, train entropy gap 0.9447 bits (loss 20.326, data 19.381) 
Epoch 9 Iter 6200, train entropy gap 0.7667 bits (loss 20.148, data 19.381) 
Epoch 9 Iter 6400, train entropy gap 0.6104 bits (loss 19.991, data 19.381) 
Epoch 9 Iter 6600, train entropy gap 0.7436 bits (loss 20.124, data 19.381) 
Epoch 9 Iter 6800, train entropy gap 1.1615 bits (loss 20.542, data 19.381) 
Epoch 9 Iter 7000, train entropy gap 0.9402 bits (loss 20.321, data 19.381) 
Epoch 9 Iter 7200, train entropy gap 0.9189 bits (loss 20.300, data 19.381) 
epoch 9 train loss 14.0495 nats / 20.2691 bits
time since start: 2969.2 secs
Epoch 10 Iter 0, train entropy gap 0.8116 bits (loss 20.192, data 19.381) 
Epoch 10 Iter 200, train entropy gap 0.8198 bits (loss 20.201, data 19.381) 
Epoch 10 Iter 400, train entropy gap 0.9573 bits (loss 20.338, data 19.381) 
Epoch 10 Iter 600, train entropy gap 0.9321 bits (loss 20.313, data 19.381) 
Epoch 10 Iter 800, train entropy gap 0.8041 bits (loss 20.185, data 19.381) 
Epoch 10 Iter 1000, train entropy gap 0.9667 bits (loss 20.348, data 19.381) 
Epoch 10 Iter 1200, train entropy gap 0.7656 bits (loss 20.146, data 19.381) 
Epoch 10 Iter 1400, train entropy gap 0.9755 bits (loss 20.356, data 19.381) 
Epoch 10 Iter 1600, train entropy gap 0.8770 bits (loss 20.258, data 19.381) 
Epoch 10 Iter 1800, train entropy gap 0.7737 bits (loss 20.154, data 19.381) 
Epoch 10 Iter 2000, train entropy gap 0.8899 bits (loss 20.271, data 19.381) 
Epoch 10 Iter 2200, train entropy gap 1.0327 bits (loss 20.414, data 19.381) 
Epoch 10 Iter 2400, train entropy gap 0.8332 bits (loss 20.214, data 19.381) 
Epoch 10 Iter 2600, train entropy gap 0.6959 bits (loss 20.077, data 19.381) 
Epoch 10 Iter 2800, train entropy gap 0.8452 bits (loss 20.226, data 19.381) 
Epoch 10 Iter 3000, train entropy gap 1.0158 bits (loss 20.397, data 19.381) 
Epoch 10 Iter 3200, train entropy gap 0.7583 bits (loss 20.139, data 19.381) 
Epoch 10 Iter 3400, train entropy gap 1.2102 bits (loss 20.591, data 19.381) 
Epoch 10 Iter 3600, train entropy gap 0.9106 bits (loss 20.291, data 19.381) 
Epoch 10 Iter 3800, train entropy gap 0.8357 bits (loss 20.216, data 19.381) 
Epoch 10 Iter 4000, train entropy gap 0.7208 bits (loss 20.102, data 19.381) 
Epoch 10 Iter 4200, train entropy gap 1.0427 bits (loss 20.424, data 19.381) 
Epoch 10 Iter 4400, train entropy gap 0.8510 bits (loss 20.232, data 19.381) 
Epoch 10 Iter 4600, train entropy gap 0.8585 bits (loss 20.239, data 19.381) 
Epoch 10 Iter 4800, train entropy gap 0.8166 bits (loss 20.197, data 19.381) 
Epoch 10 Iter 5000, train entropy gap 0.8363 bits (loss 20.217, data 19.381) 
Epoch 10 Iter 5200, train entropy gap 0.7293 bits (loss 20.110, data 19.381) 
Epoch 10 Iter 5400, train entropy gap 0.9034 bits (loss 20.284, data 19.381) 
Epoch 10 Iter 5600, train entropy gap 0.8064 bits (loss 20.187, data 19.381) 
Epoch 10 Iter 5800, train entropy gap 0.7363 bits (loss 20.117, data 19.381) 
Epoch 10 Iter 6000, train entropy gap 0.7822 bits (loss 20.163, data 19.381) 
Epoch 10 Iter 6200, train entropy gap 0.9116 bits (loss 20.292, data 19.381) 
Epoch 10 Iter 6400, train entropy gap 0.7277 bits (loss 20.108, data 19.381) 
Epoch 10 Iter 6600, train entropy gap 0.9690 bits (loss 20.350, data 19.381) 
Epoch 10 Iter 6800, train entropy gap 1.0008 bits (loss 20.382, data 19.381) 
Epoch 10 Iter 7000, train entropy gap 1.0127 bits (loss 20.394, data 19.381) 
Epoch 10 Iter 7200, train entropy gap 0.8693 bits (loss 20.250, data 19.381) 
epoch 10 train loss 14.0493 nats / 20.2689 bits
time since start: 3266.4 secs
Epoch 11 Iter 0, train entropy gap 0.9479 bits (loss 20.329, data 19.381) 
Epoch 11 Iter 200, train entropy gap 0.9141 bits (loss 20.295, data 19.381) 
Epoch 11 Iter 400, train entropy gap 1.1635 bits (loss 20.544, data 19.381) 
Epoch 11 Iter 600, train entropy gap 0.8387 bits (loss 20.220, data 19.381) 
Epoch 11 Iter 800, train entropy gap 1.0310 bits (loss 20.412, data 19.381) 
Epoch 11 Iter 1000, train entropy gap 0.7271 bits (loss 20.108, data 19.381) 
Epoch 11 Iter 1200, train entropy gap 0.7145 bits (loss 20.095, data 19.381) 
Epoch 11 Iter 1400, train entropy gap 1.0409 bits (loss 20.422, data 19.381) 
Epoch 11 Iter 1600, train entropy gap 0.8080 bits (loss 20.189, data 19.381) 
Epoch 11 Iter 1800, train entropy gap 0.8651 bits (loss 20.246, data 19.381) 
Epoch 11 Iter 2000, train entropy gap 0.8087 bits (loss 20.189, data 19.381) 
Epoch 11 Iter 2200, train entropy gap 0.8555 bits (loss 20.236, data 19.381) 
Epoch 11 Iter 2400, train entropy gap 0.9431 bits (loss 20.324, data 19.381) 
Epoch 11 Iter 2600, train entropy gap 0.9246 bits (loss 20.305, data 19.381) 
Epoch 11 Iter 2800, train entropy gap 0.8902 bits (loss 20.271, data 19.381) 
Epoch 11 Iter 3000, train entropy gap 0.9217 bits (loss 20.302, data 19.381) 
Epoch 11 Iter 3200, train entropy gap 0.9342 bits (loss 20.315, data 19.381) 
Epoch 11 Iter 3400, train entropy gap 0.9684 bits (loss 20.349, data 19.381) 
Epoch 11 Iter 3600, train entropy gap 0.9011 bits (loss 20.282, data 19.381) 
Epoch 11 Iter 3800, train entropy gap 0.8866 bits (loss 20.267, data 19.381) 
Epoch 11 Iter 4000, train entropy gap 0.6502 bits (loss 20.031, data 19.381) 
Epoch 11 Iter 4200, train entropy gap 0.8410 bits (loss 20.222, data 19.381) 
Epoch 11 Iter 4400, train entropy gap 0.8792 bits (loss 20.260, data 19.381) 
Epoch 11 Iter 4600, train entropy gap 0.9115 bits (loss 20.292, data 19.381) 
Epoch 11 Iter 4800, train entropy gap 0.8530 bits (loss 20.234, data 19.381) 
Epoch 11 Iter 5000, train entropy gap 0.8680 bits (loss 20.249, data 19.381) 
Epoch 11 Iter 5200, train entropy gap 0.9315 bits (loss 20.312, data 19.381) 
Epoch 11 Iter 5400, train entropy gap 0.9472 bits (loss 20.328, data 19.381) 
Epoch 11 Iter 5600, train entropy gap 0.8028 bits (loss 20.184, data 19.381) 
Epoch 11 Iter 5800, train entropy gap 1.0580 bits (loss 20.439, data 19.381) 
Epoch 11 Iter 6000, train entropy gap 0.8180 bits (loss 20.199, data 19.381) 
Epoch 11 Iter 6200, train entropy gap 0.8778 bits (loss 20.259, data 19.381) 
Epoch 11 Iter 6400, train entropy gap 0.5501 bits (loss 19.931, data 19.381) 
Epoch 11 Iter 6600, train entropy gap 0.6442 bits (loss 20.025, data 19.381) 
Epoch 11 Iter 6800, train entropy gap 0.8230 bits (loss 20.204, data 19.381) 
Epoch 11 Iter 7000, train entropy gap 0.6521 bits (loss 20.033, data 19.381) 
Epoch 11 Iter 7200, train entropy gap 0.8082 bits (loss 20.189, data 19.381) 
epoch 11 train loss 14.0493 nats / 20.2688 bits
time since start: 3563.5 secs
Epoch 12 Iter 0, train entropy gap 0.8114 bits (loss 20.192, data 19.381) 
Epoch 12 Iter 200, train entropy gap 0.8506 bits (loss 20.231, data 19.381) 
Epoch 12 Iter 400, train entropy gap 0.8703 bits (loss 20.251, data 19.381) 
Epoch 12 Iter 600, train entropy gap 1.1035 bits (loss 20.484, data 19.381) 
Epoch 12 Iter 800, train entropy gap 0.9617 bits (loss 20.343, data 19.381) 
Epoch 12 Iter 1000, train entropy gap 0.9223 bits (loss 20.303, data 19.381) 
Epoch 12 Iter 1200, train entropy gap 0.8738 bits (loss 20.255, data 19.381) 
Epoch 12 Iter 1400, train entropy gap 1.1029 bits (loss 20.484, data 19.381) 
Epoch 12 Iter 1600, train entropy gap 0.9218 bits (loss 20.303, data 19.381) 
Epoch 12 Iter 1800, train entropy gap 0.9640 bits (loss 20.345, data 19.381) 
Epoch 12 Iter 2000, train entropy gap 0.9202 bits (loss 20.301, data 19.381) 
Epoch 12 Iter 2200, train entropy gap 0.8658 bits (loss 20.247, data 19.381) 
Epoch 12 Iter 2400, train entropy gap 0.9203 bits (loss 20.301, data 19.381) 
Epoch 12 Iter 2600, train entropy gap 0.7955 bits (loss 20.176, data 19.381) 
Epoch 12 Iter 2800, train entropy gap 1.0116 bits (loss 20.392, data 19.381) 
Epoch 12 Iter 3000, train entropy gap 1.0280 bits (loss 20.409, data 19.381) 
Epoch 12 Iter 3200, train entropy gap 1.0240 bits (loss 20.405, data 19.381) 
Epoch 12 Iter 3400, train entropy gap 0.8105 bits (loss 20.191, data 19.381) 
Epoch 12 Iter 3600, train entropy gap 0.9506 bits (loss 20.331, data 19.381) 
Epoch 12 Iter 3800, train entropy gap 0.8492 bits (loss 20.230, data 19.381) 
Epoch 12 Iter 4000, train entropy gap 0.9527 bits (loss 20.333, data 19.381) 
Epoch 12 Iter 4200, train entropy gap 0.9432 bits (loss 20.324, data 19.381) 
Epoch 12 Iter 4400, train entropy gap 0.8908 bits (loss 20.272, data 19.381) 
Epoch 12 Iter 4600, train entropy gap 0.9878 bits (loss 20.369, data 19.381) 
Epoch 12 Iter 4800, train entropy gap 0.8608 bits (loss 20.242, data 19.381) 
Epoch 12 Iter 5000, train entropy gap 0.8980 bits (loss 20.279, data 19.381) 
Epoch 12 Iter 5200, train entropy gap 0.9019 bits (loss 20.283, data 19.381) 
Epoch 12 Iter 5400, train entropy gap 0.9267 bits (loss 20.307, data 19.381) 
Epoch 12 Iter 5600, train entropy gap 0.8856 bits (loss 20.266, data 19.381) 
Epoch 12 Iter 5800, train entropy gap 0.9172 bits (loss 20.298, data 19.381) 
Epoch 12 Iter 6000, train entropy gap 1.0991 bits (loss 20.480, data 19.381) 
Epoch 12 Iter 6200, train entropy gap 0.6238 bits (loss 20.005, data 19.381) 
Epoch 12 Iter 6400, train entropy gap 0.8103 bits (loss 20.191, data 19.381) 
Epoch 12 Iter 6600, train entropy gap 0.9552 bits (loss 20.336, data 19.381) 
Epoch 12 Iter 6800, train entropy gap 0.6643 bits (loss 20.045, data 19.381) 
Epoch 12 Iter 7000, train entropy gap 0.8124 bits (loss 20.193, data 19.381) 
Epoch 12 Iter 7200, train entropy gap 0.8239 bits (loss 20.205, data 19.381) 
epoch 12 train loss 14.0484 nats / 20.2676 bits
time since start: 3860.6 secs
Epoch 13 Iter 0, train entropy gap 0.8357 bits (loss 20.217, data 19.381) 
Epoch 13 Iter 200, train entropy gap 0.8757 bits (loss 20.257, data 19.381) 
Epoch 13 Iter 400, train entropy gap 0.7736 bits (loss 20.154, data 19.381) 
Epoch 13 Iter 600, train entropy gap 0.7339 bits (loss 20.115, data 19.381) 
Epoch 13 Iter 800, train entropy gap 1.0570 bits (loss 20.438, data 19.381) 
Epoch 13 Iter 1000, train entropy gap 0.8689 bits (loss 20.250, data 19.381) 
Epoch 13 Iter 1200, train entropy gap 0.9702 bits (loss 20.351, data 19.381) 
Epoch 13 Iter 1400, train entropy gap 0.7942 bits (loss 20.175, data 19.381) 
Epoch 13 Iter 1600, train entropy gap 0.8361 bits (loss 20.217, data 19.381) 
Epoch 13 Iter 1800, train entropy gap 0.8828 bits (loss 20.264, data 19.381) 
Epoch 13 Iter 2000, train entropy gap 0.8292 bits (loss 20.210, data 19.381) 
Epoch 13 Iter 2200, train entropy gap 0.6659 bits (loss 20.047, data 19.381) 
Epoch 13 Iter 2400, train entropy gap 0.9089 bits (loss 20.290, data 19.381) 
Epoch 13 Iter 2600, train entropy gap 0.6207 bits (loss 20.002, data 19.381) 
Epoch 13 Iter 2800, train entropy gap 0.7473 bits (loss 20.128, data 19.381) 
Epoch 13 Iter 3000, train entropy gap 0.6256 bits (loss 20.006, data 19.381) 
Epoch 13 Iter 3200, train entropy gap 1.0939 bits (loss 20.475, data 19.381) 
Epoch 13 Iter 3400, train entropy gap 0.9139 bits (loss 20.295, data 19.381) 
Epoch 13 Iter 3600, train entropy gap 1.0271 bits (loss 20.408, data 19.381) 
Epoch 13 Iter 3800, train entropy gap 0.8189 bits (loss 20.200, data 19.381) 
Epoch 13 Iter 4000, train entropy gap 0.8190 bits (loss 20.200, data 19.381) 
Epoch 13 Iter 4200, train entropy gap 1.1798 bits (loss 20.561, data 19.381) 
Epoch 13 Iter 4400, train entropy gap 0.9885 bits (loss 20.369, data 19.381) 
Epoch 13 Iter 4600, train entropy gap 0.8120 bits (loss 20.193, data 19.381) 
Epoch 13 Iter 4800, train entropy gap 1.1096 bits (loss 20.490, data 19.381) 
Epoch 13 Iter 5000, train entropy gap 0.7320 bits (loss 20.113, data 19.381) 
Epoch 13 Iter 5200, train entropy gap 0.7817 bits (loss 20.163, data 19.381) 
Epoch 13 Iter 5400, train entropy gap 0.9569 bits (loss 20.338, data 19.381) 
Epoch 13 Iter 5600, train entropy gap 0.9182 bits (loss 20.299, data 19.381) 
Epoch 13 Iter 5800, train entropy gap 0.9674 bits (loss 20.348, data 19.381) 
Epoch 13 Iter 6000, train entropy gap 0.7263 bits (loss 20.107, data 19.381) 
Epoch 13 Iter 6200, train entropy gap 0.9007 bits (loss 20.281, data 19.381) 
Epoch 13 Iter 6400, train entropy gap 0.8251 bits (loss 20.206, data 19.381) 
Epoch 13 Iter 6600, train entropy gap 0.9655 bits (loss 20.346, data 19.381) 
Epoch 13 Iter 6800, train entropy gap 0.9038 bits (loss 20.285, data 19.381) 
Epoch 13 Iter 7000, train entropy gap 0.6950 bits (loss 20.076, data 19.381) 
Epoch 13 Iter 7200, train entropy gap 0.8110 bits (loss 20.192, data 19.381) 
epoch 13 train loss 14.0477 nats / 20.2666 bits
time since start: 4157.2 secs
Epoch 14 Iter 0, train entropy gap 0.6950 bits (loss 20.076, data 19.381) 
Epoch 14 Iter 200, train entropy gap 1.0218 bits (loss 20.403, data 19.381) 
Epoch 14 Iter 400, train entropy gap 0.8924 bits (loss 20.273, data 19.381) 
Epoch 14 Iter 600, train entropy gap 0.7895 bits (loss 20.170, data 19.381) 
Epoch 14 Iter 800, train entropy gap 0.9261 bits (loss 20.307, data 19.381) 
Epoch 14 Iter 1000, train entropy gap 0.8018 bits (loss 20.183, data 19.381) 
Epoch 14 Iter 1200, train entropy gap 1.0285 bits (loss 20.409, data 19.381) 
Epoch 14 Iter 1400, train entropy gap 0.8470 bits (loss 20.228, data 19.381) 
Epoch 14 Iter 1600, train entropy gap 0.9343 bits (loss 20.315, data 19.381) 
Epoch 14 Iter 1800, train entropy gap 0.7987 bits (loss 20.180, data 19.381) 
Epoch 14 Iter 2000, train entropy gap 0.9094 bits (loss 20.290, data 19.381) 
Epoch 14 Iter 2200, train entropy gap 0.7928 bits (loss 20.174, data 19.381) 
Epoch 14 Iter 2400, train entropy gap 0.9898 bits (loss 20.371, data 19.381) 
Epoch 14 Iter 2600, train entropy gap 0.7813 bits (loss 20.162, data 19.381) 
Epoch 14 Iter 2800, train entropy gap 0.7686 bits (loss 20.149, data 19.381) 
Epoch 14 Iter 3000, train entropy gap 0.8442 bits (loss 20.225, data 19.381) 
Epoch 14 Iter 3200, train entropy gap 0.9934 bits (loss 20.374, data 19.381) 
Epoch 14 Iter 3400, train entropy gap 0.7373 bits (loss 20.118, data 19.381) 
Epoch 14 Iter 3600, train entropy gap 0.7751 bits (loss 20.156, data 19.381) 
Epoch 14 Iter 3800, train entropy gap 0.9053 bits (loss 20.286, data 19.381) 
Epoch 14 Iter 4000, train entropy gap 0.9812 bits (loss 20.362, data 19.381) 
Epoch 14 Iter 4200, train entropy gap 0.8130 bits (loss 20.194, data 19.381) 
Epoch 14 Iter 4400, train entropy gap 0.9700 bits (loss 20.351, data 19.381) 
Epoch 14 Iter 4600, train entropy gap 0.7511 bits (loss 20.132, data 19.381) 
Epoch 14 Iter 4800, train entropy gap 0.8193 bits (loss 20.200, data 19.381) 
Epoch 14 Iter 5000, train entropy gap 0.9443 bits (loss 20.325, data 19.381) 
Epoch 14 Iter 5200, train entropy gap 0.9169 bits (loss 20.298, data 19.381) 
Epoch 14 Iter 5400, train entropy gap 1.0394 bits (loss 20.420, data 19.381) 
Epoch 14 Iter 5600, train entropy gap 0.9810 bits (loss 20.362, data 19.381) 
Epoch 14 Iter 5800, train entropy gap 1.0297 bits (loss 20.411, data 19.381) 
Epoch 14 Iter 6000, train entropy gap 0.9242 bits (loss 20.305, data 19.381) 
Epoch 14 Iter 6200, train entropy gap 0.9144 bits (loss 20.295, data 19.381) 
Epoch 14 Iter 6400, train entropy gap 1.0103 bits (loss 20.391, data 19.381) 
Epoch 14 Iter 6600, train entropy gap 0.7943 bits (loss 20.175, data 19.381) 
Epoch 14 Iter 6800, train entropy gap 1.0397 bits (loss 20.421, data 19.381) 
Epoch 14 Iter 7000, train entropy gap 0.9621 bits (loss 20.343, data 19.381) 
Epoch 14 Iter 7200, train entropy gap 0.7581 bits (loss 20.139, data 19.381) 
epoch 14 train loss 14.0478 nats / 20.2667 bits
time since start: 4453.9 secs
Epoch 15 Iter 0, train entropy gap 0.9889 bits (loss 20.370, data 19.381) 
Epoch 15 Iter 200, train entropy gap 0.8318 bits (loss 20.213, data 19.381) 
Epoch 15 Iter 400, train entropy gap 0.8724 bits (loss 20.253, data 19.381) 
Epoch 15 Iter 600, train entropy gap 0.7901 bits (loss 20.171, data 19.381) 
Epoch 15 Iter 800, train entropy gap 0.9365 bits (loss 20.317, data 19.381) 
Epoch 15 Iter 1000, train entropy gap 0.9609 bits (loss 20.342, data 19.381) 
Epoch 15 Iter 1200, train entropy gap 0.6846 bits (loss 20.065, data 19.381) 
Epoch 15 Iter 1400, train entropy gap 1.0198 bits (loss 20.401, data 19.381) 
Epoch 15 Iter 1600, train entropy gap 0.8854 bits (loss 20.266, data 19.381) 
Epoch 15 Iter 1800, train entropy gap 0.8571 bits (loss 20.238, data 19.381) 
Epoch 15 Iter 2000, train entropy gap 0.7448 bits (loss 20.126, data 19.381) 
Epoch 15 Iter 2200, train entropy gap 0.9043 bits (loss 20.285, data 19.381) 
Epoch 15 Iter 2400, train entropy gap 0.7610 bits (loss 20.142, data 19.381) 
Epoch 15 Iter 2600, train entropy gap 1.1309 bits (loss 20.512, data 19.381) 
Epoch 15 Iter 2800, train entropy gap 1.0676 bits (loss 20.448, data 19.381) 
Epoch 15 Iter 3000, train entropy gap 0.7882 bits (loss 20.169, data 19.381) 
Epoch 15 Iter 3200, train entropy gap 1.1047 bits (loss 20.485, data 19.381) 
Epoch 15 Iter 3400, train entropy gap 0.9277 bits (loss 20.309, data 19.381) 
Epoch 15 Iter 3600, train entropy gap 0.8281 bits (loss 20.209, data 19.381) 
Epoch 15 Iter 3800, train entropy gap 0.9884 bits (loss 20.369, data 19.381) 
Epoch 15 Iter 4000, train entropy gap 0.9005 bits (loss 20.281, data 19.381) 
Epoch 15 Iter 4200, train entropy gap 0.8340 bits (loss 20.215, data 19.381) 
Epoch 15 Iter 4400, train entropy gap 0.8129 bits (loss 20.194, data 19.381) 
Epoch 15 Iter 4600, train entropy gap 1.1449 bits (loss 20.526, data 19.381) 
Epoch 15 Iter 4800, train entropy gap 0.9469 bits (loss 20.328, data 19.381) 
Epoch 15 Iter 5000, train entropy gap 0.8187 bits (loss 20.200, data 19.381) 
Epoch 15 Iter 5200, train entropy gap 0.9638 bits (loss 20.345, data 19.381) 
Epoch 15 Iter 5400, train entropy gap 1.0524 bits (loss 20.433, data 19.381) 
Epoch 15 Iter 5600, train entropy gap 1.0072 bits (loss 20.388, data 19.381) 
Epoch 15 Iter 5800, train entropy gap 0.6951 bits (loss 20.076, data 19.381) 
Epoch 15 Iter 6000, train entropy gap 1.0446 bits (loss 20.425, data 19.381) 
Epoch 15 Iter 6200, train entropy gap 0.9971 bits (loss 20.378, data 19.381) 
Epoch 15 Iter 6400, train entropy gap 1.0775 bits (loss 20.458, data 19.381) 
Epoch 15 Iter 6600, train entropy gap 0.7805 bits (loss 20.161, data 19.381) 
Epoch 15 Iter 6800, train entropy gap 0.8313 bits (loss 20.212, data 19.381) 
Epoch 15 Iter 7000, train entropy gap 0.8008 bits (loss 20.182, data 19.381) 
Epoch 15 Iter 7200, train entropy gap 0.8271 bits (loss 20.208, data 19.381) 
epoch 15 train loss 14.0476 nats / 20.2664 bits
time since start: 4750.7 secs
Epoch 16 Iter 0, train entropy gap 0.9587 bits (loss 20.340, data 19.381) 
Epoch 16 Iter 200, train entropy gap 0.7353 bits (loss 20.116, data 19.381) 
Epoch 16 Iter 400, train entropy gap 0.8893 bits (loss 20.270, data 19.381) 
Epoch 16 Iter 600, train entropy gap 0.7155 bits (loss 20.096, data 19.381) 
Epoch 16 Iter 800, train entropy gap 1.0307 bits (loss 20.412, data 19.381) 
Epoch 16 Iter 1000, train entropy gap 0.8780 bits (loss 20.259, data 19.381) 
Epoch 16 Iter 1200, train entropy gap 1.0713 bits (loss 20.452, data 19.381) 
Epoch 16 Iter 1400, train entropy gap 0.8402 bits (loss 20.221, data 19.381) 
Epoch 16 Iter 1600, train entropy gap 0.8773 bits (loss 20.258, data 19.381) 
Epoch 16 Iter 1800, train entropy gap 0.8312 bits (loss 20.212, data 19.381) 
Epoch 16 Iter 2000, train entropy gap 0.8264 bits (loss 20.207, data 19.381) 
Epoch 16 Iter 2200, train entropy gap 1.0015 bits (loss 20.382, data 19.381) 
Epoch 16 Iter 2400, train entropy gap 0.9630 bits (loss 20.344, data 19.381) 
Epoch 16 Iter 2600, train entropy gap 0.8695 bits (loss 20.250, data 19.381) 
Epoch 16 Iter 2800, train entropy gap 0.8957 bits (loss 20.276, data 19.381) 
Epoch 16 Iter 3000, train entropy gap 0.6694 bits (loss 20.050, data 19.381) 
Epoch 16 Iter 3200, train entropy gap 0.7591 bits (loss 20.140, data 19.381) 
Epoch 16 Iter 3400, train entropy gap 0.7807 bits (loss 20.161, data 19.381) 
Epoch 16 Iter 3600, train entropy gap 0.9962 bits (loss 20.377, data 19.381) 
Epoch 16 Iter 3800, train entropy gap 0.8437 bits (loss 20.225, data 19.381) 
Epoch 16 Iter 4000, train entropy gap 0.8849 bits (loss 20.266, data 19.381) 
Epoch 16 Iter 4200, train entropy gap 0.8379 bits (loss 20.219, data 19.381) 
Epoch 16 Iter 4400, train entropy gap 0.8416 bits (loss 20.222, data 19.381) 
Epoch 16 Iter 4600, train entropy gap 1.0142 bits (loss 20.395, data 19.381) 
Epoch 16 Iter 4800, train entropy gap 1.0260 bits (loss 20.407, data 19.381) 
Epoch 16 Iter 5000, train entropy gap 0.7883 bits (loss 20.169, data 19.381) 
Epoch 16 Iter 5200, train entropy gap 0.9196 bits (loss 20.300, data 19.381) 
Epoch 16 Iter 5400, train entropy gap 0.6875 bits (loss 20.068, data 19.381) 
Epoch 16 Iter 5600, train entropy gap 0.8094 bits (loss 20.190, data 19.381) 
Epoch 16 Iter 5800, train entropy gap 1.1000 bits (loss 20.481, data 19.381) 
Epoch 16 Iter 6000, train entropy gap 1.0276 bits (loss 20.408, data 19.381) 
Epoch 16 Iter 6200, train entropy gap 0.8703 bits (loss 20.251, data 19.381) 
Epoch 16 Iter 6400, train entropy gap 0.8779 bits (loss 20.259, data 19.381) 
Epoch 16 Iter 6600, train entropy gap 0.8560 bits (loss 20.237, data 19.381) 
Epoch 16 Iter 6800, train entropy gap 1.0676 bits (loss 20.448, data 19.381) 
Epoch 16 Iter 7000, train entropy gap 0.8162 bits (loss 20.197, data 19.381) 
Epoch 16 Iter 7200, train entropy gap 0.8580 bits (loss 20.239, data 19.381) 
epoch 16 train loss 14.0469 nats / 20.2654 bits
time since start: 5047.3 secs
Epoch 17 Iter 0, train entropy gap 0.7018 bits (loss 20.083, data 19.381) 
Epoch 17 Iter 200, train entropy gap 0.7218 bits (loss 20.103, data 19.381) 
Epoch 17 Iter 400, train entropy gap 0.9180 bits (loss 20.299, data 19.381) 
Epoch 17 Iter 600, train entropy gap 0.8345 bits (loss 20.215, data 19.381) 
Epoch 17 Iter 800, train entropy gap 0.8220 bits (loss 20.203, data 19.381) 
Epoch 17 Iter 1000, train entropy gap 0.8266 bits (loss 20.207, data 19.381) 
Epoch 17 Iter 1200, train entropy gap 0.8429 bits (loss 20.224, data 19.381) 
Epoch 17 Iter 1400, train entropy gap 0.9724 bits (loss 20.353, data 19.381) 
Epoch 17 Iter 1600, train entropy gap 0.6932 bits (loss 20.074, data 19.381) 
Epoch 17 Iter 1800, train entropy gap 0.6894 bits (loss 20.070, data 19.381) 
Epoch 17 Iter 2000, train entropy gap 0.7881 bits (loss 20.169, data 19.381) 
Epoch 17 Iter 2200, train entropy gap 0.9897 bits (loss 20.370, data 19.381) 
Epoch 17 Iter 2400, train entropy gap 0.8763 bits (loss 20.257, data 19.381) 
Epoch 17 Iter 2600, train entropy gap 0.8256 bits (loss 20.206, data 19.381) 
Epoch 17 Iter 2800, train entropy gap 0.7738 bits (loss 20.155, data 19.381) 
Epoch 17 Iter 3000, train entropy gap 0.8877 bits (loss 20.269, data 19.381) 
Epoch 17 Iter 3200, train entropy gap 0.8114 bits (loss 20.192, data 19.381) 
Epoch 17 Iter 3400, train entropy gap 0.8023 bits (loss 20.183, data 19.381) 
Epoch 17 Iter 3600, train entropy gap 0.8564 bits (loss 20.237, data 19.381) 
Epoch 17 Iter 3800, train entropy gap 0.9787 bits (loss 20.360, data 19.381) 
Epoch 17 Iter 4000, train entropy gap 1.0154 bits (loss 20.396, data 19.381) 
Epoch 17 Iter 4200, train entropy gap 1.0362 bits (loss 20.417, data 19.381) 
Epoch 17 Iter 4400, train entropy gap 0.7771 bits (loss 20.158, data 19.381) 
Epoch 17 Iter 4600, train entropy gap 0.8444 bits (loss 20.225, data 19.381) 
Epoch 17 Iter 4800, train entropy gap 0.9637 bits (loss 20.345, data 19.381) 
Epoch 17 Iter 5000, train entropy gap 0.9131 bits (loss 20.294, data 19.381) 
Epoch 17 Iter 5200, train entropy gap 0.7322 bits (loss 20.113, data 19.381) 
Epoch 17 Iter 5400, train entropy gap 0.6743 bits (loss 20.055, data 19.381) 
Epoch 17 Iter 5600, train entropy gap 0.9078 bits (loss 20.289, data 19.381) 
Epoch 17 Iter 5800, train entropy gap 0.9684 bits (loss 20.349, data 19.381) 
Epoch 17 Iter 6000, train entropy gap 0.7538 bits (loss 20.135, data 19.381) 
Epoch 17 Iter 6200, train entropy gap 0.9418 bits (loss 20.323, data 19.381) 
Epoch 17 Iter 6400, train entropy gap 1.1015 bits (loss 20.482, data 19.381) 
Epoch 17 Iter 6600, train entropy gap 1.0261 bits (loss 20.407, data 19.381) 
Epoch 17 Iter 6800, train entropy gap 0.8197 bits (loss 20.201, data 19.381) 
Epoch 17 Iter 7000, train entropy gap 1.0131 bits (loss 20.394, data 19.381) 
Epoch 17 Iter 7200, train entropy gap 0.6412 bits (loss 20.022, data 19.381) 
epoch 17 train loss 14.0468 nats / 20.2653 bits
time since start: 5343.9 secs
Epoch 18 Iter 0, train entropy gap 1.0952 bits (loss 20.476, data 19.381) 
Epoch 18 Iter 200, train entropy gap 0.7530 bits (loss 20.134, data 19.381) 
Epoch 18 Iter 400, train entropy gap 0.9476 bits (loss 20.328, data 19.381) 
Epoch 18 Iter 600, train entropy gap 0.7780 bits (loss 20.159, data 19.381) 
Epoch 18 Iter 800, train entropy gap 0.9488 bits (loss 20.330, data 19.381) 
Epoch 18 Iter 1000, train entropy gap 0.9329 bits (loss 20.314, data 19.381) 
Epoch 18 Iter 1200, train entropy gap 0.8595 bits (loss 20.240, data 19.381) 
Epoch 18 Iter 1400, train entropy gap 0.8289 bits (loss 20.210, data 19.381) 
Epoch 18 Iter 1600, train entropy gap 0.7862 bits (loss 20.167, data 19.381) 
Epoch 18 Iter 1800, train entropy gap 0.6869 bits (loss 20.068, data 19.381) 
Epoch 18 Iter 2000, train entropy gap 0.8158 bits (loss 20.197, data 19.381) 
Epoch 18 Iter 2200, train entropy gap 0.8135 bits (loss 20.194, data 19.381) 
Epoch 18 Iter 2400, train entropy gap 0.7831 bits (loss 20.164, data 19.381) 
Epoch 18 Iter 2600, train entropy gap 0.8832 bits (loss 20.264, data 19.381) 
Epoch 18 Iter 2800, train entropy gap 0.9836 bits (loss 20.364, data 19.381) 
Epoch 18 Iter 3000, train entropy gap 1.0185 bits (loss 20.399, data 19.381) 
Epoch 18 Iter 3200, train entropy gap 0.9485 bits (loss 20.329, data 19.381) 
Epoch 18 Iter 3400, train entropy gap 0.9210 bits (loss 20.302, data 19.381) 
Epoch 18 Iter 3600, train entropy gap 0.8614 bits (loss 20.242, data 19.381) 
Epoch 18 Iter 3800, train entropy gap 0.9268 bits (loss 20.308, data 19.381) 
Epoch 18 Iter 4000, train entropy gap 0.9901 bits (loss 20.371, data 19.381) 
Epoch 18 Iter 4200, train entropy gap 0.8620 bits (loss 20.243, data 19.381) 
Epoch 18 Iter 4400, train entropy gap 0.9952 bits (loss 20.376, data 19.381) 
Epoch 18 Iter 4600, train entropy gap 0.9263 bits (loss 20.307, data 19.381) 
Epoch 18 Iter 4800, train entropy gap 0.7790 bits (loss 20.160, data 19.381) 
Epoch 18 Iter 5000, train entropy gap 0.8349 bits (loss 20.216, data 19.381) 
Epoch 18 Iter 5200, train entropy gap 0.8668 bits (loss 20.248, data 19.381) 
Epoch 18 Iter 5400, train entropy gap 0.8026 bits (loss 20.183, data 19.381) 
Epoch 18 Iter 5600, train entropy gap 0.7729 bits (loss 20.154, data 19.381) 
Epoch 18 Iter 5800, train entropy gap 1.0248 bits (loss 20.406, data 19.381) 
Epoch 18 Iter 6000, train entropy gap 0.8777 bits (loss 20.258, data 19.381) 
Epoch 18 Iter 6200, train entropy gap 0.6575 bits (loss 20.038, data 19.381) 
Epoch 18 Iter 6400, train entropy gap 0.8168 bits (loss 20.198, data 19.381) 
Epoch 18 Iter 6600, train entropy gap 0.7630 bits (loss 20.144, data 19.381) 
Epoch 18 Iter 6800, train entropy gap 0.8876 bits (loss 20.268, data 19.381) 
Epoch 18 Iter 7000, train entropy gap 0.8266 bits (loss 20.207, data 19.381) 
Epoch 18 Iter 7200, train entropy gap 0.8970 bits (loss 20.278, data 19.381) 
epoch 18 train loss 14.0474 nats / 20.2662 bits
time since start: 5640.1 secs
Epoch 19 Iter 0, train entropy gap 0.8761 bits (loss 20.257, data 19.381) 
Epoch 19 Iter 200, train entropy gap 0.8609 bits (loss 20.242, data 19.381) 
Epoch 19 Iter 400, train entropy gap 0.9154 bits (loss 20.296, data 19.381) 
Epoch 19 Iter 600, train entropy gap 0.8656 bits (loss 20.246, data 19.381) 
Epoch 19 Iter 800, train entropy gap 0.8944 bits (loss 20.275, data 19.381) 
Epoch 19 Iter 1000, train entropy gap 0.8756 bits (loss 20.256, data 19.381) 
Epoch 19 Iter 1200, train entropy gap 1.0096 bits (loss 20.390, data 19.381) 
Epoch 19 Iter 1400, train entropy gap 0.8998 bits (loss 20.281, data 19.381) 
Epoch 19 Iter 1600, train entropy gap 0.9392 bits (loss 20.320, data 19.381) 
Epoch 19 Iter 1800, train entropy gap 1.0093 bits (loss 20.390, data 19.381) 
Epoch 19 Iter 2000, train entropy gap 0.9176 bits (loss 20.298, data 19.381) 
Epoch 19 Iter 2200, train entropy gap 1.0490 bits (loss 20.430, data 19.381) 
Epoch 19 Iter 2400, train entropy gap 0.8111 bits (loss 20.192, data 19.381) 
Epoch 19 Iter 2600, train entropy gap 0.9549 bits (loss 20.336, data 19.381) 
Epoch 19 Iter 2800, train entropy gap 0.6554 bits (loss 20.036, data 19.381) 
Epoch 19 Iter 3000, train entropy gap 0.8195 bits (loss 20.200, data 19.381) 
Epoch 19 Iter 3200, train entropy gap 0.7173 bits (loss 20.098, data 19.381) 
Epoch 19 Iter 3400, train entropy gap 0.8673 bits (loss 20.248, data 19.381) 
Epoch 19 Iter 3600, train entropy gap 0.7532 bits (loss 20.134, data 19.381) 
Epoch 19 Iter 3800, train entropy gap 0.7801 bits (loss 20.161, data 19.381) 
Epoch 19 Iter 4000, train entropy gap 0.8566 bits (loss 20.237, data 19.381) 
Epoch 19 Iter 4200, train entropy gap 0.9555 bits (loss 20.336, data 19.381) 
Epoch 19 Iter 4400, train entropy gap 0.9494 bits (loss 20.330, data 19.381) 
Epoch 19 Iter 4600, train entropy gap 0.8168 bits (loss 20.198, data 19.381) 
Epoch 19 Iter 4800, train entropy gap 0.8540 bits (loss 20.235, data 19.381) 
Epoch 19 Iter 5000, train entropy gap 0.7455 bits (loss 20.126, data 19.381) 
Epoch 19 Iter 5200, train entropy gap 0.9444 bits (loss 20.325, data 19.381) 
Epoch 19 Iter 5400, train entropy gap 0.9508 bits (loss 20.332, data 19.381) 
Epoch 19 Iter 5600, train entropy gap 0.7692 bits (loss 20.150, data 19.381) 
Epoch 19 Iter 5800, train entropy gap 1.0252 bits (loss 20.406, data 19.381) 
Epoch 19 Iter 6000, train entropy gap 0.6363 bits (loss 20.017, data 19.381) 
Epoch 19 Iter 6200, train entropy gap 1.1735 bits (loss 20.554, data 19.381) 
Epoch 19 Iter 6400, train entropy gap 1.1355 bits (loss 20.516, data 19.381) 
Epoch 19 Iter 6600, train entropy gap 0.9859 bits (loss 20.367, data 19.381) 
Epoch 19 Iter 6800, train entropy gap 0.6622 bits (loss 20.043, data 19.381) 
Epoch 19 Iter 7000, train entropy gap 0.9162 bits (loss 20.297, data 19.381) 
Epoch 19 Iter 7200, train entropy gap 0.8684 bits (loss 20.249, data 19.381) 
epoch 19 train loss 14.0468 nats / 20.2653 bits
time since start: 5936.3 secs
Training done; evaluating likelihood on full data:
Epoch None Iter 0, test loss 16.6891 nats / 24.0772 bits
Epoch None Iter 500, test loss 15.3926 nats / 22.2068 bits
Epoch None Iter 1000, test loss 13.1791 nats / 19.0135 bits
Epoch None Iter 1500, test loss 12.6787 nats / 18.2916 bits
Epoch None Iter 2000, test loss 13.3197 nats / 19.2162 bits
Epoch None Iter 2500, test loss 12.3453 nats / 17.8105 bits
Epoch None Iter 3000, test loss 13.6559 nats / 19.7014 bits
Epoch None Iter 3500, test loss 15.7135 nats / 22.6698 bits
Epoch None Iter 4000, test loss 12.7867 nats / 18.4473 bits
Epoch None Iter 4500, test loss 17.4346 nats / 25.1528 bits
Epoch None Iter 5000, test loss 17.2637 nats / 24.9062 bits
Epoch None Iter 5500, test loss 13.7440 nats / 19.8284 bits
Epoch None Iter 6000, test loss 13.8169 nats / 19.9336 bits
Epoch None Iter 6500, test loss 12.7008 nats / 18.3234 bits
Epoch None Iter 7000, test loss 15.3913 nats / 22.2050 bits
Saved to:
models/dmv-2.6MB-model20.251-data19.381-flash-blocks2-embed_dim128-expansion_factor2.0-group_size2-posEmb-20epochs-seed0.pt
